<?xml version="1.0" encoding="UTF-8"?>
<testsuite name="com.yeseong.book.springboot.web.PostsApiControllerTest" tests="2" skipped="0" failures="0" errors="0" timestamp="2021-08-14T06:28:26" hostname="dpdjv" time="0.043">
  <properties/>
  <testcase name="Posts_등록된다" classname="com.yeseong.book.springboot.web.PostsApiControllerTest" time="0.021"/>
  <testcase name="Posts_수정된다" classname="com.yeseong.book.springboot.web.PostsApiControllerTest" time="0.022"/>
  <system-out><![CDATA[2021-08-14 15:28:26.612  INFO 20148 --- [    Test worker] .b.t.c.SpringBootTestContextBootstrapper : Neither @ContextConfiguration nor @ContextHierarchy found for test class [com.yeseong.book.springboot.web.PostsApiControllerTest], using SpringBootContextLoader
2021-08-14 15:28:26.613  INFO 20148 --- [    Test worker] o.s.t.c.support.AbstractContextLoader    : Could not detect default resource locations for test class [com.yeseong.book.springboot.web.PostsApiControllerTest]: no resource found for suffixes {-context.xml, Context.groovy}.
2021-08-14 15:28:26.613  INFO 20148 --- [    Test worker] t.c.s.AnnotationConfigContextLoaderUtils : Could not detect default configuration classes for test class [com.yeseong.book.springboot.web.PostsApiControllerTest]: PostsApiControllerTest does not declare any static, non-private, non-final, nested classes annotated with @Configuration.
2021-08-14 15:28:26.614  INFO 20148 --- [    Test worker] .b.t.c.SpringBootTestContextBootstrapper : Found @SpringBootConfiguration com.yeseong.book.springboot.Application for test class com.yeseong.book.springboot.web.PostsApiControllerTest
2021-08-14 15:28:26.614  INFO 20148 --- [    Test worker] .b.t.c.SpringBootTestContextBootstrapper : Loaded default TestExecutionListener class names from location [META-INF/spring.factories]: [org.springframework.security.test.context.support.WithSecurityContextTestExecutionListener, org.springframework.security.test.context.support.ReactorContextTestExecutionListener, org.springframework.test.context.web.ServletTestExecutionListener, org.springframework.test.context.support.DirtiesContextBeforeModesTestExecutionListener, org.springframework.test.context.support.DependencyInjectionTestExecutionListener, org.springframework.test.context.support.DirtiesContextTestExecutionListener, org.springframework.test.context.transaction.TransactionalTestExecutionListener, org.springframework.test.context.jdbc.SqlScriptsTestExecutionListener, org.springframework.boot.test.autoconfigure.restdocs.RestDocsTestExecutionListener, org.springframework.boot.test.autoconfigure.web.client.MockRestServiceServerResetTestExecutionListener, org.springframework.boot.test.autoconfigure.web.servlet.MockMvcPrintOnlyOnFailureTestExecutionListener, org.springframework.boot.test.autoconfigure.web.servlet.WebDriverTestExecutionListener, org.springframework.boot.test.mock.mockito.MockitoTestExecutionListener, org.springframework.boot.test.mock.mockito.ResetMocksTestExecutionListener]
2021-08-14 15:28:26.615  INFO 20148 --- [    Test worker] .b.t.c.SpringBootTestContextBootstrapper : Using TestExecutionListeners: [org.springframework.test.context.web.ServletTestExecutionListener@b79f470, org.springframework.test.context.support.DirtiesContextBeforeModesTestExecutionListener@44ceac1f, org.springframework.boot.test.mock.mockito.MockitoTestExecutionListener@2c813a16, org.springframework.boot.test.autoconfigure.SpringBootDependencyInjectionTestExecutionListener@31d85461, org.springframework.test.context.support.DirtiesContextTestExecutionListener@75c6fc5e, org.springframework.test.context.transaction.TransactionalTestExecutionListener@445918ad, org.springframework.test.context.jdbc.SqlScriptsTestExecutionListener@612ddbba, org.springframework.security.test.context.support.WithSecurityContextTestExecutionListener@12a5e0a2, org.springframework.security.test.context.support.ReactorContextTestExecutionListener@5043caa4, org.springframework.boot.test.autoconfigure.restdocs.RestDocsTestExecutionListener@5cd33c71, org.springframework.boot.test.autoconfigure.web.client.MockRestServiceServerResetTestExecutionListener@53acdc5a, org.springframework.boot.test.autoconfigure.web.servlet.MockMvcPrintOnlyOnFailureTestExecutionListener@6e31867d, org.springframework.boot.test.autoconfigure.web.servlet.WebDriverTestExecutionListener@20e977f5, org.springframework.boot.test.mock.mockito.ResetMocksTestExecutionListener@659ce72d]
2021-08-14 15:28:26.619  INFO 20148 --- [    Test worker] o.a.c.c.C.[Tomcat].[localhost].[/]       : Initializing Spring TestDispatcherServlet ''
2021-08-14 15:28:26.619  INFO 20148 --- [    Test worker] o.s.t.web.servlet.TestDispatcherServlet  : Initializing Servlet ''
2021-08-14 15:28:26.621  INFO 20148 --- [    Test worker] o.s.t.web.servlet.TestDispatcherServlet  : Completed initialization in 2 ms
Hibernate: insert into posts (created_date, modified_date, author, content, title) values (?, ?, ?, ?, ?)
Hibernate: select posts0_.id as id1_1_, posts0_.created_date as created_2_1_, posts0_.modified_date as modified3_1_, posts0_.author as author4_1_, posts0_.content as content5_1_, posts0_.title as title6_1_ from posts posts0_
Hibernate: select posts0_.id as id1_1_, posts0_.created_date as created_2_1_, posts0_.modified_date as modified3_1_, posts0_.author as author4_1_, posts0_.content as content5_1_, posts0_.title as title6_1_ from posts posts0_
Hibernate: delete from posts where id=?
2021-08-14 15:28:26.640  INFO 20148 --- [    Test worker] o.a.c.c.C.[Tomcat].[localhost].[/]       : Initializing Spring TestDispatcherServlet ''
2021-08-14 15:28:26.640  INFO 20148 --- [    Test worker] o.s.t.web.servlet.TestDispatcherServlet  : Initializing Servlet ''
2021-08-14 15:28:26.642  INFO 20148 --- [    Test worker] o.s.t.web.servlet.TestDispatcherServlet  : Completed initialization in 2 ms
Hibernate: insert into posts (created_date, modified_date, author, content, title) values (?, ?, ?, ?, ?)
Hibernate: select posts0_.id as id1_1_0_, posts0_.created_date as created_2_1_0_, posts0_.modified_date as modified3_1_0_, posts0_.author as author4_1_0_, posts0_.content as content5_1_0_, posts0_.title as title6_1_0_ from posts posts0_ where posts0_.id=?
Hibernate: update posts set created_date=?, modified_date=?, author=?, content=?, title=? where id=?
Hibernate: select posts0_.id as id1_1_, posts0_.created_date as created_2_1_, posts0_.modified_date as modified3_1_, posts0_.author as author4_1_, posts0_.content as content5_1_, posts0_.title as title6_1_ from posts posts0_
Hibernate: select posts0_.id as id1_1_, posts0_.created_date as created_2_1_, posts0_.modified_date as modified3_1_, posts0_.author as author4_1_, posts0_.content as content5_1_, posts0_.title as title6_1_ from posts posts0_
Hibernate: delete from posts where id=?
]]></system-out>
  <system-err><![CDATA[]]></system-err>
</testsuite>
