<?xml version="1.0" encoding="UTF-8"?>
<testsuite name="com.yeseong.book.springboot.web.ProfileControllerTest" tests="1" skipped="0" failures="0" errors="0" timestamp="2021-08-14T07:25:58" hostname="dpdjv" time="0.008">
  <properties/>
  <testcase name="profile은_인증없이_호출된다" classname="com.yeseong.book.springboot.web.ProfileControllerTest" time="0.008"/>
  <system-out><![CDATA[2021-08-14 16:25:58.200  INFO 5840 --- [    Test worker] .b.t.c.SpringBootTestContextBootstrapper : Neither @ContextConfiguration nor @ContextHierarchy found for test class [com.yeseong.book.springboot.web.ProfileControllerTest], using SpringBootContextLoader
2021-08-14 16:25:58.200  INFO 5840 --- [    Test worker] o.s.t.c.support.AbstractContextLoader    : Could not detect default resource locations for test class [com.yeseong.book.springboot.web.ProfileControllerTest]: no resource found for suffixes {-context.xml, Context.groovy}.
2021-08-14 16:25:58.200  INFO 5840 --- [    Test worker] t.c.s.AnnotationConfigContextLoaderUtils : Could not detect default configuration classes for test class [com.yeseong.book.springboot.web.ProfileControllerTest]: ProfileControllerTest does not declare any static, non-private, non-final, nested classes annotated with @Configuration.
2021-08-14 16:25:58.201  INFO 5840 --- [    Test worker] .b.t.c.SpringBootTestContextBootstrapper : Found @SpringBootConfiguration com.yeseong.book.springboot.Application for test class com.yeseong.book.springboot.web.ProfileControllerTest
2021-08-14 16:25:58.202  INFO 5840 --- [    Test worker] .b.t.c.SpringBootTestContextBootstrapper : Loaded default TestExecutionListener class names from location [META-INF/spring.factories]: [org.springframework.security.test.context.support.WithSecurityContextTestExecutionListener, org.springframework.security.test.context.support.ReactorContextTestExecutionListener, org.springframework.test.context.web.ServletTestExecutionListener, org.springframework.test.context.support.DirtiesContextBeforeModesTestExecutionListener, org.springframework.test.context.support.DependencyInjectionTestExecutionListener, org.springframework.test.context.support.DirtiesContextTestExecutionListener, org.springframework.test.context.transaction.TransactionalTestExecutionListener, org.springframework.test.context.jdbc.SqlScriptsTestExecutionListener, org.springframework.boot.test.autoconfigure.restdocs.RestDocsTestExecutionListener, org.springframework.boot.test.autoconfigure.web.client.MockRestServiceServerResetTestExecutionListener, org.springframework.boot.test.autoconfigure.web.servlet.MockMvcPrintOnlyOnFailureTestExecutionListener, org.springframework.boot.test.autoconfigure.web.servlet.WebDriverTestExecutionListener, org.springframework.boot.test.mock.mockito.MockitoTestExecutionListener, org.springframework.boot.test.mock.mockito.ResetMocksTestExecutionListener]
2021-08-14 16:25:58.202  INFO 5840 --- [    Test worker] .b.t.c.SpringBootTestContextBootstrapper : Using TestExecutionListeners: [org.springframework.test.context.web.ServletTestExecutionListener@73a34e1d, org.springframework.test.context.support.DirtiesContextBeforeModesTestExecutionListener@443b5c7, org.springframework.boot.test.mock.mockito.MockitoTestExecutionListener@46f1c05c, org.springframework.boot.test.autoconfigure.SpringBootDependencyInjectionTestExecutionListener@771e65a2, org.springframework.test.context.support.DirtiesContextTestExecutionListener@1ea40efa, org.springframework.test.context.transaction.TransactionalTestExecutionListener@7d07d64, org.springframework.test.context.jdbc.SqlScriptsTestExecutionListener@4febaee2, org.springframework.security.test.context.support.WithSecurityContextTestExecutionListener@4bdcf1c8, org.springframework.security.test.context.support.ReactorContextTestExecutionListener@75b1e597, org.springframework.boot.test.autoconfigure.restdocs.RestDocsTestExecutionListener@710e8d18, org.springframework.boot.test.autoconfigure.web.client.MockRestServiceServerResetTestExecutionListener@6300b165, org.springframework.boot.test.autoconfigure.web.servlet.MockMvcPrintOnlyOnFailureTestExecutionListener@4f7e5e7c, org.springframework.boot.test.autoconfigure.web.servlet.WebDriverTestExecutionListener@35199759, org.springframework.boot.test.mock.mockito.ResetMocksTestExecutionListener@30faaaaf]
]]></system-out>
  <system-err><![CDATA[]]></system-err>
</testsuite>
