<?xml version="1.0" encoding="UTF-8"?>
<testsuite name="com.yeseong.book.springboot.web.HelloControllerTest" tests="2" skipped="0" failures="0" errors="0" timestamp="2021-08-14T07:25:57" hostname="dpdjv" time="0.032">
  <properties/>
  <testcase name="hello가_리턴된다" classname="com.yeseong.book.springboot.web.HelloControllerTest" time="0.011"/>
  <testcase name="helloDto가_리턴된다" classname="com.yeseong.book.springboot.web.HelloControllerTest" time="0.021"/>
  <system-out><![CDATA[2021-08-14 16:25:57.426  INFO 5840 --- [    Test worker] .b.t.a.w.s.WebMvcTestContextBootstrapper : Neither @ContextConfiguration nor @ContextHierarchy found for test class [com.yeseong.book.springboot.web.HelloControllerTest], using SpringBootContextLoader
2021-08-14 16:25:57.426  INFO 5840 --- [    Test worker] o.s.t.c.support.AbstractContextLoader    : Could not detect default resource locations for test class [com.yeseong.book.springboot.web.HelloControllerTest]: no resource found for suffixes {-context.xml, Context.groovy}.
2021-08-14 16:25:57.426  INFO 5840 --- [    Test worker] t.c.s.AnnotationConfigContextLoaderUtils : Could not detect default configuration classes for test class [com.yeseong.book.springboot.web.HelloControllerTest]: HelloControllerTest does not declare any static, non-private, non-final, nested classes annotated with @Configuration.
2021-08-14 16:25:57.435  INFO 5840 --- [    Test worker] .b.t.c.SpringBootTestContextBootstrapper : Found @SpringBootConfiguration com.yeseong.book.springboot.Application for test class com.yeseong.book.springboot.web.HelloControllerTest
2021-08-14 16:25:57.435  INFO 5840 --- [    Test worker] .b.t.a.w.s.WebMvcTestContextBootstrapper : Loaded default TestExecutionListener class names from location [META-INF/spring.factories]: [org.springframework.security.test.context.support.WithSecurityContextTestExecutionListener, org.springframework.security.test.context.support.ReactorContextTestExecutionListener, org.springframework.test.context.web.ServletTestExecutionListener, org.springframework.test.context.support.DirtiesContextBeforeModesTestExecutionListener, org.springframework.test.context.support.DependencyInjectionTestExecutionListener, org.springframework.test.context.support.DirtiesContextTestExecutionListener, org.springframework.test.context.transaction.TransactionalTestExecutionListener, org.springframework.test.context.jdbc.SqlScriptsTestExecutionListener, org.springframework.boot.test.autoconfigure.restdocs.RestDocsTestExecutionListener, org.springframework.boot.test.autoconfigure.web.client.MockRestServiceServerResetTestExecutionListener, org.springframework.boot.test.autoconfigure.web.servlet.MockMvcPrintOnlyOnFailureTestExecutionListener, org.springframework.boot.test.autoconfigure.web.servlet.WebDriverTestExecutionListener, org.springframework.boot.test.mock.mockito.MockitoTestExecutionListener, org.springframework.boot.test.mock.mockito.ResetMocksTestExecutionListener]
2021-08-14 16:25:57.436  INFO 5840 --- [    Test worker] .b.t.a.w.s.WebMvcTestContextBootstrapper : Using TestExecutionListeners: [org.springframework.test.context.web.ServletTestExecutionListener@127b83d2, org.springframework.test.context.support.DirtiesContextBeforeModesTestExecutionListener@d403932, org.springframework.boot.test.mock.mockito.MockitoTestExecutionListener@4833c523, org.springframework.boot.test.autoconfigure.SpringBootDependencyInjectionTestExecutionListener@13725787, org.springframework.test.context.support.DirtiesContextTestExecutionListener@5dd92328, org.springframework.test.context.transaction.TransactionalTestExecutionListener@51dc1808, org.springframework.test.context.jdbc.SqlScriptsTestExecutionListener@710d5cd, org.springframework.security.test.context.support.WithSecurityContextTestExecutionListener@65f64c7, org.springframework.security.test.context.support.ReactorContextTestExecutionListener@128bc747, org.springframework.boot.test.autoconfigure.restdocs.RestDocsTestExecutionListener@23268146, org.springframework.boot.test.autoconfigure.web.client.MockRestServiceServerResetTestExecutionListener@22999652, org.springframework.boot.test.autoconfigure.web.servlet.MockMvcPrintOnlyOnFailureTestExecutionListener@5f1da79a, org.springframework.boot.test.autoconfigure.web.servlet.WebDriverTestExecutionListener@13e0e2c1, org.springframework.boot.test.mock.mockito.ResetMocksTestExecutionListener@45b7d4a]

  .   ____          _            __ _ _
 /\\ / ___'_ __ _ _(_)_ __  __ _ \ \ \ \
( ( )\___ | '_ | '_| | '_ \/ _` | \ \ \ \
 \\/  ___)| |_)| | | | | || (_| |  ) ) ) )
  '  |____| .__|_| |_|_| |_\__, | / / / /
 =========|_|==============|___/=/_/_/_/
 :: Spring Boot ::        (v2.1.7.RELEASE)

2021-08-14 16:25:57.461  INFO 5840 --- [    Test worker] c.y.b.s.web.HelloControllerTest          : Starting HelloControllerTest on dpdjv with PID 5840 (started by dpdjv in C:\Yeseong31\Study\SpringBoot2\springboot-webservice)
2021-08-14 16:25:57.462  INFO 5840 --- [    Test worker] c.y.b.s.web.HelloControllerTest          : No active profile set, falling back to default profiles: default
2021-08-14 16:25:57.732  INFO 5840 --- [    Test worker] o.s.s.concurrent.ThreadPoolTaskExecutor  : Initializing ExecutorService 'applicationTaskExecutor'
2021-08-14 16:25:57.752  INFO 5840 --- [    Test worker] o.s.b.a.w.s.WelcomePageHandlerMapping    : Adding welcome page template: index
2021-08-14 16:25:57.887  INFO 5840 --- [    Test worker] .s.s.UserDetailsServiceAutoConfiguration : 

Using generated security password: 47e5cdfb-46f5-4aa6-a163-743e9ad22408

2021-08-14 16:25:57.967  INFO 5840 --- [    Test worker] o.s.s.web.DefaultSecurityFilterChain     : Creating filter chain: any request, [org.springframework.security.web.context.request.async.WebAsyncManagerIntegrationFilter@760ee237, org.springframework.security.web.context.SecurityContextPersistenceFilter@d797240, org.springframework.security.web.header.HeaderWriterFilter@57f77f8, org.springframework.security.web.csrf.CsrfFilter@333c3891, org.springframework.security.web.authentication.logout.LogoutFilter@5fc500cc, org.springframework.security.web.authentication.UsernamePasswordAuthenticationFilter@ea5a47b, org.springframework.security.web.authentication.ui.DefaultLoginPageGeneratingFilter@14f5977d, org.springframework.security.web.authentication.ui.DefaultLogoutPageGeneratingFilter@4eb57562, org.springframework.security.web.authentication.www.BasicAuthenticationFilter@6fbe62e0, org.springframework.security.web.savedrequest.RequestCacheAwareFilter@141b5e0c, org.springframework.security.web.servletapi.SecurityContextHolderAwareRequestFilter@6a253bc0, org.springframework.security.web.authentication.AnonymousAuthenticationFilter@5200a736, org.springframework.security.web.session.SessionManagementFilter@57d53f76, org.springframework.security.web.access.ExceptionTranslationFilter@4a0a7e35, org.springframework.security.web.access.intercept.FilterSecurityInterceptor@703942c0]
2021-08-14 16:25:57.976  INFO 5840 --- [    Test worker] o.s.b.t.m.w.SpringBootMockServletContext : Initializing Spring TestDispatcherServlet ''
2021-08-14 16:25:57.976  INFO 5840 --- [    Test worker] o.s.t.web.servlet.TestDispatcherServlet  : Initializing Servlet ''
2021-08-14 16:25:57.977  INFO 5840 --- [    Test worker] o.s.t.web.servlet.TestDispatcherServlet  : Completed initialization in 1 ms
2021-08-14 16:25:57.994  INFO 5840 --- [    Test worker] c.y.b.s.web.HelloControllerTest          : Started HelloControllerTest in 0.554 seconds (JVM running for 5.689)
]]></system-out>
  <system-err><![CDATA[]]></system-err>
</testsuite>
