<?xml version="1.0" encoding="UTF-8"?>
<testsuite name="com.yeseong.book.springboot.web.BoardApiControllerTest" tests="1" skipped="0" failures="0" errors="0" timestamp="2021-08-13T07:55:59" hostname="DPDJV" time="0.149">
  <properties/>
  <testcase name="Board_등록된다()" classname="com.yeseong.book.springboot.web.BoardApiControllerTest" time="0.149"/>
  <system-out><![CDATA[2021-08-13 16:55:58.071  INFO 10344 --- [    Test worker] .b.t.c.SpringBootTestContextBootstrapper : Neither @ContextConfiguration nor @ContextHierarchy found for test class [com.yeseong.book.springboot.web.BoardApiControllerTest], using SpringBootContextLoader
2021-08-13 16:55:58.071  INFO 10344 --- [    Test worker] o.s.t.c.support.AbstractContextLoader    : Could not detect default resource locations for test class [com.yeseong.book.springboot.web.BoardApiControllerTest]: no resource found for suffixes {-context.xml, Context.groovy}.
2021-08-13 16:55:58.071  INFO 10344 --- [    Test worker] t.c.s.AnnotationConfigContextLoaderUtils : Could not detect default configuration classes for test class [com.yeseong.book.springboot.web.BoardApiControllerTest]: BoardApiControllerTest does not declare any static, non-private, non-final, nested classes annotated with @Configuration.
2021-08-13 16:55:58.087  INFO 10344 --- [    Test worker] .b.t.c.SpringBootTestContextBootstrapper : Found @SpringBootConfiguration com.yeseong.book.springboot.Application for test class com.yeseong.book.springboot.web.BoardApiControllerTest
2021-08-13 16:55:58.087  INFO 10344 --- [    Test worker] .b.t.c.SpringBootTestContextBootstrapper : Loaded default TestExecutionListener class names from location [META-INF/spring.factories]: [org.springframework.security.test.context.support.WithSecurityContextTestExecutionListener, org.springframework.security.test.context.support.ReactorContextTestExecutionListener, org.springframework.boot.test.autoconfigure.restdocs.RestDocsTestExecutionListener, org.springframework.boot.test.autoconfigure.web.client.MockRestServiceServerResetTestExecutionListener, org.springframework.boot.test.autoconfigure.web.servlet.MockMvcPrintOnlyOnFailureTestExecutionListener, org.springframework.boot.test.autoconfigure.web.servlet.WebDriverTestExecutionListener, org.springframework.boot.test.autoconfigure.webservices.client.MockWebServiceServerTestExecutionListener, org.springframework.boot.test.mock.mockito.MockitoTestExecutionListener, org.springframework.boot.test.mock.mockito.ResetMocksTestExecutionListener, org.springframework.test.context.web.ServletTestExecutionListener, org.springframework.test.context.support.DirtiesContextBeforeModesTestExecutionListener, org.springframework.test.context.support.DependencyInjectionTestExecutionListener, org.springframework.test.context.support.DirtiesContextTestExecutionListener, org.springframework.test.context.transaction.TransactionalTestExecutionListener, org.springframework.test.context.jdbc.SqlScriptsTestExecutionListener, org.springframework.test.context.event.EventPublishingTestExecutionListener]
2021-08-13 16:55:58.087  INFO 10344 --- [    Test worker] .b.t.c.SpringBootTestContextBootstrapper : Using TestExecutionListeners: [org.springframework.test.context.web.ServletTestExecutionListener@130dfd64, org.springframework.test.context.support.DirtiesContextBeforeModesTestExecutionListener@1465be6, org.springframework.boot.test.mock.mockito.MockitoTestExecutionListener@6e0988ce, org.springframework.boot.test.autoconfigure.SpringBootDependencyInjectionTestExecutionListener@65a43c7b, org.springframework.test.context.support.DirtiesContextTestExecutionListener@19be0b76, org.springframework.test.context.transaction.TransactionalTestExecutionListener@2a94eacc, org.springframework.test.context.jdbc.SqlScriptsTestExecutionListener@8f958a8, org.springframework.security.test.context.support.WithSecurityContextTestExecutionListener@4cfafa28, org.springframework.test.context.event.EventPublishingTestExecutionListener@2576ad7a, org.springframework.security.test.context.support.ReactorContextTestExecutionListener@2839e192, org.springframework.boot.test.autoconfigure.restdocs.RestDocsTestExecutionListener@6ac7d025, org.springframework.boot.test.autoconfigure.web.client.MockRestServiceServerResetTestExecutionListener@71774cef, org.springframework.boot.test.autoconfigure.web.servlet.MockMvcPrintOnlyOnFailureTestExecutionListener@61fa32c6, org.springframework.boot.test.autoconfigure.web.servlet.WebDriverTestExecutionListener@6a87a1a, org.springframework.boot.test.autoconfigure.webservices.client.MockWebServiceServerTestExecutionListener@52bac412, org.springframework.boot.test.mock.mockito.ResetMocksTestExecutionListener@19e1ea9e]

  .   ____          _            __ _ _
 /\\ / ___'_ __ _ _(_)_ __  __ _ \ \ \ \
( ( )\___ | '_ | '_| | '_ \/ _` | \ \ \ \
 \\/  ___)| |_)| | | | | || (_| |  ) ) ) )
  '  |____| .__|_| |_|_| |_\__, | / / / /
 =========|_|==============|___/=/_/_/_/
 :: Spring Boot ::                (v2.4.1)

2021-08-13 16:55:58.119  INFO 10344 --- [    Test worker] c.y.b.s.web.BoardApiControllerTest       : Starting BoardApiControllerTest using Java 1.8.0_302 on dpdjv with PID 10344 (started by dpdjv in C:\Yeseong31\Study\SpringBoot2\springboot-webservice)
2021-08-13 16:55:58.120  INFO 10344 --- [    Test worker] c.y.b.s.web.BoardApiControllerTest       : No active profile set, falling back to default profiles: default
2021-08-13 16:55:58.265  INFO 10344 --- [    Test worker] .s.d.r.c.RepositoryConfigurationDelegate : Bootstrapping Spring Data JPA repositories in DEFAULT mode.
2021-08-13 16:55:58.280  INFO 10344 --- [    Test worker] .s.d.r.c.RepositoryConfigurationDelegate : Finished Spring Data repository scanning in 16 ms. Found 3 JPA repository interfaces.
2021-08-13 16:55:58.566  INFO 10344 --- [    Test worker] o.s.b.w.embedded.tomcat.TomcatWebServer  : Tomcat initialized with port(s): 0 (http)
2021-08-13 16:55:58.575  INFO 10344 --- [    Test worker] o.apache.catalina.core.StandardService   : Starting service [Tomcat]
2021-08-13 16:55:58.576  INFO 10344 --- [    Test worker] org.apache.catalina.core.StandardEngine  : Starting Servlet engine: [Apache Tomcat/9.0.41]
2021-08-13 16:55:58.660  INFO 10344 --- [    Test worker] o.a.c.c.C.[Tomcat].[localhost].[/]       : Initializing Spring embedded WebApplicationContext
2021-08-13 16:55:58.660  INFO 10344 --- [    Test worker] w.s.c.ServletWebServerApplicationContext : Root WebApplicationContext: initialization completed in 537 ms
2021-08-13 16:55:58.699  INFO 10344 --- [    Test worker] com.zaxxer.hikari.HikariDataSource       : HikariPool-2 - Starting...
2021-08-13 16:55:58.699  INFO 10344 --- [    Test worker] com.zaxxer.hikari.HikariDataSource       : HikariPool-2 - Start completed.
2021-08-13 16:55:58.699  INFO 10344 --- [    Test worker] o.s.b.a.h2.H2ConsoleAutoConfiguration    : H2 console available at '/h2-console'. Database available at 'jdbc:h2:mem:testdb'
2021-08-13 16:55:58.793  INFO 10344 --- [    Test worker] o.hibernate.jpa.internal.util.LogHelper  : HHH000204: Processing PersistenceUnitInfo [name: default]
2021-08-13 16:55:58.793  INFO 10344 --- [    Test worker] org.hibernate.dialect.Dialect            : HHH000400: Using dialect: org.hibernate.dialect.MySQL57Dialect
Hibernate: drop table if exists board
Hibernate: drop table if exists posts
Hibernate: drop table if exists user
Hibernate: create table board (id bigint not null auto_increment, created_date datetime(6), modified_date datetime(6), building_year integer, ccd varchar(100), complex_name varchar(100), contract_day integer, contract_year_month integer, dedicated_area double precision, floor integer, house_num varchar(26), main_num varchar(26), road_name varchar(100), rrod integer, secondary_num varchar(26), transaction_amount integer, primary key (id)) engine=InnoDB
Hibernate: create table posts (id bigint not null auto_increment, created_date datetime(6), modified_date datetime(6), author varchar(255), content TEXT not null, title varchar(500) not null, primary key (id)) engine=InnoDB
Hibernate: create table user (id bigint not null auto_increment, created_date datetime(6), modified_date datetime(6), email varchar(255) not null, name varchar(255) not null, picture varchar(255), role varchar(255) not null, primary key (id)) engine=InnoDB
2021-08-13 16:55:58.840  INFO 10344 --- [    Test worker] o.h.e.t.j.p.i.JtaPlatformInitiator       : HHH000490: Using JtaPlatform implementation: [org.hibernate.engine.transaction.jta.platform.internal.NoJtaPlatform]
2021-08-13 16:55:58.840  INFO 10344 --- [    Test worker] j.LocalContainerEntityManagerFactoryBean : Initialized JPA EntityManagerFactory for persistence unit 'default'
2021-08-13 16:55:59.064  WARN 10344 --- [    Test worker] JpaBaseConfiguration$JpaWebConfiguration : spring.jpa.open-in-view is enabled by default. Therefore, database queries may be performed during view rendering. Explicitly configure spring.jpa.open-in-view to disable this warning
2021-08-13 16:55:59.251  INFO 10344 --- [    Test worker] o.s.s.web.DefaultSecurityFilterChain     : Will secure any request with [org.springframework.security.web.context.request.async.WebAsyncManagerIntegrationFilter@1e192163, org.springframework.security.web.context.SecurityContextPersistenceFilter@4fa6e5e1, org.springframework.security.web.header.HeaderWriterFilter@71ba1c, org.springframework.security.web.authentication.logout.LogoutFilter@79f9aaa3, org.springframework.security.oauth2.client.web.OAuth2AuthorizationRequestRedirectFilter@227cd6e4, org.springframework.security.oauth2.client.web.OAuth2LoginAuthenticationFilter@4c377df6, org.springframework.security.web.authentication.ui.DefaultLoginPageGeneratingFilter@70d6f3eb, org.springframework.security.web.authentication.ui.DefaultLogoutPageGeneratingFilter@4ec800bd, org.springframework.security.web.savedrequest.RequestCacheAwareFilter@58052547, org.springframework.security.web.servletapi.SecurityContextHolderAwareRequestFilter@55a9c501, org.springframework.security.web.authentication.AnonymousAuthenticationFilter@a472476, org.springframework.security.web.session.SessionManagementFilter@7cab3e29, org.springframework.security.web.access.ExceptionTranslationFilter@5b1985af, org.springframework.security.web.access.intercept.FilterSecurityInterceptor@1698d33e]
2021-08-13 16:55:59.363  INFO 10344 --- [    Test worker] o.s.s.concurrent.ThreadPoolTaskExecutor  : Initializing ExecutorService 'applicationTaskExecutor'
2021-08-13 16:55:59.395  INFO 10344 --- [    Test worker] o.s.b.a.w.s.WelcomePageHandlerMapping    : Adding welcome page template: index
2021-08-13 16:55:59.578  INFO 10344 --- [    Test worker] o.s.b.w.embedded.tomcat.TomcatWebServer  : Tomcat started on port(s): 5615 (http) with context path ''
2021-08-13 16:55:59.580  INFO 10344 --- [    Test worker] s.a.ScheduledAnnotationBeanPostProcessor : No TaskScheduler/ScheduledExecutorService bean found for scheduled processing
2021-08-13 16:55:59.580  INFO 10344 --- [    Test worker] c.y.b.s.web.BoardApiControllerTest       : Started BoardApiControllerTest in 1.486 seconds (JVM running for 6.651)
2021-08-13 16:55:59.604  INFO 10344 --- [    Test worker] o.a.c.c.C.[Tomcat].[localhost].[/]       : Initializing Spring TestDispatcherServlet ''
2021-08-13 16:55:59.604  INFO 10344 --- [    Test worker] o.s.t.web.servlet.TestDispatcherServlet  : Initializing Servlet ''
2021-08-13 16:55:59.605  INFO 10344 --- [    Test worker] o.s.t.web.servlet.TestDispatcherServlet  : Completed initialization in 1 ms
Hibernate: insert into board (created_date, modified_date, building_year, ccd, complex_name, contract_day, contract_year_month, dedicated_area, floor, house_num, main_num, road_name, rrod, secondary_num, transaction_amount) values (?, ?, ?, ?, ?, ?, ?, ?, ?, ?, ?, ?, ?, ?, ?)
Hibernate: select board0_.id as id1_0_, board0_.created_date as created_2_0_, board0_.modified_date as modified3_0_, board0_.building_year as building4_0_, board0_.ccd as ccd5_0_, board0_.complex_name as complex_6_0_, board0_.contract_day as contract7_0_, board0_.contract_year_month as contract8_0_, board0_.dedicated_area as dedicate9_0_, board0_.floor as floor10_0_, board0_.house_num as house_n11_0_, board0_.main_num as main_nu12_0_, board0_.road_name as road_na13_0_, board0_.rrod as rrod14_0_, board0_.secondary_num as seconda15_0_, board0_.transaction_amount as transac16_0_ from board board0_ order by board0_.id
Hibernate: select board0_.id as id1_0_, board0_.created_date as created_2_0_, board0_.modified_date as modified3_0_, board0_.building_year as building4_0_, board0_.ccd as ccd5_0_, board0_.complex_name as complex_6_0_, board0_.contract_day as contract7_0_, board0_.contract_year_month as contract8_0_, board0_.dedicated_area as dedicate9_0_, board0_.floor as floor10_0_, board0_.house_num as house_n11_0_, board0_.main_num as main_nu12_0_, board0_.road_name as road_na13_0_, board0_.rrod as rrod14_0_, board0_.secondary_num as seconda15_0_, board0_.transaction_amount as transac16_0_ from board board0_
Hibernate: delete from board where id=?
]]></system-out>
  <system-err><![CDATA[]]></system-err>
</testsuite>
