<?xml version="1.0" encoding="UTF-8"?>
<testsuite name="com.yeseong.book.springboot.web.BoardApiControllerTest" tests="1" skipped="0" failures="0" errors="0" timestamp="2021-08-14T06:28:25" hostname="dpdjv" time="0.343">
  <properties/>
  <testcase name="Board_등록된다" classname="com.yeseong.book.springboot.web.BoardApiControllerTest" time="0.343"/>
  <system-out><![CDATA[15:28:21.210 [Test worker] DEBUG org.springframework.test.context.junit4.SpringJUnit4ClassRunner - SpringJUnit4ClassRunner constructor called with [class com.yeseong.book.springboot.web.BoardApiControllerTest]
15:28:21.215 [Test worker] DEBUG org.springframework.test.context.BootstrapUtils - Instantiating CacheAwareContextLoaderDelegate from class [org.springframework.test.context.cache.DefaultCacheAwareContextLoaderDelegate]
15:28:21.221 [Test worker] DEBUG org.springframework.test.context.BootstrapUtils - Instantiating BootstrapContext using constructor [public org.springframework.test.context.support.DefaultBootstrapContext(java.lang.Class,org.springframework.test.context.CacheAwareContextLoaderDelegate)]
15:28:21.232 [Test worker] DEBUG org.springframework.test.context.BootstrapUtils - Instantiating TestContextBootstrapper for test class [com.yeseong.book.springboot.web.BoardApiControllerTest] from class [org.springframework.boot.test.context.SpringBootTestContextBootstrapper]
15:28:21.239 [Test worker] INFO org.springframework.boot.test.context.SpringBootTestContextBootstrapper - Neither @ContextConfiguration nor @ContextHierarchy found for test class [com.yeseong.book.springboot.web.BoardApiControllerTest], using SpringBootContextLoader
15:28:21.241 [Test worker] DEBUG org.springframework.test.context.support.AbstractContextLoader - Did not detect default resource location for test class [com.yeseong.book.springboot.web.BoardApiControllerTest]: class path resource [com/yeseong/book/springboot/web/BoardApiControllerTest-context.xml] does not exist
15:28:21.241 [Test worker] DEBUG org.springframework.test.context.support.AbstractContextLoader - Did not detect default resource location for test class [com.yeseong.book.springboot.web.BoardApiControllerTest]: class path resource [com/yeseong/book/springboot/web/BoardApiControllerTestContext.groovy] does not exist
15:28:21.241 [Test worker] INFO org.springframework.test.context.support.AbstractContextLoader - Could not detect default resource locations for test class [com.yeseong.book.springboot.web.BoardApiControllerTest]: no resource found for suffixes {-context.xml, Context.groovy}.
15:28:21.242 [Test worker] INFO org.springframework.test.context.support.AnnotationConfigContextLoaderUtils - Could not detect default configuration classes for test class [com.yeseong.book.springboot.web.BoardApiControllerTest]: BoardApiControllerTest does not declare any static, non-private, non-final, nested classes annotated with @Configuration.
15:28:21.267 [Test worker] DEBUG org.springframework.test.context.support.ActiveProfilesUtils - Could not find an 'annotation declaring class' for annotation type [org.springframework.test.context.ActiveProfiles] and class [com.yeseong.book.springboot.web.BoardApiControllerTest]
15:28:21.330 [Test worker] DEBUG org.springframework.context.annotation.ClassPathScanningCandidateComponentProvider - Identified candidate component class: file [C:\Yeseong31\Study\SpringBoot2\springboot-webservice\build\classes\java\main\com\yeseong\book\springboot\Application.class]
15:28:21.331 [Test worker] INFO org.springframework.boot.test.context.SpringBootTestContextBootstrapper - Found @SpringBootConfiguration com.yeseong.book.springboot.Application for test class com.yeseong.book.springboot.web.BoardApiControllerTest
15:28:21.397 [Test worker] DEBUG org.springframework.boot.test.context.SpringBootTestContextBootstrapper - @TestExecutionListeners is not present for class [com.yeseong.book.springboot.web.BoardApiControllerTest]: using defaults.
15:28:21.398 [Test worker] INFO org.springframework.boot.test.context.SpringBootTestContextBootstrapper - Loaded default TestExecutionListener class names from location [META-INF/spring.factories]: [org.springframework.security.test.context.support.WithSecurityContextTestExecutionListener, org.springframework.security.test.context.support.ReactorContextTestExecutionListener, org.springframework.test.context.web.ServletTestExecutionListener, org.springframework.test.context.support.DirtiesContextBeforeModesTestExecutionListener, org.springframework.test.context.support.DependencyInjectionTestExecutionListener, org.springframework.test.context.support.DirtiesContextTestExecutionListener, org.springframework.test.context.transaction.TransactionalTestExecutionListener, org.springframework.test.context.jdbc.SqlScriptsTestExecutionListener, org.springframework.boot.test.autoconfigure.restdocs.RestDocsTestExecutionListener, org.springframework.boot.test.autoconfigure.web.client.MockRestServiceServerResetTestExecutionListener, org.springframework.boot.test.autoconfigure.web.servlet.MockMvcPrintOnlyOnFailureTestExecutionListener, org.springframework.boot.test.autoconfigure.web.servlet.WebDriverTestExecutionListener, org.springframework.boot.test.mock.mockito.MockitoTestExecutionListener, org.springframework.boot.test.mock.mockito.ResetMocksTestExecutionListener]
15:28:21.411 [Test worker] INFO org.springframework.boot.test.context.SpringBootTestContextBootstrapper - Using TestExecutionListeners: [org.springframework.test.context.web.ServletTestExecutionListener@4e82a73e, org.springframework.test.context.support.DirtiesContextBeforeModesTestExecutionListener@17408676, org.springframework.boot.test.mock.mockito.MockitoTestExecutionListener@35ab52b8, org.springframework.boot.test.autoconfigure.SpringBootDependencyInjectionTestExecutionListener@805632a, org.springframework.test.context.support.DirtiesContextTestExecutionListener@53658e43, org.springframework.test.context.transaction.TransactionalTestExecutionListener@4005d16f, org.springframework.test.context.jdbc.SqlScriptsTestExecutionListener@2f546545, org.springframework.security.test.context.support.WithSecurityContextTestExecutionListener@c6b5fb6, org.springframework.security.test.context.support.ReactorContextTestExecutionListener@7383cfee, org.springframework.boot.test.autoconfigure.restdocs.RestDocsTestExecutionListener@1de3e658, org.springframework.boot.test.autoconfigure.web.client.MockRestServiceServerResetTestExecutionListener@1191c6ec, org.springframework.boot.test.autoconfigure.web.servlet.MockMvcPrintOnlyOnFailureTestExecutionListener@47d1ad87, org.springframework.boot.test.autoconfigure.web.servlet.WebDriverTestExecutionListener@2a40e62c, org.springframework.boot.test.mock.mockito.ResetMocksTestExecutionListener@2813141a]
15:28:21.412 [Test worker] DEBUG org.springframework.test.annotation.ProfileValueUtils - Retrieved @ProfileValueSourceConfiguration [null] for test class [com.yeseong.book.springboot.web.BoardApiControllerTest]
15:28:21.413 [Test worker] DEBUG org.springframework.test.annotation.ProfileValueUtils - Retrieved ProfileValueSource type [class org.springframework.test.annotation.SystemProfileValueSource] for class [com.yeseong.book.springboot.web.BoardApiControllerTest]
15:28:21.413 [Test worker] DEBUG org.springframework.test.annotation.ProfileValueUtils - Retrieved @ProfileValueSourceConfiguration [null] for test class [com.yeseong.book.springboot.web.BoardApiControllerTest]
15:28:21.413 [Test worker] DEBUG org.springframework.test.annotation.ProfileValueUtils - Retrieved ProfileValueSource type [class org.springframework.test.annotation.SystemProfileValueSource] for class [com.yeseong.book.springboot.web.BoardApiControllerTest]
15:28:21.416 [Test worker] DEBUG org.springframework.test.context.support.AbstractDirtiesContextTestExecutionListener - Before test class: context [DefaultTestContext@4778955e testClass = BoardApiControllerTest, testInstance = [null], testMethod = [null], testException = [null], mergedContextConfiguration = [WebMergedContextConfiguration@5627964d testClass = BoardApiControllerTest, locations = '{}', classes = '{class com.yeseong.book.springboot.Application}', contextInitializerClasses = '[]', activeProfiles = '{}', propertySourceLocations = '{}', propertySourceProperties = '{org.springframework.boot.test.context.SpringBootTestContextBootstrapper=true, server.port=0}', contextCustomizers = set[org.springframework.boot.test.autoconfigure.properties.PropertyMappingContextCustomizer@0, org.springframework.boot.test.autoconfigure.web.servlet.WebDriverContextCustomizerFactory$Customizer@4815927f, org.springframework.boot.test.context.filter.ExcludeFilterContextCustomizer@7132566a, org.springframework.boot.test.json.DuplicateJsonObjectContextCustomizerFactory$DuplicateJsonObjectContextCustomizer@64135ace, org.springframework.boot.test.mock.mockito.MockitoContextCustomizer@0, org.springframework.boot.test.web.client.TestRestTemplateContextCustomizer@c23cc97], resourceBasePath = 'src/main/webapp', contextLoader = 'org.springframework.boot.test.context.SpringBootContextLoader', parent = [null]], attributes = map['org.springframework.test.context.web.ServletTestExecutionListener.activateListener' -> false]], class annotated with @DirtiesContext [false] with mode [null].
15:28:21.416 [Test worker] DEBUG org.springframework.test.annotation.ProfileValueUtils - Retrieved @ProfileValueSourceConfiguration [null] for test class [com.yeseong.book.springboot.web.BoardApiControllerTest]
15:28:21.416 [Test worker] DEBUG org.springframework.test.annotation.ProfileValueUtils - Retrieved ProfileValueSource type [class org.springframework.test.annotation.SystemProfileValueSource] for class [com.yeseong.book.springboot.web.BoardApiControllerTest]
15:28:21.419 [Test worker] DEBUG org.springframework.test.context.support.DependencyInjectionTestExecutionListener - Performing dependency injection for test context [[DefaultTestContext@4778955e testClass = BoardApiControllerTest, testInstance = com.yeseong.book.springboot.web.BoardApiControllerTest@33b445c2, testMethod = [null], testException = [null], mergedContextConfiguration = [WebMergedContextConfiguration@5627964d testClass = BoardApiControllerTest, locations = '{}', classes = '{class com.yeseong.book.springboot.Application}', contextInitializerClasses = '[]', activeProfiles = '{}', propertySourceLocations = '{}', propertySourceProperties = '{org.springframework.boot.test.context.SpringBootTestContextBootstrapper=true, server.port=0}', contextCustomizers = set[org.springframework.boot.test.autoconfigure.properties.PropertyMappingContextCustomizer@0, org.springframework.boot.test.autoconfigure.web.servlet.WebDriverContextCustomizerFactory$Customizer@4815927f, org.springframework.boot.test.context.filter.ExcludeFilterContextCustomizer@7132566a, org.springframework.boot.test.json.DuplicateJsonObjectContextCustomizerFactory$DuplicateJsonObjectContextCustomizer@64135ace, org.springframework.boot.test.mock.mockito.MockitoContextCustomizer@0, org.springframework.boot.test.web.client.TestRestTemplateContextCustomizer@c23cc97], resourceBasePath = 'src/main/webapp', contextLoader = 'org.springframework.boot.test.context.SpringBootContextLoader', parent = [null]], attributes = map['org.springframework.test.context.web.ServletTestExecutionListener.activateListener' -> false]]].
15:28:21.432 [Test worker] DEBUG org.springframework.test.context.support.TestPropertySourceUtils - Adding inlined properties to environment: {spring.jmx.enabled=false, org.springframework.boot.test.context.SpringBootTestContextBootstrapper=true, server.port=0}

  .   ____          _            __ _ _
 /\\ / ___'_ __ _ _(_)_ __  __ _ \ \ \ \
( ( )\___ | '_ | '_| | '_ \/ _` | \ \ \ \
 \\/  ___)| |_)| | | | | || (_| |  ) ) ) )
  '  |____| .__|_| |_|_| |_\__, | / / / /
 =========|_|==============|___/=/_/_/_/
 :: Spring Boot ::        (v2.1.7.RELEASE)

2021-08-14 15:28:21.578  INFO 20148 --- [    Test worker] c.y.b.s.web.BoardApiControllerTest       : Starting BoardApiControllerTest on dpdjv with PID 20148 (started by dpdjv in C:\Yeseong31\Study\SpringBoot2\springboot-webservice)
2021-08-14 15:28:21.579  INFO 20148 --- [    Test worker] c.y.b.s.web.BoardApiControllerTest       : No active profile set, falling back to default profiles: default
2021-08-14 15:28:22.056  INFO 20148 --- [    Test worker] .s.d.r.c.RepositoryConfigurationDelegate : Bootstrapping Spring Data repositories in DEFAULT mode.
2021-08-14 15:28:22.117  INFO 20148 --- [    Test worker] .s.d.r.c.RepositoryConfigurationDelegate : Finished Spring Data repository scanning in 54ms. Found 3 repository interfaces.
2021-08-14 15:28:22.413  INFO 20148 --- [    Test worker] trationDelegate$BeanPostProcessorChecker : Bean 'org.springframework.transaction.annotation.ProxyTransactionManagementConfiguration' of type [org.springframework.transaction.annotation.ProxyTransactionManagementConfiguration$$EnhancerBySpringCGLIB$$520a32ca] is not eligible for getting processed by all BeanPostProcessors (for example: not eligible for auto-proxying)
2021-08-14 15:28:22.670  INFO 20148 --- [    Test worker] o.s.b.w.embedded.tomcat.TomcatWebServer  : Tomcat initialized with port(s): 0 (http)
2021-08-14 15:28:22.687  INFO 20148 --- [    Test worker] o.apache.catalina.core.StandardService   : Starting service [Tomcat]
2021-08-14 15:28:22.687  INFO 20148 --- [    Test worker] org.apache.catalina.core.StandardEngine  : Starting Servlet engine: [Apache Tomcat/9.0.22]
2021-08-14 15:28:22.766  INFO 20148 --- [    Test worker] o.a.c.c.C.[Tomcat].[localhost].[/]       : Initializing Spring embedded WebApplicationContext
2021-08-14 15:28:22.766  INFO 20148 --- [    Test worker] o.s.web.context.ContextLoader            : Root WebApplicationContext: initialization completed in 1176 ms
2021-08-14 15:28:22.952  INFO 20148 --- [    Test worker] com.zaxxer.hikari.HikariDataSource       : HikariPool-1 - Starting...
2021-08-14 15:28:23.079  INFO 20148 --- [    Test worker] com.zaxxer.hikari.HikariDataSource       : HikariPool-1 - Start completed.
2021-08-14 15:28:23.159  INFO 20148 --- [    Test worker] o.hibernate.jpa.internal.util.LogHelper  : HHH000204: Processing PersistenceUnitInfo [
	name: default
	...]
2021-08-14 15:28:23.222  INFO 20148 --- [    Test worker] org.hibernate.Version                    : HHH000412: Hibernate Core {5.3.10.Final}
2021-08-14 15:28:23.223  INFO 20148 --- [    Test worker] org.hibernate.cfg.Environment            : HHH000206: hibernate.properties not found
2021-08-14 15:28:23.343  INFO 20148 --- [    Test worker] o.hibernate.annotations.common.Version   : HCANN000001: Hibernate Commons Annotations {5.0.4.Final}
2021-08-14 15:28:23.461  INFO 20148 --- [    Test worker] org.hibernate.dialect.Dialect            : HHH000400: Using dialect: org.hibernate.dialect.MySQL5InnoDBDialect
Hibernate: drop table if exists board
Hibernate: drop table if exists posts
Hibernate: drop table if exists user
Hibernate: create table board (id bigint not null auto_increment, created_date datetime, modified_date datetime, building_year integer not null, ccd varchar(100), complex_name varchar(100), contract_day integer not null, contract_year_month integer not null, dedicated_area double precision not null, floor integer not null, house_num varchar(26), main_num varchar(26), road_name varchar(100), rrod integer, secondary_num varchar(26), transaction_amount integer not null, primary key (id)) engine=InnoDB
Hibernate: create table posts (id bigint not null auto_increment, created_date datetime, modified_date datetime, author varchar(255), content TEXT not null, title varchar(500) not null, primary key (id)) engine=InnoDB
Hibernate: create table user (id bigint not null auto_increment, created_date datetime, modified_date datetime, email varchar(255) not null, name varchar(255) not null, picture varchar(255), role varchar(255) not null, primary key (id)) engine=InnoDB
2021-08-14 15:28:23.986  INFO 20148 --- [    Test worker] o.h.t.schema.internal.SchemaCreatorImpl  : HHH000476: Executing import script 'org.hibernate.tool.schema.internal.exec.ScriptSourceInputNonExistentImpl@1bd95794'
2021-08-14 15:28:23.988  INFO 20148 --- [    Test worker] j.LocalContainerEntityManagerFactoryBean : Initialized JPA EntityManagerFactory for persistence unit 'default'
2021-08-14 15:28:24.558  INFO 20148 --- [    Test worker] o.h.h.i.QueryTranslatorFactoryInitiator  : HHH000397: Using ASTQueryTranslatorFactory
2021-08-14 15:28:24.882  INFO 20148 --- [    Test worker] o.s.s.web.DefaultSecurityFilterChain     : Creating filter chain: any request, [org.springframework.security.web.context.request.async.WebAsyncManagerIntegrationFilter@31662004, org.springframework.security.web.context.SecurityContextPersistenceFilter@2735c0e3, org.springframework.security.web.header.HeaderWriterFilter@284f9c6f, org.springframework.security.web.authentication.logout.LogoutFilter@5544ac26, org.springframework.security.oauth2.client.web.OAuth2AuthorizationRequestRedirectFilter@3e6a9e1f, org.springframework.security.oauth2.client.web.OAuth2LoginAuthenticationFilter@6b447e22, org.springframework.security.web.authentication.ui.DefaultLoginPageGeneratingFilter@3772259d, org.springframework.security.web.authentication.ui.DefaultLogoutPageGeneratingFilter@4f0fbe94, org.springframework.security.web.savedrequest.RequestCacheAwareFilter@1655220e, org.springframework.security.web.servletapi.SecurityContextHolderAwareRequestFilter@56779ef7, org.springframework.security.web.authentication.AnonymousAuthenticationFilter@55a42775, org.springframework.security.web.session.SessionManagementFilter@6ca7911f, org.springframework.security.web.access.ExceptionTranslationFilter@3187232d, org.springframework.security.web.access.intercept.FilterSecurityInterceptor@9e54add]
2021-08-14 15:28:25.114  INFO 20148 --- [    Test worker] o.s.s.concurrent.ThreadPoolTaskExecutor  : Initializing ExecutorService 'applicationTaskExecutor'
2021-08-14 15:28:25.154  WARN 20148 --- [    Test worker] aWebConfiguration$JpaWebMvcConfiguration : spring.jpa.open-in-view is enabled by default. Therefore, database queries may be performed during view rendering. Explicitly configure spring.jpa.open-in-view to disable this warning
2021-08-14 15:28:25.196  INFO 20148 --- [    Test worker] o.s.b.a.w.s.WelcomePageHandlerMapping    : Adding welcome page template: index
2021-08-14 15:28:25.488  INFO 20148 --- [    Test worker] s.a.ScheduledAnnotationBeanPostProcessor : No TaskScheduler/ScheduledExecutorService bean found for scheduled processing
2021-08-14 15:28:25.506  INFO 20148 --- [    Test worker] o.s.b.w.embedded.tomcat.TomcatWebServer  : Tomcat started on port(s): 10293 (http) with context path ''
2021-08-14 15:28:25.508  INFO 20148 --- [    Test worker] c.y.b.s.web.BoardApiControllerTest       : Started BoardApiControllerTest in 4.075 seconds (JVM running for 4.763)
2021-08-14 15:28:25.565  INFO 20148 --- [    Test worker] o.a.c.c.C.[Tomcat].[localhost].[/]       : Initializing Spring TestDispatcherServlet ''
2021-08-14 15:28:25.566  INFO 20148 --- [    Test worker] o.s.t.web.servlet.TestDispatcherServlet  : Initializing Servlet ''
2021-08-14 15:28:25.576  INFO 20148 --- [    Test worker] o.s.t.web.servlet.TestDispatcherServlet  : Completed initialization in 10 ms
Hibernate: insert into board (created_date, modified_date, building_year, ccd, complex_name, contract_day, contract_year_month, dedicated_area, floor, house_num, main_num, road_name, rrod, secondary_num, transaction_amount) values (?, ?, ?, ?, ?, ?, ?, ?, ?, ?, ?, ?, ?, ?, ?)
Hibernate: select board0_.id as id1_0_, board0_.created_date as created_2_0_, board0_.modified_date as modified3_0_, board0_.building_year as building4_0_, board0_.ccd as ccd5_0_, board0_.complex_name as complex_6_0_, board0_.contract_day as contract7_0_, board0_.contract_year_month as contract8_0_, board0_.dedicated_area as dedicate9_0_, board0_.floor as floor10_0_, board0_.house_num as house_n11_0_, board0_.main_num as main_nu12_0_, board0_.road_name as road_na13_0_, board0_.rrod as rrod14_0_, board0_.secondary_num as seconda15_0_, board0_.transaction_amount as transac16_0_ from board board0_ order by board0_.id
Hibernate: select board0_.id as id1_0_, board0_.created_date as created_2_0_, board0_.modified_date as modified3_0_, board0_.building_year as building4_0_, board0_.ccd as ccd5_0_, board0_.complex_name as complex_6_0_, board0_.contract_day as contract7_0_, board0_.contract_year_month as contract8_0_, board0_.dedicated_area as dedicate9_0_, board0_.floor as floor10_0_, board0_.house_num as house_n11_0_, board0_.main_num as main_nu12_0_, board0_.road_name as road_na13_0_, board0_.rrod as rrod14_0_, board0_.secondary_num as seconda15_0_, board0_.transaction_amount as transac16_0_ from board board0_
Hibernate: delete from board where id=?
]]></system-out>
  <system-err><![CDATA[]]></system-err>
</testsuite>
