<?xml version="1.0" encoding="UTF-8"?>
<testsuite name="com.yeseong.book.springboot.domain.posts.PostRepositoryTest" tests="2" skipped="0" failures="0" errors="0" timestamp="2021-08-13T08:19:49" hostname="DPDJV" time="0.024">
  <properties/>
  <testcase name="게시글저장_불러오기()" classname="com.yeseong.book.springboot.domain.posts.PostRepositoryTest" time="0.013"/>
  <testcase name="BaseTimeEntity_등록()" classname="com.yeseong.book.springboot.domain.posts.PostRepositoryTest" time="0.01"/>
  <system-out><![CDATA[2021-08-13 17:19:49.887  INFO 8684 --- [    Test worker] .b.t.c.SpringBootTestContextBootstrapper : Neither @ContextConfiguration nor @ContextHierarchy found for test class [com.yeseong.book.springboot.domain.posts.PostRepositoryTest], using SpringBootContextLoader
2021-08-13 17:19:49.887  INFO 8684 --- [    Test worker] o.s.t.c.support.AbstractContextLoader    : Could not detect default resource locations for test class [com.yeseong.book.springboot.domain.posts.PostRepositoryTest]: no resource found for suffixes {-context.xml, Context.groovy}.
2021-08-13 17:19:49.887  INFO 8684 --- [    Test worker] t.c.s.AnnotationConfigContextLoaderUtils : Could not detect default configuration classes for test class [com.yeseong.book.springboot.domain.posts.PostRepositoryTest]: PostRepositoryTest does not declare any static, non-private, non-final, nested classes annotated with @Configuration.
2021-08-13 17:19:49.887  INFO 8684 --- [    Test worker] .b.t.c.SpringBootTestContextBootstrapper : Found @SpringBootConfiguration com.yeseong.book.springboot.Application for test class com.yeseong.book.springboot.domain.posts.PostRepositoryTest
2021-08-13 17:19:49.887  INFO 8684 --- [    Test worker] .b.t.c.SpringBootTestContextBootstrapper : Loaded default TestExecutionListener class names from location [META-INF/spring.factories]: [org.springframework.security.test.context.support.WithSecurityContextTestExecutionListener, org.springframework.security.test.context.support.ReactorContextTestExecutionListener, org.springframework.boot.test.autoconfigure.restdocs.RestDocsTestExecutionListener, org.springframework.boot.test.autoconfigure.web.client.MockRestServiceServerResetTestExecutionListener, org.springframework.boot.test.autoconfigure.web.servlet.MockMvcPrintOnlyOnFailureTestExecutionListener, org.springframework.boot.test.autoconfigure.web.servlet.WebDriverTestExecutionListener, org.springframework.boot.test.autoconfigure.webservices.client.MockWebServiceServerTestExecutionListener, org.springframework.boot.test.mock.mockito.MockitoTestExecutionListener, org.springframework.boot.test.mock.mockito.ResetMocksTestExecutionListener, org.springframework.test.context.web.ServletTestExecutionListener, org.springframework.test.context.support.DirtiesContextBeforeModesTestExecutionListener, org.springframework.test.context.support.DependencyInjectionTestExecutionListener, org.springframework.test.context.support.DirtiesContextTestExecutionListener, org.springframework.test.context.transaction.TransactionalTestExecutionListener, org.springframework.test.context.jdbc.SqlScriptsTestExecutionListener, org.springframework.test.context.event.EventPublishingTestExecutionListener]
2021-08-13 17:19:49.903  INFO 8684 --- [    Test worker] .b.t.c.SpringBootTestContextBootstrapper : Using TestExecutionListeners: [org.springframework.test.context.web.ServletTestExecutionListener@298e002a, org.springframework.test.context.support.DirtiesContextBeforeModesTestExecutionListener@2bf5307e, org.springframework.boot.test.mock.mockito.MockitoTestExecutionListener@78b9d115, org.springframework.boot.test.autoconfigure.SpringBootDependencyInjectionTestExecutionListener@63c40e86, org.springframework.test.context.support.DirtiesContextTestExecutionListener@3a92dd84, org.springframework.test.context.transaction.TransactionalTestExecutionListener@38667c68, org.springframework.test.context.jdbc.SqlScriptsTestExecutionListener@ee13308, org.springframework.security.test.context.support.WithSecurityContextTestExecutionListener@4d12ac6c, org.springframework.test.context.event.EventPublishingTestExecutionListener@614036b7, org.springframework.security.test.context.support.ReactorContextTestExecutionListener@6ace93cb, org.springframework.boot.test.autoconfigure.restdocs.RestDocsTestExecutionListener@6d3084e9, org.springframework.boot.test.autoconfigure.web.client.MockRestServiceServerResetTestExecutionListener@351934ef, org.springframework.boot.test.autoconfigure.web.servlet.MockMvcPrintOnlyOnFailureTestExecutionListener@550c4975, org.springframework.boot.test.autoconfigure.web.servlet.WebDriverTestExecutionListener@4bc2c8d4, org.springframework.boot.test.autoconfigure.webservices.client.MockWebServiceServerTestExecutionListener@223c1a89, org.springframework.boot.test.mock.mockito.ResetMocksTestExecutionListener@5e7efc6d]
Hibernate: insert into posts (created_date, modified_date, author, content, title) values (?, ?, ?, ?, ?)
Hibernate: select posts0_.id as id1_1_, posts0_.created_date as created_2_1_, posts0_.modified_date as modified3_1_, posts0_.author as author4_1_, posts0_.content as content5_1_, posts0_.title as title6_1_ from posts posts0_
Hibernate: select posts0_.id as id1_1_, posts0_.created_date as created_2_1_, posts0_.modified_date as modified3_1_, posts0_.author as author4_1_, posts0_.content as content5_1_, posts0_.title as title6_1_ from posts posts0_
Hibernate: delete from posts where id=?
Hibernate: insert into posts (created_date, modified_date, author, content, title) values (?, ?, ?, ?, ?)
Hibernate: select posts0_.id as id1_1_, posts0_.created_date as created_2_1_, posts0_.modified_date as modified3_1_, posts0_.author as author4_1_, posts0_.content as content5_1_, posts0_.title as title6_1_ from posts posts0_
>>>>>>>>>> createDate=2021-08-13T17:19:49.919, modifiedDate=2021-08-13T17:19:49.919
Hibernate: select posts0_.id as id1_1_, posts0_.created_date as created_2_1_, posts0_.modified_date as modified3_1_, posts0_.author as author4_1_, posts0_.content as content5_1_, posts0_.title as title6_1_ from posts posts0_
Hibernate: delete from posts where id=?
]]></system-out>
  <system-err><![CDATA[]]></system-err>
</testsuite>
