<?xml version="1.0" encoding="UTF-8"?>
<testsuite name="com.yeseong.book.springboot.web.ProfileControllerTest" tests="1" skipped="0" failures="0" errors="0" timestamp="2021-08-15T06:05:20" hostname="dpdjv" time="0.007">
  <properties/>
  <testcase name="profile은_인증없이_호출된다" classname="com.yeseong.book.springboot.web.ProfileControllerTest" time="0.007"/>
  <system-out><![CDATA[2021-08-15 15:05:20.701  INFO 5532 --- [    Test worker] .b.t.c.SpringBootTestContextBootstrapper : Neither @ContextConfiguration nor @ContextHierarchy found for test class [com.yeseong.book.springboot.web.ProfileControllerTest], using SpringBootContextLoader
2021-08-15 15:05:20.701  INFO 5532 --- [    Test worker] o.s.t.c.support.AbstractContextLoader    : Could not detect default resource locations for test class [com.yeseong.book.springboot.web.ProfileControllerTest]: no resource found for suffixes {-context.xml, Context.groovy}.
2021-08-15 15:05:20.701  INFO 5532 --- [    Test worker] t.c.s.AnnotationConfigContextLoaderUtils : Could not detect default configuration classes for test class [com.yeseong.book.springboot.web.ProfileControllerTest]: ProfileControllerTest does not declare any static, non-private, non-final, nested classes annotated with @Configuration.
2021-08-15 15:05:20.702  INFO 5532 --- [    Test worker] .b.t.c.SpringBootTestContextBootstrapper : Found @SpringBootConfiguration com.yeseong.book.springboot.Application for test class com.yeseong.book.springboot.web.ProfileControllerTest
2021-08-15 15:05:20.703  INFO 5532 --- [    Test worker] .b.t.c.SpringBootTestContextBootstrapper : Loaded default TestExecutionListener class names from location [META-INF/spring.factories]: [org.springframework.security.test.context.support.WithSecurityContextTestExecutionListener, org.springframework.security.test.context.support.ReactorContextTestExecutionListener, org.springframework.boot.test.autoconfigure.restdocs.RestDocsTestExecutionListener, org.springframework.boot.test.autoconfigure.web.client.MockRestServiceServerResetTestExecutionListener, org.springframework.boot.test.autoconfigure.web.servlet.MockMvcPrintOnlyOnFailureTestExecutionListener, org.springframework.boot.test.autoconfigure.web.servlet.WebDriverTestExecutionListener, org.springframework.boot.test.mock.mockito.MockitoTestExecutionListener, org.springframework.boot.test.mock.mockito.ResetMocksTestExecutionListener, org.springframework.test.context.web.ServletTestExecutionListener, org.springframework.test.context.support.DirtiesContextBeforeModesTestExecutionListener, org.springframework.test.context.support.DependencyInjectionTestExecutionListener, org.springframework.test.context.support.DirtiesContextTestExecutionListener, org.springframework.test.context.transaction.TransactionalTestExecutionListener, org.springframework.test.context.jdbc.SqlScriptsTestExecutionListener]
2021-08-15 15:05:20.703  INFO 5532 --- [    Test worker] .b.t.c.SpringBootTestContextBootstrapper : Using TestExecutionListeners: [org.springframework.test.context.web.ServletTestExecutionListener@29a6be39, org.springframework.test.context.support.DirtiesContextBeforeModesTestExecutionListener@1aa74f4d, org.springframework.boot.test.mock.mockito.MockitoTestExecutionListener@7028ec6d, org.springframework.boot.test.autoconfigure.SpringBootDependencyInjectionTestExecutionListener@38b6d1c4, org.springframework.test.context.support.DirtiesContextTestExecutionListener@247df79d, org.springframework.test.context.transaction.TransactionalTestExecutionListener@4801978, org.springframework.test.context.jdbc.SqlScriptsTestExecutionListener@337cc601, org.springframework.security.test.context.support.WithSecurityContextTestExecutionListener@3dca095b, org.springframework.security.test.context.support.ReactorContextTestExecutionListener@7640c060, org.springframework.boot.test.autoconfigure.restdocs.RestDocsTestExecutionListener@728f4c09, org.springframework.boot.test.autoconfigure.web.client.MockRestServiceServerResetTestExecutionListener@2716c097, org.springframework.boot.test.autoconfigure.web.servlet.MockMvcPrintOnlyOnFailureTestExecutionListener@4a7b85ff, org.springframework.boot.test.autoconfigure.web.servlet.WebDriverTestExecutionListener@3ac80f10, org.springframework.boot.test.mock.mockito.ResetMocksTestExecutionListener@322ff344]
]]></system-out>
  <system-err><![CDATA[]]></system-err>
</testsuite>
