<?xml version="1.0" encoding="UTF-8"?>
<testsuite name="com.yeseong.book.springboot.web.IndexControllerTest" tests="1" skipped="0" failures="0" errors="0" timestamp="2021-08-15T08:31:14" hostname="dpdjv" time="0.126">
  <properties/>
  <testcase name="메인페이지_로딩" classname="com.yeseong.book.springboot.web.IndexControllerTest" time="0.126"/>
  <system-out><![CDATA[2021-08-15 17:31:14.300  INFO 15552 --- [    Test worker] .b.t.c.SpringBootTestContextBootstrapper : Neither @ContextConfiguration nor @ContextHierarchy found for test class [com.yeseong.book.springboot.web.IndexControllerTest], using SpringBootContextLoader
2021-08-15 17:31:14.301  INFO 15552 --- [    Test worker] o.s.t.c.support.AbstractContextLoader    : Could not detect default resource locations for test class [com.yeseong.book.springboot.web.IndexControllerTest]: no resource found for suffixes {-context.xml, Context.groovy}.
2021-08-15 17:31:14.301  INFO 15552 --- [    Test worker] t.c.s.AnnotationConfigContextLoaderUtils : Could not detect default configuration classes for test class [com.yeseong.book.springboot.web.IndexControllerTest]: IndexControllerTest does not declare any static, non-private, non-final, nested classes annotated with @Configuration.
2021-08-15 17:31:14.302  INFO 15552 --- [    Test worker] .b.t.c.SpringBootTestContextBootstrapper : Found @SpringBootConfiguration com.yeseong.book.springboot.Application for test class com.yeseong.book.springboot.web.IndexControllerTest
2021-08-15 17:31:14.303  INFO 15552 --- [    Test worker] .b.t.c.SpringBootTestContextBootstrapper : Loaded default TestExecutionListener class names from location [META-INF/spring.factories]: [org.springframework.security.test.context.support.WithSecurityContextTestExecutionListener, org.springframework.security.test.context.support.ReactorContextTestExecutionListener, org.springframework.boot.test.autoconfigure.restdocs.RestDocsTestExecutionListener, org.springframework.boot.test.autoconfigure.web.client.MockRestServiceServerResetTestExecutionListener, org.springframework.boot.test.autoconfigure.web.servlet.MockMvcPrintOnlyOnFailureTestExecutionListener, org.springframework.boot.test.autoconfigure.web.servlet.WebDriverTestExecutionListener, org.springframework.boot.test.mock.mockito.MockitoTestExecutionListener, org.springframework.boot.test.mock.mockito.ResetMocksTestExecutionListener, org.springframework.test.context.web.ServletTestExecutionListener, org.springframework.test.context.support.DirtiesContextBeforeModesTestExecutionListener, org.springframework.test.context.support.DependencyInjectionTestExecutionListener, org.springframework.test.context.support.DirtiesContextTestExecutionListener, org.springframework.test.context.transaction.TransactionalTestExecutionListener, org.springframework.test.context.jdbc.SqlScriptsTestExecutionListener]
2021-08-15 17:31:14.303  INFO 15552 --- [    Test worker] .b.t.c.SpringBootTestContextBootstrapper : Using TestExecutionListeners: [org.springframework.test.context.web.ServletTestExecutionListener@62c70030, org.springframework.test.context.support.DirtiesContextBeforeModesTestExecutionListener@5680a7d4, org.springframework.boot.test.mock.mockito.MockitoTestExecutionListener@397118f0, org.springframework.boot.test.autoconfigure.SpringBootDependencyInjectionTestExecutionListener@28e31732, org.springframework.test.context.support.DirtiesContextTestExecutionListener@72ff549e, org.springframework.test.context.transaction.TransactionalTestExecutionListener@2112f312, org.springframework.test.context.jdbc.SqlScriptsTestExecutionListener@1095c958, org.springframework.security.test.context.support.WithSecurityContextTestExecutionListener@20ff06ff, org.springframework.security.test.context.support.ReactorContextTestExecutionListener@28acedda, org.springframework.boot.test.autoconfigure.restdocs.RestDocsTestExecutionListener@1e1011be, org.springframework.boot.test.autoconfigure.web.client.MockRestServiceServerResetTestExecutionListener@20f1d42d, org.springframework.boot.test.autoconfigure.web.servlet.MockMvcPrintOnlyOnFailureTestExecutionListener@7861f632, org.springframework.boot.test.autoconfigure.web.servlet.WebDriverTestExecutionListener@376c16d9, org.springframework.boot.test.mock.mockito.ResetMocksTestExecutionListener@29ef6c6b]
2021-08-15 17:31:14.348  INFO 15552 --- [o-auto-1-exec-1] o.a.c.c.C.[Tomcat].[localhost].[/]       : Initializing Spring DispatcherServlet 'dispatcherServlet'
2021-08-15 17:31:14.348  INFO 15552 --- [o-auto-1-exec-1] o.s.web.servlet.DispatcherServlet        : Initializing Servlet 'dispatcherServlet'
2021-08-15 17:31:14.348  INFO 15552 --- [o-auto-1-exec-1] o.s.web.servlet.DispatcherServlet        : Completed initialization in 0 ms
Hibernate: select board0_.id as id1_0_, board0_.building_year as building2_0_, board0_.ccd as ccd3_0_, board0_.complex_name as complex_4_0_, board0_.contract_day as contract5_0_, board0_.contract_year_month as contract6_0_, board0_.dedicated_area as dedicate7_0_, board0_.floor as floor8_0_, board0_.house_num as house_nu9_0_, board0_.main_num as main_nu10_0_, board0_.road_name as road_na11_0_, board0_.rrod as rrod12_0_, board0_.secondary_num as seconda13_0_, board0_.transaction_amount as transac14_0_ from board board0_ order by board0_.id asc limit ?
Hibernate: select count(board0_.id) as col_0_0_ from board board0_
Hibernate: select board0_.id as id1_0_, board0_.building_year as building2_0_, board0_.ccd as ccd3_0_, board0_.complex_name as complex_4_0_, board0_.contract_day as contract5_0_, board0_.contract_year_month as contract6_0_, board0_.dedicated_area as dedicate7_0_, board0_.floor as floor8_0_, board0_.house_num as house_nu9_0_, board0_.main_num as main_nu10_0_, board0_.road_name as road_na11_0_, board0_.rrod as rrod12_0_, board0_.secondary_num as seconda13_0_, board0_.transaction_amount as transac14_0_ from board board0_ order by board0_.id asc limit ?
Hibernate: select count(board0_.id) as col_0_0_ from board board0_
]]></system-out>
  <system-err><![CDATA[]]></system-err>
</testsuite>
