<?xml version="1.0" encoding="UTF-8"?>
<testsuite name="com.yeseong.book.springboot.web.IndexControllerTest" tests="1" skipped="0" failures="0" errors="0" timestamp="2021-08-15T06:05:20" hostname="dpdjv" time="0.082">
  <properties/>
  <testcase name="메인페이지_로딩" classname="com.yeseong.book.springboot.web.IndexControllerTest" time="0.082"/>
  <system-out><![CDATA[2021-08-15 15:05:20.559  INFO 5532 --- [    Test worker] .b.t.c.SpringBootTestContextBootstrapper : Neither @ContextConfiguration nor @ContextHierarchy found for test class [com.yeseong.book.springboot.web.IndexControllerTest], using SpringBootContextLoader
2021-08-15 15:05:20.559  INFO 5532 --- [    Test worker] o.s.t.c.support.AbstractContextLoader    : Could not detect default resource locations for test class [com.yeseong.book.springboot.web.IndexControllerTest]: no resource found for suffixes {-context.xml, Context.groovy}.
2021-08-15 15:05:20.559  INFO 5532 --- [    Test worker] t.c.s.AnnotationConfigContextLoaderUtils : Could not detect default configuration classes for test class [com.yeseong.book.springboot.web.IndexControllerTest]: IndexControllerTest does not declare any static, non-private, non-final, nested classes annotated with @Configuration.
2021-08-15 15:05:20.560  INFO 5532 --- [    Test worker] .b.t.c.SpringBootTestContextBootstrapper : Found @SpringBootConfiguration com.yeseong.book.springboot.Application for test class com.yeseong.book.springboot.web.IndexControllerTest
2021-08-15 15:05:20.560  INFO 5532 --- [    Test worker] .b.t.c.SpringBootTestContextBootstrapper : Loaded default TestExecutionListener class names from location [META-INF/spring.factories]: [org.springframework.security.test.context.support.WithSecurityContextTestExecutionListener, org.springframework.security.test.context.support.ReactorContextTestExecutionListener, org.springframework.boot.test.autoconfigure.restdocs.RestDocsTestExecutionListener, org.springframework.boot.test.autoconfigure.web.client.MockRestServiceServerResetTestExecutionListener, org.springframework.boot.test.autoconfigure.web.servlet.MockMvcPrintOnlyOnFailureTestExecutionListener, org.springframework.boot.test.autoconfigure.web.servlet.WebDriverTestExecutionListener, org.springframework.boot.test.mock.mockito.MockitoTestExecutionListener, org.springframework.boot.test.mock.mockito.ResetMocksTestExecutionListener, org.springframework.test.context.web.ServletTestExecutionListener, org.springframework.test.context.support.DirtiesContextBeforeModesTestExecutionListener, org.springframework.test.context.support.DependencyInjectionTestExecutionListener, org.springframework.test.context.support.DirtiesContextTestExecutionListener, org.springframework.test.context.transaction.TransactionalTestExecutionListener, org.springframework.test.context.jdbc.SqlScriptsTestExecutionListener]
2021-08-15 15:05:20.561  INFO 5532 --- [    Test worker] .b.t.c.SpringBootTestContextBootstrapper : Using TestExecutionListeners: [org.springframework.test.context.web.ServletTestExecutionListener@4d749735, org.springframework.test.context.support.DirtiesContextBeforeModesTestExecutionListener@3772c7f1, org.springframework.boot.test.mock.mockito.MockitoTestExecutionListener@33e48284, org.springframework.boot.test.autoconfigure.SpringBootDependencyInjectionTestExecutionListener@d674318, org.springframework.test.context.support.DirtiesContextTestExecutionListener@6443a0be, org.springframework.test.context.transaction.TransactionalTestExecutionListener@45afae88, org.springframework.test.context.jdbc.SqlScriptsTestExecutionListener@5248e41b, org.springframework.security.test.context.support.WithSecurityContextTestExecutionListener@658002c9, org.springframework.security.test.context.support.ReactorContextTestExecutionListener@1cbf1897, org.springframework.boot.test.autoconfigure.restdocs.RestDocsTestExecutionListener@24dc2e66, org.springframework.boot.test.autoconfigure.web.client.MockRestServiceServerResetTestExecutionListener@31216eda, org.springframework.boot.test.autoconfigure.web.servlet.MockMvcPrintOnlyOnFailureTestExecutionListener@54d2b47d, org.springframework.boot.test.autoconfigure.web.servlet.WebDriverTestExecutionListener@304d65d0, org.springframework.boot.test.mock.mockito.ResetMocksTestExecutionListener@75a7c2a1]
2021-08-15 15:05:20.607  INFO 5532 --- [o-auto-1-exec-1] o.a.c.c.C.[Tomcat].[localhost].[/]       : Initializing Spring DispatcherServlet 'dispatcherServlet'
2021-08-15 15:05:20.607  INFO 5532 --- [o-auto-1-exec-1] o.s.web.servlet.DispatcherServlet        : Initializing Servlet 'dispatcherServlet'
2021-08-15 15:05:20.610  INFO 5532 --- [o-auto-1-exec-1] o.s.web.servlet.DispatcherServlet        : Completed initialization in 3 ms
Hibernate: select board0_.id as id1_0_, board0_.created_date as created_2_0_, board0_.modified_date as modified3_0_, board0_.building_year as building4_0_, board0_.ccd as ccd5_0_, board0_.complex_name as complex_6_0_, board0_.contract_day as contract7_0_, board0_.contract_year_month as contract8_0_, board0_.dedicated_area as dedicate9_0_, board0_.floor as floor10_0_, board0_.house_num as house_n11_0_, board0_.main_num as main_nu12_0_, board0_.road_name as road_na13_0_, board0_.rrod as rrod14_0_, board0_.secondary_num as seconda15_0_, board0_.transaction_amount as transac16_0_ from board board0_ order by board0_.id
]]></system-out>
  <system-err><![CDATA[]]></system-err>
</testsuite>
