<?xml version="1.0" encoding="UTF-8"?>
<testsuite name="com.yeseong.book.springboot.web.BoardApiControllerTest" tests="1" skipped="0" failures="0" errors="0" timestamp="2021-08-13T10:24:14" hostname="dpdjv" time="0.14">
  <properties/>
  <testcase name="Board_등록된다" classname="com.yeseong.book.springboot.web.BoardApiControllerTest" time="0.14"/>
  <system-out><![CDATA[2021-08-13 19:24:12.540  INFO 14912 --- [    Test worker] .b.t.c.SpringBootTestContextBootstrapper : Neither @ContextConfiguration nor @ContextHierarchy found for test class [com.yeseong.book.springboot.web.BoardApiControllerTest], using SpringBootContextLoader
2021-08-13 19:24:12.541  INFO 14912 --- [    Test worker] o.s.t.c.support.AbstractContextLoader    : Could not detect default resource locations for test class [com.yeseong.book.springboot.web.BoardApiControllerTest]: no resource found for suffixes {-context.xml, Context.groovy}.
2021-08-13 19:24:12.541  INFO 14912 --- [    Test worker] t.c.s.AnnotationConfigContextLoaderUtils : Could not detect default configuration classes for test class [com.yeseong.book.springboot.web.BoardApiControllerTest]: BoardApiControllerTest does not declare any static, non-private, non-final, nested classes annotated with @Configuration.
2021-08-13 19:24:12.547  INFO 14912 --- [    Test worker] .b.t.c.SpringBootTestContextBootstrapper : Found @SpringBootConfiguration com.yeseong.book.springboot.Application for test class com.yeseong.book.springboot.web.BoardApiControllerTest
2021-08-13 19:24:12.549  INFO 14912 --- [    Test worker] .b.t.c.SpringBootTestContextBootstrapper : Loaded default TestExecutionListener class names from location [META-INF/spring.factories]: [org.springframework.security.test.context.support.WithSecurityContextTestExecutionListener, org.springframework.security.test.context.support.ReactorContextTestExecutionListener, org.springframework.test.context.web.ServletTestExecutionListener, org.springframework.test.context.support.DirtiesContextBeforeModesTestExecutionListener, org.springframework.test.context.support.DependencyInjectionTestExecutionListener, org.springframework.test.context.support.DirtiesContextTestExecutionListener, org.springframework.test.context.transaction.TransactionalTestExecutionListener, org.springframework.test.context.jdbc.SqlScriptsTestExecutionListener, org.springframework.boot.test.autoconfigure.restdocs.RestDocsTestExecutionListener, org.springframework.boot.test.autoconfigure.web.client.MockRestServiceServerResetTestExecutionListener, org.springframework.boot.test.autoconfigure.web.servlet.MockMvcPrintOnlyOnFailureTestExecutionListener, org.springframework.boot.test.autoconfigure.web.servlet.WebDriverTestExecutionListener, org.springframework.boot.test.mock.mockito.MockitoTestExecutionListener, org.springframework.boot.test.mock.mockito.ResetMocksTestExecutionListener]
2021-08-13 19:24:12.549  INFO 14912 --- [    Test worker] .b.t.c.SpringBootTestContextBootstrapper : Using TestExecutionListeners: [org.springframework.test.context.web.ServletTestExecutionListener@6992f13f, org.springframework.test.context.support.DirtiesContextBeforeModesTestExecutionListener@4c19837a, org.springframework.boot.test.mock.mockito.MockitoTestExecutionListener@4b136d65, org.springframework.boot.test.autoconfigure.SpringBootDependencyInjectionTestExecutionListener@31f35bec, org.springframework.test.context.support.DirtiesContextTestExecutionListener@4f164fe4, org.springframework.test.context.transaction.TransactionalTestExecutionListener@4f14072f, org.springframework.test.context.jdbc.SqlScriptsTestExecutionListener@1fbc23ed, org.springframework.security.test.context.support.WithSecurityContextTestExecutionListener@343b37cd, org.springframework.security.test.context.support.ReactorContextTestExecutionListener@492f27c1, org.springframework.boot.test.autoconfigure.restdocs.RestDocsTestExecutionListener@266d6cb4, org.springframework.boot.test.autoconfigure.web.client.MockRestServiceServerResetTestExecutionListener@583090df, org.springframework.boot.test.autoconfigure.web.servlet.MockMvcPrintOnlyOnFailureTestExecutionListener@35d8414b, org.springframework.boot.test.autoconfigure.web.servlet.WebDriverTestExecutionListener@579791e, org.springframework.boot.test.mock.mockito.ResetMocksTestExecutionListener@48bcadc9]

  .   ____          _            __ _ _
 /\\ / ___'_ __ _ _(_)_ __  __ _ \ \ \ \
( ( )\___ | '_ | '_| | '_ \/ _` | \ \ \ \
 \\/  ___)| |_)| | | | | || (_| |  ) ) ) )
  '  |____| .__|_| |_|_| |_\__, | / / / /
 =========|_|==============|___/=/_/_/_/
 :: Spring Boot ::        (v2.1.7.RELEASE)

2021-08-13 19:24:12.569  INFO 14912 --- [    Test worker] c.y.b.s.web.BoardApiControllerTest       : Starting BoardApiControllerTest on dpdjv with PID 14912 (started by dpdjv in C:\Yeseong31\Study\SpringBoot2\springboot-webservice)
2021-08-13 19:24:12.570  INFO 14912 --- [    Test worker] c.y.b.s.web.BoardApiControllerTest       : No active profile set, falling back to default profiles: default
2021-08-13 19:24:12.734  INFO 14912 --- [    Test worker] .s.d.r.c.RepositoryConfigurationDelegate : Bootstrapping Spring Data repositories in DEFAULT mode.
2021-08-13 19:24:12.754  INFO 14912 --- [    Test worker] .s.d.r.c.RepositoryConfigurationDelegate : Finished Spring Data repository scanning in 20ms. Found 3 repository interfaces.
2021-08-13 19:24:12.864  INFO 14912 --- [    Test worker] trationDelegate$BeanPostProcessorChecker : Bean 'org.springframework.transaction.annotation.ProxyTransactionManagementConfiguration' of type [org.springframework.transaction.annotation.ProxyTransactionManagementConfiguration$$EnhancerBySpringCGLIB$$811eed6e] is not eligible for getting processed by all BeanPostProcessors (for example: not eligible for auto-proxying)
2021-08-13 19:24:13.053  INFO 14912 --- [    Test worker] o.s.b.w.embedded.tomcat.TomcatWebServer  : Tomcat initialized with port(s): 0 (http)
2021-08-13 19:24:13.073  INFO 14912 --- [    Test worker] o.apache.catalina.core.StandardService   : Starting service [Tomcat]
2021-08-13 19:24:13.073  INFO 14912 --- [    Test worker] org.apache.catalina.core.StandardEngine  : Starting Servlet engine: [Apache Tomcat/9.0.22]
2021-08-13 19:24:13.177  INFO 14912 --- [    Test worker] o.a.c.c.C.[Tomcat].[localhost].[/]       : Initializing Spring embedded WebApplicationContext
2021-08-13 19:24:13.177  INFO 14912 --- [    Test worker] o.s.web.context.ContextLoader            : Root WebApplicationContext: initialization completed in 605 ms
2021-08-13 19:24:13.299  INFO 14912 --- [    Test worker] com.zaxxer.hikari.HikariDataSource       : HikariPool-2 - Starting...
2021-08-13 19:24:13.300  INFO 14912 --- [    Test worker] com.zaxxer.hikari.HikariDataSource       : HikariPool-2 - Start completed.
2021-08-13 19:24:13.320  INFO 14912 --- [    Test worker] o.hibernate.jpa.internal.util.LogHelper  : HHH000204: Processing PersistenceUnitInfo [
	name: default
	...]
2021-08-13 19:24:13.326  INFO 14912 --- [    Test worker] org.hibernate.dialect.Dialect            : HHH000400: Using dialect: org.hibernate.dialect.MySQL5InnoDBDialect
Hibernate: drop table if exists board
Hibernate: drop table if exists posts
Hibernate: drop table if exists user
Hibernate: create table board (id bigint not null auto_increment, created_date datetime, modified_date datetime, building_year integer, ccd varchar(100), complex_name varchar(100), contract_day integer, contract_year_month integer, dedicated_area double precision, floor integer, house_num varchar(26), main_num varchar(26), road_name varchar(100), rrod integer, secondary_num varchar(26), transaction_amount integer, primary key (id)) engine=InnoDB
Hibernate: create table posts (id bigint not null auto_increment, created_date datetime, modified_date datetime, author varchar(255), content TEXT not null, title varchar(500) not null, primary key (id)) engine=InnoDB
Hibernate: create table user (id bigint not null auto_increment, created_date datetime, modified_date datetime, email varchar(255) not null, name varchar(255) not null, picture varchar(255), role varchar(255) not null, primary key (id)) engine=InnoDB
2021-08-13 19:24:13.375  INFO 14912 --- [    Test worker] o.h.t.schema.internal.SchemaCreatorImpl  : HHH000476: Executing import script 'org.hibernate.tool.schema.internal.exec.ScriptSourceInputNonExistentImpl@7ab309ae'
2021-08-13 19:24:13.375  INFO 14912 --- [    Test worker] j.LocalContainerEntityManagerFactoryBean : Initialized JPA EntityManagerFactory for persistence unit 'default'
2021-08-13 19:24:13.615  INFO 14912 --- [    Test worker] o.h.h.i.QueryTranslatorFactoryInitiator  : HHH000397: Using ASTQueryTranslatorFactory
2021-08-13 19:24:13.734  INFO 14912 --- [    Test worker] o.s.s.web.DefaultSecurityFilterChain     : Creating filter chain: any request, [org.springframework.security.web.context.request.async.WebAsyncManagerIntegrationFilter@47e32e52, org.springframework.security.web.context.SecurityContextPersistenceFilter@11338985, org.springframework.security.web.header.HeaderWriterFilter@5cfc5d10, org.springframework.security.web.authentication.logout.LogoutFilter@3c06a3f4, org.springframework.security.oauth2.client.web.OAuth2AuthorizationRequestRedirectFilter@3b1f07d9, org.springframework.security.oauth2.client.web.OAuth2LoginAuthenticationFilter@7e12813e, org.springframework.security.web.authentication.ui.DefaultLoginPageGeneratingFilter@31f47bee, org.springframework.security.web.authentication.ui.DefaultLogoutPageGeneratingFilter@53b29895, org.springframework.security.web.savedrequest.RequestCacheAwareFilter@41ca50f5, org.springframework.security.web.servletapi.SecurityContextHolderAwareRequestFilter@7f608101, org.springframework.security.web.authentication.AnonymousAuthenticationFilter@10506cf5, org.springframework.security.web.session.SessionManagementFilter@54a34f2c, org.springframework.security.web.access.ExceptionTranslationFilter@36bcd2a4, org.springframework.security.web.access.intercept.FilterSecurityInterceptor@6f1f7b40]
2021-08-13 19:24:13.863  INFO 14912 --- [    Test worker] o.s.s.concurrent.ThreadPoolTaskExecutor  : Initializing ExecutorService 'applicationTaskExecutor'
2021-08-13 19:24:13.871  WARN 14912 --- [    Test worker] aWebConfiguration$JpaWebMvcConfiguration : spring.jpa.open-in-view is enabled by default. Therefore, database queries may be performed during view rendering. Explicitly configure spring.jpa.open-in-view to disable this warning
2021-08-13 19:24:13.889  INFO 14912 --- [    Test worker] o.s.b.a.w.s.WelcomePageHandlerMapping    : Adding welcome page template: index
2021-08-13 19:24:14.059  INFO 14912 --- [    Test worker] s.a.ScheduledAnnotationBeanPostProcessor : No TaskScheduler/ScheduledExecutorService bean found for scheduled processing
2021-08-13 19:24:14.070  INFO 14912 --- [    Test worker] o.s.b.w.embedded.tomcat.TomcatWebServer  : Tomcat started on port(s): 14932 (http) with context path ''
2021-08-13 19:24:14.071  INFO 14912 --- [    Test worker] c.y.b.s.web.BoardApiControllerTest       : Started BoardApiControllerTest in 1.52 seconds (JVM running for 6.426)
2021-08-13 19:24:14.093  INFO 14912 --- [    Test worker] o.a.c.c.C.[Tomcat].[localhost].[/]       : Initializing Spring TestDispatcherServlet ''
2021-08-13 19:24:14.093  INFO 14912 --- [    Test worker] o.s.t.web.servlet.TestDispatcherServlet  : Initializing Servlet ''
2021-08-13 19:24:14.101  INFO 14912 --- [    Test worker] o.s.t.web.servlet.TestDispatcherServlet  : Completed initialization in 8 ms
Hibernate: insert into board (created_date, modified_date, building_year, ccd, complex_name, contract_day, contract_year_month, dedicated_area, floor, house_num, main_num, road_name, rrod, secondary_num, transaction_amount) values (?, ?, ?, ?, ?, ?, ?, ?, ?, ?, ?, ?, ?, ?, ?)
Hibernate: select board0_.id as id1_0_, board0_.created_date as created_2_0_, board0_.modified_date as modified3_0_, board0_.building_year as building4_0_, board0_.ccd as ccd5_0_, board0_.complex_name as complex_6_0_, board0_.contract_day as contract7_0_, board0_.contract_year_month as contract8_0_, board0_.dedicated_area as dedicate9_0_, board0_.floor as floor10_0_, board0_.house_num as house_n11_0_, board0_.main_num as main_nu12_0_, board0_.road_name as road_na13_0_, board0_.rrod as rrod14_0_, board0_.secondary_num as seconda15_0_, board0_.transaction_amount as transac16_0_ from board board0_ order by board0_.id
Hibernate: select board0_.id as id1_0_, board0_.created_date as created_2_0_, board0_.modified_date as modified3_0_, board0_.building_year as building4_0_, board0_.ccd as ccd5_0_, board0_.complex_name as complex_6_0_, board0_.contract_day as contract7_0_, board0_.contract_year_month as contract8_0_, board0_.dedicated_area as dedicate9_0_, board0_.floor as floor10_0_, board0_.house_num as house_n11_0_, board0_.main_num as main_nu12_0_, board0_.road_name as road_na13_0_, board0_.rrod as rrod14_0_, board0_.secondary_num as seconda15_0_, board0_.transaction_amount as transac16_0_ from board board0_
Hibernate: delete from board where id=?
]]></system-out>
  <system-err><![CDATA[]]></system-err>
</testsuite>
