<?xml version="1.0" encoding="UTF-8"?>
<testsuite name="com.yeseong.book.springboot.domain.posts.BoardRepositoryTest" tests="1" skipped="0" failures="0" errors="0" timestamp="2021-08-13T08:19:49" hostname="DPDJV" time="0.197">
  <properties/>
  <testcase name="게시글저장_불러오기()" classname="com.yeseong.book.springboot.domain.posts.BoardRepositoryTest" time="0.197"/>
  <system-out><![CDATA[17:19:45.524 [Test worker] DEBUG org.springframework.test.context.BootstrapUtils - Instantiating CacheAwareContextLoaderDelegate from class [org.springframework.test.context.cache.DefaultCacheAwareContextLoaderDelegate]
17:19:45.524 [Test worker] DEBUG org.springframework.test.context.BootstrapUtils - Instantiating BootstrapContext using constructor [public org.springframework.test.context.support.DefaultBootstrapContext(java.lang.Class,org.springframework.test.context.CacheAwareContextLoaderDelegate)]
17:19:45.555 [Test worker] DEBUG org.springframework.test.context.BootstrapUtils - Instantiating TestContextBootstrapper for test class [com.yeseong.book.springboot.domain.posts.BoardRepositoryTest] from class [org.springframework.boot.test.context.SpringBootTestContextBootstrapper]
17:19:45.555 [Test worker] INFO org.springframework.boot.test.context.SpringBootTestContextBootstrapper - Neither @ContextConfiguration nor @ContextHierarchy found for test class [com.yeseong.book.springboot.domain.posts.BoardRepositoryTest], using SpringBootContextLoader
17:19:45.555 [Test worker] DEBUG org.springframework.test.context.support.AbstractContextLoader - Did not detect default resource location for test class [com.yeseong.book.springboot.domain.posts.BoardRepositoryTest]: class path resource [com/yeseong/book/springboot/domain/posts/BoardRepositoryTest-context.xml] does not exist
17:19:45.555 [Test worker] DEBUG org.springframework.test.context.support.AbstractContextLoader - Did not detect default resource location for test class [com.yeseong.book.springboot.domain.posts.BoardRepositoryTest]: class path resource [com/yeseong/book/springboot/domain/posts/BoardRepositoryTestContext.groovy] does not exist
17:19:45.555 [Test worker] INFO org.springframework.test.context.support.AbstractContextLoader - Could not detect default resource locations for test class [com.yeseong.book.springboot.domain.posts.BoardRepositoryTest]: no resource found for suffixes {-context.xml, Context.groovy}.
17:19:45.571 [Test worker] INFO org.springframework.test.context.support.AnnotationConfigContextLoaderUtils - Could not detect default configuration classes for test class [com.yeseong.book.springboot.domain.posts.BoardRepositoryTest]: BoardRepositoryTest does not declare any static, non-private, non-final, nested classes annotated with @Configuration.
17:19:45.587 [Test worker] DEBUG org.springframework.test.context.support.ActiveProfilesUtils - Could not find an 'annotation declaring class' for annotation type [org.springframework.test.context.ActiveProfiles] and class [com.yeseong.book.springboot.domain.posts.BoardRepositoryTest]
17:19:45.634 [Test worker] DEBUG org.springframework.context.annotation.ClassPathScanningCandidateComponentProvider - Identified candidate component class: file [C:\Yeseong31\Study\SpringBoot2\springboot-webservice\build\classes\java\main\com\yeseong\book\springboot\Application.class]
17:19:45.634 [Test worker] INFO org.springframework.boot.test.context.SpringBootTestContextBootstrapper - Found @SpringBootConfiguration com.yeseong.book.springboot.Application for test class com.yeseong.book.springboot.domain.posts.BoardRepositoryTest
17:19:45.713 [Test worker] DEBUG org.springframework.boot.test.context.SpringBootTestContextBootstrapper - @TestExecutionListeners is not present for class [com.yeseong.book.springboot.domain.posts.BoardRepositoryTest]: using defaults.
17:19:45.713 [Test worker] INFO org.springframework.boot.test.context.SpringBootTestContextBootstrapper - Loaded default TestExecutionListener class names from location [META-INF/spring.factories]: [org.springframework.security.test.context.support.WithSecurityContextTestExecutionListener, org.springframework.security.test.context.support.ReactorContextTestExecutionListener, org.springframework.boot.test.autoconfigure.restdocs.RestDocsTestExecutionListener, org.springframework.boot.test.autoconfigure.web.client.MockRestServiceServerResetTestExecutionListener, org.springframework.boot.test.autoconfigure.web.servlet.MockMvcPrintOnlyOnFailureTestExecutionListener, org.springframework.boot.test.autoconfigure.web.servlet.WebDriverTestExecutionListener, org.springframework.boot.test.autoconfigure.webservices.client.MockWebServiceServerTestExecutionListener, org.springframework.boot.test.mock.mockito.MockitoTestExecutionListener, org.springframework.boot.test.mock.mockito.ResetMocksTestExecutionListener, org.springframework.test.context.web.ServletTestExecutionListener, org.springframework.test.context.support.DirtiesContextBeforeModesTestExecutionListener, org.springframework.test.context.support.DependencyInjectionTestExecutionListener, org.springframework.test.context.support.DirtiesContextTestExecutionListener, org.springframework.test.context.transaction.TransactionalTestExecutionListener, org.springframework.test.context.jdbc.SqlScriptsTestExecutionListener, org.springframework.test.context.event.EventPublishingTestExecutionListener]
17:19:45.728 [Test worker] INFO org.springframework.boot.test.context.SpringBootTestContextBootstrapper - Using TestExecutionListeners: [org.springframework.test.context.web.ServletTestExecutionListener@4e31e34e, org.springframework.test.context.support.DirtiesContextBeforeModesTestExecutionListener@54a2546d, org.springframework.boot.test.mock.mockito.MockitoTestExecutionListener@6db143db, org.springframework.boot.test.autoconfigure.SpringBootDependencyInjectionTestExecutionListener@bf673c2, org.springframework.test.context.support.DirtiesContextTestExecutionListener@4a9cca61, org.springframework.test.context.transaction.TransactionalTestExecutionListener@c5bfe63, org.springframework.test.context.jdbc.SqlScriptsTestExecutionListener@6b13dba8, org.springframework.security.test.context.support.WithSecurityContextTestExecutionListener@53c3dd6b, org.springframework.test.context.event.EventPublishingTestExecutionListener@7fa0cab0, org.springframework.security.test.context.support.ReactorContextTestExecutionListener@2c5b8bc1, org.springframework.boot.test.autoconfigure.restdocs.RestDocsTestExecutionListener@5960db79, org.springframework.boot.test.autoconfigure.web.client.MockRestServiceServerResetTestExecutionListener@14856dbb, org.springframework.boot.test.autoconfigure.web.servlet.MockMvcPrintOnlyOnFailureTestExecutionListener@6d09d0d1, org.springframework.boot.test.autoconfigure.web.servlet.WebDriverTestExecutionListener@1dfc5b32, org.springframework.boot.test.autoconfigure.webservices.client.MockWebServiceServerTestExecutionListener@4298e0e7, org.springframework.boot.test.mock.mockito.ResetMocksTestExecutionListener@7d4fb5ba]
17:19:45.728 [Test worker] DEBUG org.springframework.test.context.support.AbstractDirtiesContextTestExecutionListener - Before test class: context [DefaultTestContext@4943e8ac testClass = BoardRepositoryTest, testInstance = [null], testMethod = [null], testException = [null], mergedContextConfiguration = [WebMergedContextConfiguration@9030544 testClass = BoardRepositoryTest, locations = '{}', classes = '{class com.yeseong.book.springboot.Application}', contextInitializerClasses = '[]', activeProfiles = '{}', propertySourceLocations = '{}', propertySourceProperties = '{org.springframework.boot.test.context.SpringBootTestContextBootstrapper=true}', contextCustomizers = set[org.springframework.boot.test.autoconfigure.actuate.metrics.MetricsExportContextCustomizerFactory$DisableMetricExportContextCustomizer@1ae0222f, org.springframework.boot.test.autoconfigure.properties.PropertyMappingContextCustomizer@0, org.springframework.boot.test.autoconfigure.web.servlet.WebDriverContextCustomizerFactory$Customizer@1780feb7, org.springframework.boot.test.context.filter.ExcludeFilterContextCustomizer@687ab2e1, org.springframework.boot.test.json.DuplicateJsonObjectContextCustomizerFactory$DuplicateJsonObjectContextCustomizer@1823381b, org.springframework.boot.test.mock.mockito.MockitoContextCustomizer@0, org.springframework.boot.test.web.client.TestRestTemplateContextCustomizer@2b016ae3, org.springframework.boot.test.context.SpringBootTestArgs@1, org.springframework.boot.test.context.SpringBootTestWebEnvironment@140aa6ca], resourceBasePath = 'src/main/webapp', contextLoader = 'org.springframework.boot.test.context.SpringBootContextLoader', parent = [null]], attributes = map['org.springframework.test.context.web.ServletTestExecutionListener.activateListener' -> true]], class annotated with @DirtiesContext [false] with mode [null].
17:19:45.744 [Test worker] DEBUG org.springframework.test.context.support.TestPropertySourceUtils - Adding inlined properties to environment: {spring.jmx.enabled=false, org.springframework.boot.test.context.SpringBootTestContextBootstrapper=true}

  .   ____          _            __ _ _
 /\\ / ___'_ __ _ _(_)_ __  __ _ \ \ \ \
( ( )\___ | '_ | '_| | '_ \/ _` | \ \ \ \
 \\/  ___)| |_)| | | | | || (_| |  ) ) ) )
  '  |____| .__|_| |_|_| |_\__, | / / / /
 =========|_|==============|___/=/_/_/_/
 :: Spring Boot ::                (v2.4.1)

2021-08-13 17:19:45.940  INFO 8684 --- [    Test worker] c.y.b.s.d.posts.BoardRepositoryTest      : Starting BoardRepositoryTest using Java 1.8.0_302 on dpdjv with PID 8684 (started by dpdjv in C:\Yeseong31\Study\SpringBoot2\springboot-webservice)
2021-08-13 17:19:45.940  INFO 8684 --- [    Test worker] c.y.b.s.d.posts.BoardRepositoryTest      : No active profile set, falling back to default profiles: default
2021-08-13 17:19:46.426  INFO 8684 --- [    Test worker] .s.d.r.c.RepositoryConfigurationDelegate : Bootstrapping Spring Data JPA repositories in DEFAULT mode.
2021-08-13 17:19:46.473  INFO 8684 --- [    Test worker] .s.d.r.c.RepositoryConfigurationDelegate : Finished Spring Data repository scanning in 42 ms. Found 3 JPA repository interfaces.
2021-08-13 17:19:46.911  INFO 8684 --- [    Test worker] com.zaxxer.hikari.HikariDataSource       : HikariPool-1 - Starting...
2021-08-13 17:19:47.067  INFO 8684 --- [    Test worker] com.zaxxer.hikari.HikariDataSource       : HikariPool-1 - Start completed.
2021-08-13 17:19:47.130  INFO 8684 --- [    Test worker] o.hibernate.jpa.internal.util.LogHelper  : HHH000204: Processing PersistenceUnitInfo [name: default]
2021-08-13 17:19:47.176  INFO 8684 --- [    Test worker] org.hibernate.Version                    : HHH000412: Hibernate ORM core version 5.4.25.Final
2021-08-13 17:19:47.301  INFO 8684 --- [    Test worker] o.hibernate.annotations.common.Version   : HCANN000001: Hibernate Commons Annotations {5.1.2.Final}
2021-08-13 17:19:47.411  INFO 8684 --- [    Test worker] org.hibernate.dialect.Dialect            : HHH000400: Using dialect: org.hibernate.dialect.MySQL57Dialect
Hibernate: drop table if exists board
Hibernate: drop table if exists posts
Hibernate: drop table if exists user
Hibernate: create table board (id bigint not null auto_increment, created_date datetime(6), modified_date datetime(6), building_year integer, ccd varchar(100), complex_name varchar(100), contract_day integer, contract_year_month integer, dedicated_area double precision, floor integer, house_num varchar(26), main_num varchar(26), road_name varchar(100), rrod integer, secondary_num varchar(26), transaction_amount integer, primary key (id)) engine=InnoDB
Hibernate: create table posts (id bigint not null auto_increment, created_date datetime(6), modified_date datetime(6), author varchar(255), content TEXT not null, title varchar(500) not null, primary key (id)) engine=InnoDB
Hibernate: create table user (id bigint not null auto_increment, created_date datetime(6), modified_date datetime(6), email varchar(255) not null, name varchar(255) not null, picture varchar(255), role varchar(255) not null, primary key (id)) engine=InnoDB
2021-08-13 17:19:47.926  INFO 8684 --- [    Test worker] o.h.e.t.j.p.i.JtaPlatformInitiator       : HHH000490: Using JtaPlatform implementation: [org.hibernate.engine.transaction.jta.platform.internal.NoJtaPlatform]
2021-08-13 17:19:47.942  INFO 8684 --- [    Test worker] j.LocalContainerEntityManagerFactoryBean : Initialized JPA EntityManagerFactory for persistence unit 'default'
2021-08-13 17:19:48.317  WARN 8684 --- [    Test worker] JpaBaseConfiguration$JpaWebConfiguration : spring.jpa.open-in-view is enabled by default. Therefore, database queries may be performed during view rendering. Explicitly configure spring.jpa.open-in-view to disable this warning
2021-08-13 17:19:48.872  INFO 8684 --- [    Test worker] o.s.s.web.DefaultSecurityFilterChain     : Will secure any request with [org.springframework.security.web.context.request.async.WebAsyncManagerIntegrationFilter@178040e9, org.springframework.security.web.context.SecurityContextPersistenceFilter@2fd394db, org.springframework.security.web.header.HeaderWriterFilter@7b3b3c32, org.springframework.security.web.authentication.logout.LogoutFilter@46702f9b, org.springframework.security.oauth2.client.web.OAuth2AuthorizationRequestRedirectFilter@1688dfb7, org.springframework.security.oauth2.client.web.OAuth2LoginAuthenticationFilter@21d9722a, org.springframework.security.web.authentication.ui.DefaultLoginPageGeneratingFilter@318b3bce, org.springframework.security.web.authentication.ui.DefaultLogoutPageGeneratingFilter@1713d020, org.springframework.security.web.savedrequest.RequestCacheAwareFilter@5e7067b8, org.springframework.security.web.servletapi.SecurityContextHolderAwareRequestFilter@301d12a5, org.springframework.security.web.authentication.AnonymousAuthenticationFilter@1304d87f, org.springframework.security.web.session.SessionManagementFilter@38f172e7, org.springframework.security.web.access.ExceptionTranslationFilter@61894d3b, org.springframework.security.web.access.intercept.FilterSecurityInterceptor@7e2f6239]
2021-08-13 17:19:49.200  INFO 8684 --- [    Test worker] o.s.s.concurrent.ThreadPoolTaskExecutor  : Initializing ExecutorService 'applicationTaskExecutor'
2021-08-13 17:19:49.231  INFO 8684 --- [    Test worker] o.s.b.a.h2.H2ConsoleAutoConfiguration    : H2 console available at '/h2-console'. Database available at 'jdbc:h2:mem:testdb'
2021-08-13 17:19:49.278  INFO 8684 --- [    Test worker] o.s.b.a.w.s.WelcomePageHandlerMapping    : Adding welcome page template: index
2021-08-13 17:19:49.669  INFO 8684 --- [    Test worker] s.a.ScheduledAnnotationBeanPostProcessor : No TaskScheduler/ScheduledExecutorService bean found for scheduled processing
2021-08-13 17:19:49.669  INFO 8684 --- [    Test worker] c.y.b.s.d.posts.BoardRepositoryTest      : Started BoardRepositoryTest in 3.918 seconds (JVM running for 4.788)
Hibernate: insert into board (created_date, modified_date, building_year, ccd, complex_name, contract_day, contract_year_month, dedicated_area, floor, house_num, main_num, road_name, rrod, secondary_num, transaction_amount) values (?, ?, ?, ?, ?, ?, ?, ?, ?, ?, ?, ?, ?, ?, ?)
Hibernate: select board0_.id as id1_0_, board0_.created_date as created_2_0_, board0_.modified_date as modified3_0_, board0_.building_year as building4_0_, board0_.ccd as ccd5_0_, board0_.complex_name as complex_6_0_, board0_.contract_day as contract7_0_, board0_.contract_year_month as contract8_0_, board0_.dedicated_area as dedicate9_0_, board0_.floor as floor10_0_, board0_.house_num as house_n11_0_, board0_.main_num as main_nu12_0_, board0_.road_name as road_na13_0_, board0_.rrod as rrod14_0_, board0_.secondary_num as seconda15_0_, board0_.transaction_amount as transac16_0_ from board board0_ order by board0_.id
Hibernate: select board0_.id as id1_0_, board0_.created_date as created_2_0_, board0_.modified_date as modified3_0_, board0_.building_year as building4_0_, board0_.ccd as ccd5_0_, board0_.complex_name as complex_6_0_, board0_.contract_day as contract7_0_, board0_.contract_year_month as contract8_0_, board0_.dedicated_area as dedicate9_0_, board0_.floor as floor10_0_, board0_.house_num as house_n11_0_, board0_.main_num as main_nu12_0_, board0_.road_name as road_na13_0_, board0_.rrod as rrod14_0_, board0_.secondary_num as seconda15_0_, board0_.transaction_amount as transac16_0_ from board board0_
Hibernate: delete from board where id=?
]]></system-out>
  <system-err><![CDATA[]]></system-err>
</testsuite>
