<?xml version="1.0" encoding="UTF-8"?>
<testsuite name="com.yeseong.book.springboot.web.HelloControllerTest" tests="2" skipped="0" failures="0" errors="0" timestamp="2021-08-13T07:56:00" hostname="DPDJV" time="0.033">
  <properties/>
  <testcase name="hello가_리턴된다()" classname="com.yeseong.book.springboot.web.HelloControllerTest" time="0.012"/>
  <testcase name="helloDto가_리턴된다()" classname="com.yeseong.book.springboot.web.HelloControllerTest" time="0.021"/>
  <system-out><![CDATA[2021-08-13 16:55:59.735  INFO 10344 --- [    Test worker] .b.t.a.w.s.WebMvcTestContextBootstrapper : Neither @ContextConfiguration nor @ContextHierarchy found for test class [com.yeseong.book.springboot.web.HelloControllerTest], using SpringBootContextLoader
2021-08-13 16:55:59.735  INFO 10344 --- [    Test worker] o.s.t.c.support.AbstractContextLoader    : Could not detect default resource locations for test class [com.yeseong.book.springboot.web.HelloControllerTest]: no resource found for suffixes {-context.xml, Context.groovy}.
2021-08-13 16:55:59.735  INFO 10344 --- [    Test worker] t.c.s.AnnotationConfigContextLoaderUtils : Could not detect default configuration classes for test class [com.yeseong.book.springboot.web.HelloControllerTest]: HelloControllerTest does not declare any static, non-private, non-final, nested classes annotated with @Configuration.
2021-08-13 16:55:59.743  INFO 10344 --- [    Test worker] .b.t.c.SpringBootTestContextBootstrapper : Found @SpringBootConfiguration com.yeseong.book.springboot.Application for test class com.yeseong.book.springboot.web.HelloControllerTest
2021-08-13 16:55:59.744  INFO 10344 --- [    Test worker] .b.t.a.w.s.WebMvcTestContextBootstrapper : Loaded default TestExecutionListener class names from location [META-INF/spring.factories]: [org.springframework.security.test.context.support.WithSecurityContextTestExecutionListener, org.springframework.security.test.context.support.ReactorContextTestExecutionListener, org.springframework.boot.test.autoconfigure.restdocs.RestDocsTestExecutionListener, org.springframework.boot.test.autoconfigure.web.client.MockRestServiceServerResetTestExecutionListener, org.springframework.boot.test.autoconfigure.web.servlet.MockMvcPrintOnlyOnFailureTestExecutionListener, org.springframework.boot.test.autoconfigure.web.servlet.WebDriverTestExecutionListener, org.springframework.boot.test.autoconfigure.webservices.client.MockWebServiceServerTestExecutionListener, org.springframework.boot.test.mock.mockito.MockitoTestExecutionListener, org.springframework.boot.test.mock.mockito.ResetMocksTestExecutionListener, org.springframework.test.context.web.ServletTestExecutionListener, org.springframework.test.context.support.DirtiesContextBeforeModesTestExecutionListener, org.springframework.test.context.support.DependencyInjectionTestExecutionListener, org.springframework.test.context.support.DirtiesContextTestExecutionListener, org.springframework.test.context.transaction.TransactionalTestExecutionListener, org.springframework.test.context.jdbc.SqlScriptsTestExecutionListener, org.springframework.test.context.event.EventPublishingTestExecutionListener]
2021-08-13 16:55:59.744  INFO 10344 --- [    Test worker] .b.t.a.w.s.WebMvcTestContextBootstrapper : Using TestExecutionListeners: [org.springframework.test.context.web.ServletTestExecutionListener@363d783, org.springframework.test.context.support.DirtiesContextBeforeModesTestExecutionListener@3f7c075a, org.springframework.boot.test.mock.mockito.MockitoTestExecutionListener@12b0b43a, org.springframework.boot.test.autoconfigure.SpringBootDependencyInjectionTestExecutionListener@44e3ed4b, org.springframework.test.context.support.DirtiesContextTestExecutionListener@59a1f59b, org.springframework.test.context.transaction.TransactionalTestExecutionListener@6387f22, org.springframework.test.context.jdbc.SqlScriptsTestExecutionListener@113e0abb, org.springframework.security.test.context.support.WithSecurityContextTestExecutionListener@4aec3462, org.springframework.test.context.event.EventPublishingTestExecutionListener@1c371d89, org.springframework.security.test.context.support.ReactorContextTestExecutionListener@5933a042, org.springframework.boot.test.autoconfigure.restdocs.RestDocsTestExecutionListener@38b9120d, org.springframework.boot.test.autoconfigure.web.client.MockRestServiceServerResetTestExecutionListener@13dd6e5c, org.springframework.boot.test.autoconfigure.web.servlet.MockMvcPrintOnlyOnFailureTestExecutionListener@3722f2fb, org.springframework.boot.test.autoconfigure.web.servlet.WebDriverTestExecutionListener@73d765ed, org.springframework.boot.test.autoconfigure.webservices.client.MockWebServiceServerTestExecutionListener@38e38e0, org.springframework.boot.test.mock.mockito.ResetMocksTestExecutionListener@7b591943]

  .   ____          _            __ _ _
 /\\ / ___'_ __ _ _(_)_ __  __ _ \ \ \ \
( ( )\___ | '_ | '_| | '_ \/ _` | \ \ \ \
 \\/  ___)| |_)| | | | | || (_| |  ) ) ) )
  '  |____| .__|_| |_|_| |_\__, | / / / /
 =========|_|==============|___/=/_/_/_/
 :: Spring Boot ::                (v2.4.1)

2021-08-13 16:55:59.764  INFO 10344 --- [    Test worker] c.y.b.s.web.HelloControllerTest          : Starting HelloControllerTest using Java 1.8.0_302 on dpdjv with PID 10344 (started by dpdjv in C:\Yeseong31\Study\SpringBoot2\springboot-webservice)
2021-08-13 16:55:59.764  INFO 10344 --- [    Test worker] c.y.b.s.web.HelloControllerTest          : No active profile set, falling back to default profiles: default
2021-08-13 16:55:59.968  INFO 10344 --- [    Test worker] o.s.s.concurrent.ThreadPoolTaskExecutor  : Initializing ExecutorService 'applicationTaskExecutor'
2021-08-13 16:55:59.986  INFO 10344 --- [    Test worker] o.s.b.a.w.s.WelcomePageHandlerMapping    : Adding welcome page template: index
2021-08-13 16:56:00.189  INFO 10344 --- [    Test worker] o.s.s.web.DefaultSecurityFilterChain     : Will secure any request with [org.springframework.security.web.context.request.async.WebAsyncManagerIntegrationFilter@56dd37d2, org.springframework.security.web.context.SecurityContextPersistenceFilter@2e136118, org.springframework.security.web.header.HeaderWriterFilter@72e9fecf, org.springframework.security.web.csrf.CsrfFilter@18383c85, org.springframework.security.web.authentication.logout.LogoutFilter@5b8e85a9, org.springframework.security.oauth2.client.web.OAuth2AuthorizationRequestRedirectFilter@477c4201, org.springframework.security.oauth2.client.web.OAuth2AuthorizationRequestRedirectFilter@10240371, org.springframework.security.oauth2.client.web.OAuth2LoginAuthenticationFilter@69e00e24, org.springframework.security.web.authentication.ui.DefaultLoginPageGeneratingFilter@67561a32, org.springframework.security.web.authentication.ui.DefaultLogoutPageGeneratingFilter@54f82d45, org.springframework.security.web.savedrequest.RequestCacheAwareFilter@19e4b00a, org.springframework.security.web.servletapi.SecurityContextHolderAwareRequestFilter@24463a7f, org.springframework.security.web.authentication.AnonymousAuthenticationFilter@7a907d8c, org.springframework.security.oauth2.client.web.OAuth2AuthorizationCodeGrantFilter@8a4dc5a, org.springframework.security.web.session.SessionManagementFilter@2b6c2803, org.springframework.security.web.access.ExceptionTranslationFilter@2e6a4d4, org.springframework.security.web.access.intercept.FilterSecurityInterceptor@65d38dc4]
2021-08-13 16:56:00.221  INFO 10344 --- [    Test worker] o.s.b.t.m.w.SpringBootMockServletContext : Initializing Spring TestDispatcherServlet ''
2021-08-13 16:56:00.221  INFO 10344 --- [    Test worker] o.s.t.web.servlet.TestDispatcherServlet  : Initializing Servlet ''
2021-08-13 16:56:00.221  INFO 10344 --- [    Test worker] o.s.t.web.servlet.TestDispatcherServlet  : Completed initialization in 0 ms
2021-08-13 16:56:00.236  INFO 10344 --- [    Test worker] c.y.b.s.web.HelloControllerTest          : Started HelloControllerTest in 0.494 seconds (JVM running for 7.311)
]]></system-out>
  <system-err><![CDATA[]]></system-err>
</testsuite>
