<?xml version="1.0" encoding="UTF-8"?>
<testsuite name="com.yeseong.book.springboot.web.HelloControllerTest" tests="2" skipped="0" failures="0" errors="0" timestamp="2021-08-13T08:19:52" hostname="DPDJV" time="0.034">
  <properties/>
  <testcase name="hello가_리턴된다()" classname="com.yeseong.book.springboot.web.HelloControllerTest" time="0.013"/>
  <testcase name="helloDto가_리턴된다()" classname="com.yeseong.book.springboot.web.HelloControllerTest" time="0.021"/>
  <system-out><![CDATA[2021-08-13 17:19:51.534  INFO 8684 --- [    Test worker] .b.t.a.w.s.WebMvcTestContextBootstrapper : Neither @ContextConfiguration nor @ContextHierarchy found for test class [com.yeseong.book.springboot.web.HelloControllerTest], using SpringBootContextLoader
2021-08-13 17:19:51.535  INFO 8684 --- [    Test worker] o.s.t.c.support.AbstractContextLoader    : Could not detect default resource locations for test class [com.yeseong.book.springboot.web.HelloControllerTest]: no resource found for suffixes {-context.xml, Context.groovy}.
2021-08-13 17:19:51.535  INFO 8684 --- [    Test worker] t.c.s.AnnotationConfigContextLoaderUtils : Could not detect default configuration classes for test class [com.yeseong.book.springboot.web.HelloControllerTest]: HelloControllerTest does not declare any static, non-private, non-final, nested classes annotated with @Configuration.
2021-08-13 17:19:51.542  INFO 8684 --- [    Test worker] .b.t.c.SpringBootTestContextBootstrapper : Found @SpringBootConfiguration com.yeseong.book.springboot.Application for test class com.yeseong.book.springboot.web.HelloControllerTest
2021-08-13 17:19:51.542  INFO 8684 --- [    Test worker] .b.t.a.w.s.WebMvcTestContextBootstrapper : Loaded default TestExecutionListener class names from location [META-INF/spring.factories]: [org.springframework.security.test.context.support.WithSecurityContextTestExecutionListener, org.springframework.security.test.context.support.ReactorContextTestExecutionListener, org.springframework.boot.test.autoconfigure.restdocs.RestDocsTestExecutionListener, org.springframework.boot.test.autoconfigure.web.client.MockRestServiceServerResetTestExecutionListener, org.springframework.boot.test.autoconfigure.web.servlet.MockMvcPrintOnlyOnFailureTestExecutionListener, org.springframework.boot.test.autoconfigure.web.servlet.WebDriverTestExecutionListener, org.springframework.boot.test.autoconfigure.webservices.client.MockWebServiceServerTestExecutionListener, org.springframework.boot.test.mock.mockito.MockitoTestExecutionListener, org.springframework.boot.test.mock.mockito.ResetMocksTestExecutionListener, org.springframework.test.context.web.ServletTestExecutionListener, org.springframework.test.context.support.DirtiesContextBeforeModesTestExecutionListener, org.springframework.test.context.support.DependencyInjectionTestExecutionListener, org.springframework.test.context.support.DirtiesContextTestExecutionListener, org.springframework.test.context.transaction.TransactionalTestExecutionListener, org.springframework.test.context.jdbc.SqlScriptsTestExecutionListener, org.springframework.test.context.event.EventPublishingTestExecutionListener]
2021-08-13 17:19:51.543  INFO 8684 --- [    Test worker] .b.t.a.w.s.WebMvcTestContextBootstrapper : Using TestExecutionListeners: [org.springframework.test.context.web.ServletTestExecutionListener@4a058638, org.springframework.test.context.support.DirtiesContextBeforeModesTestExecutionListener@35f05151, org.springframework.boot.test.mock.mockito.MockitoTestExecutionListener@2779bc51, org.springframework.boot.test.autoconfigure.SpringBootDependencyInjectionTestExecutionListener@addefeb, org.springframework.test.context.support.DirtiesContextTestExecutionListener@6c0f8cce, org.springframework.test.context.transaction.TransactionalTestExecutionListener@5b4222c7, org.springframework.test.context.jdbc.SqlScriptsTestExecutionListener@313386ca, org.springframework.security.test.context.support.WithSecurityContextTestExecutionListener@54f485b0, org.springframework.test.context.event.EventPublishingTestExecutionListener@448d0a1c, org.springframework.security.test.context.support.ReactorContextTestExecutionListener@e935c50, org.springframework.boot.test.autoconfigure.restdocs.RestDocsTestExecutionListener@23bb9e9e, org.springframework.boot.test.autoconfigure.web.client.MockRestServiceServerResetTestExecutionListener@5312565c, org.springframework.boot.test.autoconfigure.web.servlet.MockMvcPrintOnlyOnFailureTestExecutionListener@7f637bc8, org.springframework.boot.test.autoconfigure.web.servlet.WebDriverTestExecutionListener@6b06d9a8, org.springframework.boot.test.autoconfigure.webservices.client.MockWebServiceServerTestExecutionListener@1436f538, org.springframework.boot.test.mock.mockito.ResetMocksTestExecutionListener@55d7e154]

  .   ____          _            __ _ _
 /\\ / ___'_ __ _ _(_)_ __  __ _ \ \ \ \
( ( )\___ | '_ | '_| | '_ \/ _` | \ \ \ \
 \\/  ___)| |_)| | | | | || (_| |  ) ) ) )
  '  |____| .__|_| |_|_| |_\__, | / / / /
 =========|_|==============|___/=/_/_/_/
 :: Spring Boot ::                (v2.4.1)

2021-08-13 17:19:51.557  INFO 8684 --- [    Test worker] c.y.b.s.web.HelloControllerTest          : Starting HelloControllerTest using Java 1.8.0_302 on dpdjv with PID 8684 (started by dpdjv in C:\Yeseong31\Study\SpringBoot2\springboot-webservice)
2021-08-13 17:19:51.557  INFO 8684 --- [    Test worker] c.y.b.s.web.HelloControllerTest          : No active profile set, falling back to default profiles: default
2021-08-13 17:19:51.770  INFO 8684 --- [    Test worker] o.s.s.concurrent.ThreadPoolTaskExecutor  : Initializing ExecutorService 'applicationTaskExecutor'
2021-08-13 17:19:51.792  INFO 8684 --- [    Test worker] o.s.b.a.w.s.WelcomePageHandlerMapping    : Adding welcome page template: index
2021-08-13 17:19:52.000  INFO 8684 --- [    Test worker] o.s.s.web.DefaultSecurityFilterChain     : Will secure any request with [org.springframework.security.web.context.request.async.WebAsyncManagerIntegrationFilter@2ff16586, org.springframework.security.web.context.SecurityContextPersistenceFilter@713dddb2, org.springframework.security.web.header.HeaderWriterFilter@3181c0ff, org.springframework.security.web.csrf.CsrfFilter@47298210, org.springframework.security.web.authentication.logout.LogoutFilter@2140657, org.springframework.security.oauth2.client.web.OAuth2AuthorizationRequestRedirectFilter@7be91dfb, org.springframework.security.oauth2.client.web.OAuth2AuthorizationRequestRedirectFilter@52c35baa, org.springframework.security.oauth2.client.web.OAuth2LoginAuthenticationFilter@6e85ca8b, org.springframework.security.web.authentication.ui.DefaultLoginPageGeneratingFilter@5615724f, org.springframework.security.web.authentication.ui.DefaultLogoutPageGeneratingFilter@14c390c6, org.springframework.security.web.savedrequest.RequestCacheAwareFilter@71a79fb, org.springframework.security.web.servletapi.SecurityContextHolderAwareRequestFilter@38a3c7df, org.springframework.security.web.authentication.AnonymousAuthenticationFilter@653361d2, org.springframework.security.oauth2.client.web.OAuth2AuthorizationCodeGrantFilter@411612ee, org.springframework.security.web.session.SessionManagementFilter@3ab3fddd, org.springframework.security.web.access.ExceptionTranslationFilter@1ccd5395, org.springframework.security.web.access.intercept.FilterSecurityInterceptor@6e8a5e17]
2021-08-13 17:19:52.031  INFO 8684 --- [    Test worker] o.s.b.t.m.w.SpringBootMockServletContext : Initializing Spring TestDispatcherServlet ''
2021-08-13 17:19:52.031  INFO 8684 --- [    Test worker] o.s.t.web.servlet.TestDispatcherServlet  : Initializing Servlet ''
2021-08-13 17:19:52.031  INFO 8684 --- [    Test worker] o.s.t.web.servlet.TestDispatcherServlet  : Completed initialization in 0 ms
2021-08-13 17:19:52.046  INFO 8684 --- [    Test worker] c.y.b.s.web.HelloControllerTest          : Started HelloControllerTest in 0.506 seconds (JVM running for 7.159)
]]></system-out>
  <system-err><![CDATA[]]></system-err>
</testsuite>
