<?xml version="1.0" encoding="UTF-8"?>
<testsuite name="com.yeseong.book.springboot.web.IndexControllerTest" tests="1" skipped="0" failures="0" errors="0" timestamp="2021-08-14T07:25:58" hostname="dpdjv" time="0.099">
  <properties/>
  <testcase name="메인페이지_로딩" classname="com.yeseong.book.springboot.web.IndexControllerTest" time="0.099"/>
  <system-out><![CDATA[2021-08-14 16:25:58.030  INFO 5840 --- [    Test worker] .b.t.c.SpringBootTestContextBootstrapper : Neither @ContextConfiguration nor @ContextHierarchy found for test class [com.yeseong.book.springboot.web.IndexControllerTest], using SpringBootContextLoader
2021-08-14 16:25:58.031  INFO 5840 --- [    Test worker] o.s.t.c.support.AbstractContextLoader    : Could not detect default resource locations for test class [com.yeseong.book.springboot.web.IndexControllerTest]: no resource found for suffixes {-context.xml, Context.groovy}.
2021-08-14 16:25:58.031  INFO 5840 --- [    Test worker] t.c.s.AnnotationConfigContextLoaderUtils : Could not detect default configuration classes for test class [com.yeseong.book.springboot.web.IndexControllerTest]: IndexControllerTest does not declare any static, non-private, non-final, nested classes annotated with @Configuration.
2021-08-14 16:25:58.032  INFO 5840 --- [    Test worker] .b.t.c.SpringBootTestContextBootstrapper : Found @SpringBootConfiguration com.yeseong.book.springboot.Application for test class com.yeseong.book.springboot.web.IndexControllerTest
2021-08-14 16:25:58.032  INFO 5840 --- [    Test worker] .b.t.c.SpringBootTestContextBootstrapper : Loaded default TestExecutionListener class names from location [META-INF/spring.factories]: [org.springframework.security.test.context.support.WithSecurityContextTestExecutionListener, org.springframework.security.test.context.support.ReactorContextTestExecutionListener, org.springframework.test.context.web.ServletTestExecutionListener, org.springframework.test.context.support.DirtiesContextBeforeModesTestExecutionListener, org.springframework.test.context.support.DependencyInjectionTestExecutionListener, org.springframework.test.context.support.DirtiesContextTestExecutionListener, org.springframework.test.context.transaction.TransactionalTestExecutionListener, org.springframework.test.context.jdbc.SqlScriptsTestExecutionListener, org.springframework.boot.test.autoconfigure.restdocs.RestDocsTestExecutionListener, org.springframework.boot.test.autoconfigure.web.client.MockRestServiceServerResetTestExecutionListener, org.springframework.boot.test.autoconfigure.web.servlet.MockMvcPrintOnlyOnFailureTestExecutionListener, org.springframework.boot.test.autoconfigure.web.servlet.WebDriverTestExecutionListener, org.springframework.boot.test.mock.mockito.MockitoTestExecutionListener, org.springframework.boot.test.mock.mockito.ResetMocksTestExecutionListener]
2021-08-14 16:25:58.033  INFO 5840 --- [    Test worker] .b.t.c.SpringBootTestContextBootstrapper : Using TestExecutionListeners: [org.springframework.test.context.web.ServletTestExecutionListener@d5b660f, org.springframework.test.context.support.DirtiesContextBeforeModesTestExecutionListener@4a22d6bd, org.springframework.boot.test.mock.mockito.MockitoTestExecutionListener@135990b1, org.springframework.boot.test.autoconfigure.SpringBootDependencyInjectionTestExecutionListener@2c54413f, org.springframework.test.context.support.DirtiesContextTestExecutionListener@7ae921a4, org.springframework.test.context.transaction.TransactionalTestExecutionListener@2622877a, org.springframework.test.context.jdbc.SqlScriptsTestExecutionListener@79a14717, org.springframework.security.test.context.support.WithSecurityContextTestExecutionListener@77f2aca5, org.springframework.security.test.context.support.ReactorContextTestExecutionListener@442547fe, org.springframework.boot.test.autoconfigure.restdocs.RestDocsTestExecutionListener@760e0157, org.springframework.boot.test.autoconfigure.web.client.MockRestServiceServerResetTestExecutionListener@5e4697e, org.springframework.boot.test.autoconfigure.web.servlet.MockMvcPrintOnlyOnFailureTestExecutionListener@67917ae3, org.springframework.boot.test.autoconfigure.web.servlet.WebDriverTestExecutionListener@9e5cb58, org.springframework.boot.test.mock.mockito.ResetMocksTestExecutionListener@fe7678a]
2021-08-14 16:25:58.088  INFO 5840 --- [o-auto-1-exec-1] o.a.c.c.C.[Tomcat].[localhost].[/]       : Initializing Spring DispatcherServlet 'dispatcherServlet'
2021-08-14 16:25:58.089  INFO 5840 --- [o-auto-1-exec-1] o.s.web.servlet.DispatcherServlet        : Initializing Servlet 'dispatcherServlet'
2021-08-14 16:25:58.091  INFO 5840 --- [o-auto-1-exec-1] o.s.web.servlet.DispatcherServlet        : Completed initialization in 2 ms
Hibernate: select posts0_.id as id1_1_, posts0_.created_date as created_2_1_, posts0_.modified_date as modified3_1_, posts0_.author as author4_1_, posts0_.content as content5_1_, posts0_.title as title6_1_ from posts posts0_ order by posts0_.id DESC
]]></system-out>
  <system-err><![CDATA[]]></system-err>
</testsuite>
