<?xml version="1.0" encoding="UTF-8"?>
<testsuite name="com.yeseong.book.springboot.web.HelloControllerTest" tests="2" skipped="0" failures="0" errors="0" timestamp="2021-08-15T08:31:14" hostname="dpdjv" time="0.037">
  <properties/>
  <testcase name="hello가_리턴된다" classname="com.yeseong.book.springboot.web.HelloControllerTest" time="0.011"/>
  <testcase name="helloDto가_리턴된다" classname="com.yeseong.book.springboot.web.HelloControllerTest" time="0.026"/>
  <system-out><![CDATA[2021-08-15 17:31:13.732  INFO 15552 --- [    Test worker] .b.t.a.w.s.WebMvcTestContextBootstrapper : Neither @ContextConfiguration nor @ContextHierarchy found for test class [com.yeseong.book.springboot.web.HelloControllerTest], using SpringBootContextLoader
2021-08-15 17:31:13.732  INFO 15552 --- [    Test worker] o.s.t.c.support.AbstractContextLoader    : Could not detect default resource locations for test class [com.yeseong.book.springboot.web.HelloControllerTest]: no resource found for suffixes {-context.xml, Context.groovy}.
2021-08-15 17:31:13.732  INFO 15552 --- [    Test worker] t.c.s.AnnotationConfigContextLoaderUtils : Could not detect default configuration classes for test class [com.yeseong.book.springboot.web.HelloControllerTest]: HelloControllerTest does not declare any static, non-private, non-final, nested classes annotated with @Configuration.
2021-08-15 17:31:13.741  INFO 15552 --- [    Test worker] .b.t.c.SpringBootTestContextBootstrapper : Found @SpringBootConfiguration com.yeseong.book.springboot.Application for test class com.yeseong.book.springboot.web.HelloControllerTest
2021-08-15 17:31:13.741  INFO 15552 --- [    Test worker] .b.t.a.w.s.WebMvcTestContextBootstrapper : Loaded default TestExecutionListener class names from location [META-INF/spring.factories]: [org.springframework.security.test.context.support.WithSecurityContextTestExecutionListener, org.springframework.security.test.context.support.ReactorContextTestExecutionListener, org.springframework.boot.test.autoconfigure.restdocs.RestDocsTestExecutionListener, org.springframework.boot.test.autoconfigure.web.client.MockRestServiceServerResetTestExecutionListener, org.springframework.boot.test.autoconfigure.web.servlet.MockMvcPrintOnlyOnFailureTestExecutionListener, org.springframework.boot.test.autoconfigure.web.servlet.WebDriverTestExecutionListener, org.springframework.boot.test.mock.mockito.MockitoTestExecutionListener, org.springframework.boot.test.mock.mockito.ResetMocksTestExecutionListener, org.springframework.test.context.web.ServletTestExecutionListener, org.springframework.test.context.support.DirtiesContextBeforeModesTestExecutionListener, org.springframework.test.context.support.DependencyInjectionTestExecutionListener, org.springframework.test.context.support.DirtiesContextTestExecutionListener, org.springframework.test.context.transaction.TransactionalTestExecutionListener, org.springframework.test.context.jdbc.SqlScriptsTestExecutionListener]
2021-08-15 17:31:13.741  INFO 15552 --- [    Test worker] .b.t.a.w.s.WebMvcTestContextBootstrapper : Using TestExecutionListeners: [org.springframework.test.context.web.ServletTestExecutionListener@64739bc7, org.springframework.test.context.support.DirtiesContextBeforeModesTestExecutionListener@568a503, org.springframework.boot.test.mock.mockito.MockitoTestExecutionListener@7e945719, org.springframework.boot.test.autoconfigure.SpringBootDependencyInjectionTestExecutionListener@5f0288e2, org.springframework.test.context.support.DirtiesContextTestExecutionListener@27d79d66, org.springframework.test.context.transaction.TransactionalTestExecutionListener@67d77422, org.springframework.test.context.jdbc.SqlScriptsTestExecutionListener@3ba7db5e, org.springframework.security.test.context.support.WithSecurityContextTestExecutionListener@70291150, org.springframework.security.test.context.support.ReactorContextTestExecutionListener@6b0e8e9e, org.springframework.boot.test.autoconfigure.restdocs.RestDocsTestExecutionListener@372491b9, org.springframework.boot.test.autoconfigure.web.client.MockRestServiceServerResetTestExecutionListener@32dcc128, org.springframework.boot.test.autoconfigure.web.servlet.MockMvcPrintOnlyOnFailureTestExecutionListener@a47e5b2, org.springframework.boot.test.autoconfigure.web.servlet.WebDriverTestExecutionListener@1522f01a, org.springframework.boot.test.mock.mockito.ResetMocksTestExecutionListener@698125e]

  .   ____          _            __ _ _
 /\\ / ___'_ __ _ _(_)_ __  __ _ \ \ \ \
( ( )\___ | '_ | '_| | '_ \/ _` | \ \ \ \
 \\/  ___)| |_)| | | | | || (_| |  ) ) ) )
  '  |____| .__|_| |_|_| |_\__, | / / / /
 =========|_|==============|___/=/_/_/_/
 :: Spring Boot ::        (v2.1.7.RELEASE)

2021-08-15 17:31:13.763  INFO 15552 --- [    Test worker] c.y.b.s.web.HelloControllerTest          : Starting HelloControllerTest on dpdjv with PID 15552 (started by dpdjv in C:\Yeseong31\Study\SpringBoot2\springboot-webservice)
2021-08-15 17:31:13.764  INFO 15552 --- [    Test worker] c.y.b.s.web.HelloControllerTest          : No active profile set, falling back to default profiles: default
2021-08-15 17:31:14.016  INFO 15552 --- [    Test worker] o.s.s.concurrent.ThreadPoolTaskExecutor  : Initializing ExecutorService 'applicationTaskExecutor'
2021-08-15 17:31:14.036  INFO 15552 --- [    Test worker] o.s.b.a.w.s.WelcomePageHandlerMapping    : Adding welcome page template: index
2021-08-15 17:31:14.160  INFO 15552 --- [    Test worker] .s.s.UserDetailsServiceAutoConfiguration : 

Using generated security password: a7f4083d-766d-4d85-9cc1-58b7ea336426

2021-08-15 17:31:14.236  INFO 15552 --- [    Test worker] o.s.s.web.DefaultSecurityFilterChain     : Creating filter chain: any request, [org.springframework.security.web.context.request.async.WebAsyncManagerIntegrationFilter@73e4bd77, org.springframework.security.web.context.SecurityContextPersistenceFilter@2183f7e8, org.springframework.security.web.header.HeaderWriterFilter@5ca89d64, org.springframework.security.web.csrf.CsrfFilter@26f3c9f7, org.springframework.security.web.authentication.logout.LogoutFilter@724fdd00, org.springframework.security.web.authentication.UsernamePasswordAuthenticationFilter@4b29d3e1, org.springframework.security.web.authentication.ui.DefaultLoginPageGeneratingFilter@bb259f6, org.springframework.security.web.authentication.ui.DefaultLogoutPageGeneratingFilter@dbc40fa, org.springframework.security.web.authentication.www.BasicAuthenticationFilter@45bdad83, org.springframework.security.web.savedrequest.RequestCacheAwareFilter@151830b0, org.springframework.security.web.servletapi.SecurityContextHolderAwareRequestFilter@d43dcca, org.springframework.security.web.authentication.AnonymousAuthenticationFilter@2545257b, org.springframework.security.web.session.SessionManagementFilter@64ac5b77, org.springframework.security.web.access.ExceptionTranslationFilter@6a4bcc84, org.springframework.security.web.access.intercept.FilterSecurityInterceptor@7a093a11]
2021-08-15 17:31:14.243  INFO 15552 --- [    Test worker] o.s.b.t.m.w.SpringBootMockServletContext : Initializing Spring TestDispatcherServlet ''
2021-08-15 17:31:14.244  INFO 15552 --- [    Test worker] o.s.t.web.servlet.TestDispatcherServlet  : Initializing Servlet ''
2021-08-15 17:31:14.245  INFO 15552 --- [    Test worker] o.s.t.web.servlet.TestDispatcherServlet  : Completed initialization in 1 ms
2021-08-15 17:31:14.260  INFO 15552 --- [    Test worker] c.y.b.s.web.HelloControllerTest          : Started HelloControllerTest in 0.515 seconds (JVM running for 5.867)
]]></system-out>
  <system-err><![CDATA[]]></system-err>
</testsuite>
