<?xml version="1.0" encoding="UTF-8"?>
<testsuite name="com.yeseong.book.springboot.web.HelloControllerTest" tests="2" skipped="0" failures="0" errors="0" timestamp="2021-08-15T06:05:20" hostname="dpdjv" time="0.03">
  <properties/>
  <testcase name="hello가_리턴된다" classname="com.yeseong.book.springboot.web.HelloControllerTest" time="0.009"/>
  <testcase name="helloDto가_리턴된다" classname="com.yeseong.book.springboot.web.HelloControllerTest" time="0.02"/>
  <system-out><![CDATA[2021-08-15 15:05:19.973  INFO 5532 --- [    Test worker] .b.t.a.w.s.WebMvcTestContextBootstrapper : Neither @ContextConfiguration nor @ContextHierarchy found for test class [com.yeseong.book.springboot.web.HelloControllerTest], using SpringBootContextLoader
2021-08-15 15:05:19.973  INFO 5532 --- [    Test worker] o.s.t.c.support.AbstractContextLoader    : Could not detect default resource locations for test class [com.yeseong.book.springboot.web.HelloControllerTest]: no resource found for suffixes {-context.xml, Context.groovy}.
2021-08-15 15:05:19.973  INFO 5532 --- [    Test worker] t.c.s.AnnotationConfigContextLoaderUtils : Could not detect default configuration classes for test class [com.yeseong.book.springboot.web.HelloControllerTest]: HelloControllerTest does not declare any static, non-private, non-final, nested classes annotated with @Configuration.
2021-08-15 15:05:19.989  INFO 5532 --- [    Test worker] .b.t.c.SpringBootTestContextBootstrapper : Found @SpringBootConfiguration com.yeseong.book.springboot.Application for test class com.yeseong.book.springboot.web.HelloControllerTest
2021-08-15 15:05:19.989  INFO 5532 --- [    Test worker] .b.t.a.w.s.WebMvcTestContextBootstrapper : Loaded default TestExecutionListener class names from location [META-INF/spring.factories]: [org.springframework.security.test.context.support.WithSecurityContextTestExecutionListener, org.springframework.security.test.context.support.ReactorContextTestExecutionListener, org.springframework.boot.test.autoconfigure.restdocs.RestDocsTestExecutionListener, org.springframework.boot.test.autoconfigure.web.client.MockRestServiceServerResetTestExecutionListener, org.springframework.boot.test.autoconfigure.web.servlet.MockMvcPrintOnlyOnFailureTestExecutionListener, org.springframework.boot.test.autoconfigure.web.servlet.WebDriverTestExecutionListener, org.springframework.boot.test.mock.mockito.MockitoTestExecutionListener, org.springframework.boot.test.mock.mockito.ResetMocksTestExecutionListener, org.springframework.test.context.web.ServletTestExecutionListener, org.springframework.test.context.support.DirtiesContextBeforeModesTestExecutionListener, org.springframework.test.context.support.DependencyInjectionTestExecutionListener, org.springframework.test.context.support.DirtiesContextTestExecutionListener, org.springframework.test.context.transaction.TransactionalTestExecutionListener, org.springframework.test.context.jdbc.SqlScriptsTestExecutionListener]
2021-08-15 15:05:19.989  INFO 5532 --- [    Test worker] .b.t.a.w.s.WebMvcTestContextBootstrapper : Using TestExecutionListeners: [org.springframework.test.context.web.ServletTestExecutionListener@39eb21e5, org.springframework.test.context.support.DirtiesContextBeforeModesTestExecutionListener@c65d8a4, org.springframework.boot.test.mock.mockito.MockitoTestExecutionListener@e82914a, org.springframework.boot.test.autoconfigure.SpringBootDependencyInjectionTestExecutionListener@27333513, org.springframework.test.context.support.DirtiesContextTestExecutionListener@47b7cc19, org.springframework.test.context.transaction.TransactionalTestExecutionListener@65b58cb3, org.springframework.test.context.jdbc.SqlScriptsTestExecutionListener@7f27498e, org.springframework.security.test.context.support.WithSecurityContextTestExecutionListener@418260d4, org.springframework.security.test.context.support.ReactorContextTestExecutionListener@382cabf9, org.springframework.boot.test.autoconfigure.restdocs.RestDocsTestExecutionListener@7135785b, org.springframework.boot.test.autoconfigure.web.client.MockRestServiceServerResetTestExecutionListener@349b24ca, org.springframework.boot.test.autoconfigure.web.servlet.MockMvcPrintOnlyOnFailureTestExecutionListener@66cd764d, org.springframework.boot.test.autoconfigure.web.servlet.WebDriverTestExecutionListener@3b636a0e, org.springframework.boot.test.mock.mockito.ResetMocksTestExecutionListener@614e2a99]

  .   ____          _            __ _ _
 /\\ / ___'_ __ _ _(_)_ __  __ _ \ \ \ \
( ( )\___ | '_ | '_| | '_ \/ _` | \ \ \ \
 \\/  ___)| |_)| | | | | || (_| |  ) ) ) )
  '  |____| .__|_| |_|_| |_\__, | / / / /
 =========|_|==============|___/=/_/_/_/
 :: Spring Boot ::        (v2.1.7.RELEASE)

2021-08-15 15:05:20.021  INFO 5532 --- [    Test worker] c.y.b.s.web.HelloControllerTest          : Starting HelloControllerTest on dpdjv with PID 5532 (started by dpdjv in C:\Yeseong31\Study\SpringBoot2\springboot-webservice)
2021-08-15 15:05:20.021  INFO 5532 --- [    Test worker] c.y.b.s.web.HelloControllerTest          : No active profile set, falling back to default profiles: default
2021-08-15 15:05:20.271  INFO 5532 --- [    Test worker] o.s.s.concurrent.ThreadPoolTaskExecutor  : Initializing ExecutorService 'applicationTaskExecutor'
2021-08-15 15:05:20.287  INFO 5532 --- [    Test worker] o.s.b.a.w.s.WelcomePageHandlerMapping    : Adding welcome page template: index
2021-08-15 15:05:20.429  INFO 5532 --- [    Test worker] .s.s.UserDetailsServiceAutoConfiguration : 

Using generated security password: b1b7c226-acbb-435e-a025-2b23ea9f89c5

2021-08-15 15:05:20.502  INFO 5532 --- [    Test worker] o.s.s.web.DefaultSecurityFilterChain     : Creating filter chain: any request, [org.springframework.security.web.context.request.async.WebAsyncManagerIntegrationFilter@3c0fafa3, org.springframework.security.web.context.SecurityContextPersistenceFilter@6231399, org.springframework.security.web.header.HeaderWriterFilter@dc16d72, org.springframework.security.web.csrf.CsrfFilter@672262e3, org.springframework.security.web.authentication.logout.LogoutFilter@6bd95d23, org.springframework.security.web.authentication.UsernamePasswordAuthenticationFilter@59035879, org.springframework.security.web.authentication.ui.DefaultLoginPageGeneratingFilter@11635e60, org.springframework.security.web.authentication.ui.DefaultLogoutPageGeneratingFilter@6b6b0747, org.springframework.security.web.authentication.www.BasicAuthenticationFilter@64c1a0b0, org.springframework.security.web.savedrequest.RequestCacheAwareFilter@6fad28d2, org.springframework.security.web.servletapi.SecurityContextHolderAwareRequestFilter@698172a8, org.springframework.security.web.authentication.AnonymousAuthenticationFilter@2c6eeba, org.springframework.security.web.session.SessionManagementFilter@79003353, org.springframework.security.web.access.ExceptionTranslationFilter@43c54453, org.springframework.security.web.access.intercept.FilterSecurityInterceptor@2dc6c209]
2021-08-15 15:05:20.510  INFO 5532 --- [    Test worker] o.s.b.t.m.w.SpringBootMockServletContext : Initializing Spring TestDispatcherServlet ''
2021-08-15 15:05:20.510  INFO 5532 --- [    Test worker] o.s.t.web.servlet.TestDispatcherServlet  : Initializing Servlet ''
2021-08-15 15:05:20.511  INFO 5532 --- [    Test worker] o.s.t.web.servlet.TestDispatcherServlet  : Completed initialization in 1 ms
2021-08-15 15:05:20.526  INFO 5532 --- [    Test worker] c.y.b.s.web.HelloControllerTest          : Started HelloControllerTest in 0.521 seconds (JVM running for 5.704)
]]></system-out>
  <system-err><![CDATA[]]></system-err>
</testsuite>
