<?xml version="1.0" encoding="UTF-8"?>
<testsuite name="com.yeseong.book.springboot.web.ProfileControllerTest" tests="1" skipped="0" failures="0" errors="0" timestamp="2021-08-15T08:31:14" hostname="dpdjv" time="0.008">
  <properties/>
  <testcase name="profile은_인증없이_호출된다" classname="com.yeseong.book.springboot.web.ProfileControllerTest" time="0.008"/>
  <system-out><![CDATA[2021-08-15 17:31:14.502  INFO 15552 --- [    Test worker] .b.t.c.SpringBootTestContextBootstrapper : Neither @ContextConfiguration nor @ContextHierarchy found for test class [com.yeseong.book.springboot.web.ProfileControllerTest], using SpringBootContextLoader
2021-08-15 17:31:14.502  INFO 15552 --- [    Test worker] o.s.t.c.support.AbstractContextLoader    : Could not detect default resource locations for test class [com.yeseong.book.springboot.web.ProfileControllerTest]: no resource found for suffixes {-context.xml, Context.groovy}.
2021-08-15 17:31:14.502  INFO 15552 --- [    Test worker] t.c.s.AnnotationConfigContextLoaderUtils : Could not detect default configuration classes for test class [com.yeseong.book.springboot.web.ProfileControllerTest]: ProfileControllerTest does not declare any static, non-private, non-final, nested classes annotated with @Configuration.
2021-08-15 17:31:14.502  INFO 15552 --- [    Test worker] .b.t.c.SpringBootTestContextBootstrapper : Found @SpringBootConfiguration com.yeseong.book.springboot.Application for test class com.yeseong.book.springboot.web.ProfileControllerTest
2021-08-15 17:31:14.502  INFO 15552 --- [    Test worker] .b.t.c.SpringBootTestContextBootstrapper : Loaded default TestExecutionListener class names from location [META-INF/spring.factories]: [org.springframework.security.test.context.support.WithSecurityContextTestExecutionListener, org.springframework.security.test.context.support.ReactorContextTestExecutionListener, org.springframework.boot.test.autoconfigure.restdocs.RestDocsTestExecutionListener, org.springframework.boot.test.autoconfigure.web.client.MockRestServiceServerResetTestExecutionListener, org.springframework.boot.test.autoconfigure.web.servlet.MockMvcPrintOnlyOnFailureTestExecutionListener, org.springframework.boot.test.autoconfigure.web.servlet.WebDriverTestExecutionListener, org.springframework.boot.test.mock.mockito.MockitoTestExecutionListener, org.springframework.boot.test.mock.mockito.ResetMocksTestExecutionListener, org.springframework.test.context.web.ServletTestExecutionListener, org.springframework.test.context.support.DirtiesContextBeforeModesTestExecutionListener, org.springframework.test.context.support.DependencyInjectionTestExecutionListener, org.springframework.test.context.support.DirtiesContextTestExecutionListener, org.springframework.test.context.transaction.TransactionalTestExecutionListener, org.springframework.test.context.jdbc.SqlScriptsTestExecutionListener]
2021-08-15 17:31:14.502  INFO 15552 --- [    Test worker] .b.t.c.SpringBootTestContextBootstrapper : Using TestExecutionListeners: [org.springframework.test.context.web.ServletTestExecutionListener@5f99840d, org.springframework.test.context.support.DirtiesContextBeforeModesTestExecutionListener@663e6f92, org.springframework.boot.test.mock.mockito.MockitoTestExecutionListener@7c19f069, org.springframework.boot.test.autoconfigure.SpringBootDependencyInjectionTestExecutionListener@549ed2d0, org.springframework.test.context.support.DirtiesContextTestExecutionListener@47b49da2, org.springframework.test.context.transaction.TransactionalTestExecutionListener@52e32839, org.springframework.test.context.jdbc.SqlScriptsTestExecutionListener@614a00b4, org.springframework.security.test.context.support.WithSecurityContextTestExecutionListener@4360561f, org.springframework.security.test.context.support.ReactorContextTestExecutionListener@20da8a5c, org.springframework.boot.test.autoconfigure.restdocs.RestDocsTestExecutionListener@6b33dc9e, org.springframework.boot.test.autoconfigure.web.client.MockRestServiceServerResetTestExecutionListener@5a4d2eec, org.springframework.boot.test.autoconfigure.web.servlet.MockMvcPrintOnlyOnFailureTestExecutionListener@1bdc4b14, org.springframework.boot.test.autoconfigure.web.servlet.WebDriverTestExecutionListener@6f20ba59, org.springframework.boot.test.mock.mockito.ResetMocksTestExecutionListener@1a825c0f]
]]></system-out>
  <system-err><![CDATA[]]></system-err>
</testsuite>
