<?xml version="1.0" encoding="UTF-8"?>
<testsuite name="com.yeseong.book.springboot.web.ProfileControllerTest" tests="1" skipped="0" failures="0" errors="0" timestamp="2021-08-14T06:28:26" hostname="dpdjv" time="0.008">
  <properties/>
  <testcase name="profile은_인증없이_호출된다" classname="com.yeseong.book.springboot.web.ProfileControllerTest" time="0.008"/>
  <system-out><![CDATA[2021-08-14 15:28:26.662  INFO 20148 --- [    Test worker] .b.t.c.SpringBootTestContextBootstrapper : Neither @ContextConfiguration nor @ContextHierarchy found for test class [com.yeseong.book.springboot.web.ProfileControllerTest], using SpringBootContextLoader
2021-08-14 15:28:26.663  INFO 20148 --- [    Test worker] o.s.t.c.support.AbstractContextLoader    : Could not detect default resource locations for test class [com.yeseong.book.springboot.web.ProfileControllerTest]: no resource found for suffixes {-context.xml, Context.groovy}.
2021-08-14 15:28:26.663  INFO 20148 --- [    Test worker] t.c.s.AnnotationConfigContextLoaderUtils : Could not detect default configuration classes for test class [com.yeseong.book.springboot.web.ProfileControllerTest]: ProfileControllerTest does not declare any static, non-private, non-final, nested classes annotated with @Configuration.
2021-08-14 15:28:26.664  INFO 20148 --- [    Test worker] .b.t.c.SpringBootTestContextBootstrapper : Found @SpringBootConfiguration com.yeseong.book.springboot.Application for test class com.yeseong.book.springboot.web.ProfileControllerTest
2021-08-14 15:28:26.664  INFO 20148 --- [    Test worker] .b.t.c.SpringBootTestContextBootstrapper : Loaded default TestExecutionListener class names from location [META-INF/spring.factories]: [org.springframework.security.test.context.support.WithSecurityContextTestExecutionListener, org.springframework.security.test.context.support.ReactorContextTestExecutionListener, org.springframework.test.context.web.ServletTestExecutionListener, org.springframework.test.context.support.DirtiesContextBeforeModesTestExecutionListener, org.springframework.test.context.support.DependencyInjectionTestExecutionListener, org.springframework.test.context.support.DirtiesContextTestExecutionListener, org.springframework.test.context.transaction.TransactionalTestExecutionListener, org.springframework.test.context.jdbc.SqlScriptsTestExecutionListener, org.springframework.boot.test.autoconfigure.restdocs.RestDocsTestExecutionListener, org.springframework.boot.test.autoconfigure.web.client.MockRestServiceServerResetTestExecutionListener, org.springframework.boot.test.autoconfigure.web.servlet.MockMvcPrintOnlyOnFailureTestExecutionListener, org.springframework.boot.test.autoconfigure.web.servlet.WebDriverTestExecutionListener, org.springframework.boot.test.mock.mockito.MockitoTestExecutionListener, org.springframework.boot.test.mock.mockito.ResetMocksTestExecutionListener]
2021-08-14 15:28:26.665  INFO 20148 --- [    Test worker] .b.t.c.SpringBootTestContextBootstrapper : Using TestExecutionListeners: [org.springframework.test.context.web.ServletTestExecutionListener@1449e4d4, org.springframework.test.context.support.DirtiesContextBeforeModesTestExecutionListener@71e78454, org.springframework.boot.test.mock.mockito.MockitoTestExecutionListener@338a0087, org.springframework.boot.test.autoconfigure.SpringBootDependencyInjectionTestExecutionListener@56bdf0a4, org.springframework.test.context.support.DirtiesContextTestExecutionListener@d09d1e3, org.springframework.test.context.transaction.TransactionalTestExecutionListener@40012132, org.springframework.test.context.jdbc.SqlScriptsTestExecutionListener@23ec9f8d, org.springframework.security.test.context.support.WithSecurityContextTestExecutionListener@1a6d7384, org.springframework.security.test.context.support.ReactorContextTestExecutionListener@59282fe3, org.springframework.boot.test.autoconfigure.restdocs.RestDocsTestExecutionListener@10699d45, org.springframework.boot.test.autoconfigure.web.client.MockRestServiceServerResetTestExecutionListener@573e7832, org.springframework.boot.test.autoconfigure.web.servlet.MockMvcPrintOnlyOnFailureTestExecutionListener@263ed002, org.springframework.boot.test.autoconfigure.web.servlet.WebDriverTestExecutionListener@3e71a411, org.springframework.boot.test.mock.mockito.ResetMocksTestExecutionListener@62ae852f]
]]></system-out>
  <system-err><![CDATA[]]></system-err>
</testsuite>
