<?xml version="1.0" encoding="UTF-8"?>
<testsuite name="com.yeseong.book.springboot.web.ProfileControllerTest" tests="1" skipped="0" failures="0" errors="0" timestamp="2021-08-15T07:24:37" hostname="dpdjv" time="0.009">
  <properties/>
  <testcase name="profile은_인증없이_호출된다" classname="com.yeseong.book.springboot.web.ProfileControllerTest" time="0.009"/>
  <system-out><![CDATA[2021-08-15 16:24:37.038  INFO 9152 --- [    Test worker] .b.t.c.SpringBootTestContextBootstrapper : Neither @ContextConfiguration nor @ContextHierarchy found for test class [com.yeseong.book.springboot.web.ProfileControllerTest], using SpringBootContextLoader
2021-08-15 16:24:37.038  INFO 9152 --- [    Test worker] o.s.t.c.support.AbstractContextLoader    : Could not detect default resource locations for test class [com.yeseong.book.springboot.web.ProfileControllerTest]: no resource found for suffixes {-context.xml, Context.groovy}.
2021-08-15 16:24:37.038  INFO 9152 --- [    Test worker] t.c.s.AnnotationConfigContextLoaderUtils : Could not detect default configuration classes for test class [com.yeseong.book.springboot.web.ProfileControllerTest]: ProfileControllerTest does not declare any static, non-private, non-final, nested classes annotated with @Configuration.
2021-08-15 16:24:37.039  INFO 9152 --- [    Test worker] .b.t.c.SpringBootTestContextBootstrapper : Found @SpringBootConfiguration com.yeseong.book.springboot.Application for test class com.yeseong.book.springboot.web.ProfileControllerTest
2021-08-15 16:24:37.040  INFO 9152 --- [    Test worker] .b.t.c.SpringBootTestContextBootstrapper : Loaded default TestExecutionListener class names from location [META-INF/spring.factories]: [org.springframework.security.test.context.support.WithSecurityContextTestExecutionListener, org.springframework.security.test.context.support.ReactorContextTestExecutionListener, org.springframework.boot.test.autoconfigure.restdocs.RestDocsTestExecutionListener, org.springframework.boot.test.autoconfigure.web.client.MockRestServiceServerResetTestExecutionListener, org.springframework.boot.test.autoconfigure.web.servlet.MockMvcPrintOnlyOnFailureTestExecutionListener, org.springframework.boot.test.autoconfigure.web.servlet.WebDriverTestExecutionListener, org.springframework.boot.test.mock.mockito.MockitoTestExecutionListener, org.springframework.boot.test.mock.mockito.ResetMocksTestExecutionListener, org.springframework.test.context.web.ServletTestExecutionListener, org.springframework.test.context.support.DirtiesContextBeforeModesTestExecutionListener, org.springframework.test.context.support.DependencyInjectionTestExecutionListener, org.springframework.test.context.support.DirtiesContextTestExecutionListener, org.springframework.test.context.transaction.TransactionalTestExecutionListener, org.springframework.test.context.jdbc.SqlScriptsTestExecutionListener]
2021-08-15 16:24:37.040  INFO 9152 --- [    Test worker] .b.t.c.SpringBootTestContextBootstrapper : Using TestExecutionListeners: [org.springframework.test.context.web.ServletTestExecutionListener@67a84dbe, org.springframework.test.context.support.DirtiesContextBeforeModesTestExecutionListener@7ce2b826, org.springframework.boot.test.mock.mockito.MockitoTestExecutionListener@7ac01b45, org.springframework.boot.test.autoconfigure.SpringBootDependencyInjectionTestExecutionListener@3a34019e, org.springframework.test.context.support.DirtiesContextTestExecutionListener@1f547edb, org.springframework.test.context.transaction.TransactionalTestExecutionListener@769ec69f, org.springframework.test.context.jdbc.SqlScriptsTestExecutionListener@cfee13a, org.springframework.security.test.context.support.WithSecurityContextTestExecutionListener@165c29ca, org.springframework.security.test.context.support.ReactorContextTestExecutionListener@2ac23f7c, org.springframework.boot.test.autoconfigure.restdocs.RestDocsTestExecutionListener@2ae8be85, org.springframework.boot.test.autoconfigure.web.client.MockRestServiceServerResetTestExecutionListener@51e47dd3, org.springframework.boot.test.autoconfigure.web.servlet.MockMvcPrintOnlyOnFailureTestExecutionListener@26810c5c, org.springframework.boot.test.autoconfigure.web.servlet.WebDriverTestExecutionListener@1d03fe2f, org.springframework.boot.test.mock.mockito.ResetMocksTestExecutionListener@7270779c]
]]></system-out>
  <system-err><![CDATA[]]></system-err>
</testsuite>
