<?xml version="1.0" encoding="UTF-8"?>
<testsuite name="com.yeseong.book.springboot.web.HelloControllerTest" tests="2" skipped="0" failures="0" errors="0" timestamp="2021-08-11T05:59:24" hostname="dpdjv" time="0.09">
  <properties/>
  <testcase name="hello가_리턴된다" classname="com.yeseong.book.springboot.web.HelloControllerTest" time="0.04"/>
  <testcase name="helloDto가_리턴된다" classname="com.yeseong.book.springboot.web.HelloControllerTest" time="0.05"/>
  <system-out><![CDATA[2021-08-11 14:59:24.253  INFO 5656 --- [    Test worker] .b.t.a.w.s.WebMvcTestContextBootstrapper : Neither @ContextConfiguration nor @ContextHierarchy found for test class [com.yeseong.book.springboot.web.HelloControllerTest], using SpringBootContextLoader
2021-08-11 14:59:24.253  INFO 5656 --- [    Test worker] o.s.t.c.support.AbstractContextLoader    : Could not detect default resource locations for test class [com.yeseong.book.springboot.web.HelloControllerTest]: no resource found for suffixes {-context.xml, Context.groovy}.
2021-08-11 14:59:24.253  INFO 5656 --- [    Test worker] t.c.s.AnnotationConfigContextLoaderUtils : Could not detect default configuration classes for test class [com.yeseong.book.springboot.web.HelloControllerTest]: HelloControllerTest does not declare any static, non-private, non-final, nested classes annotated with @Configuration.
2021-08-11 14:59:24.269  INFO 5656 --- [    Test worker] .b.t.c.SpringBootTestContextBootstrapper : Found @SpringBootConfiguration com.yeseong.book.springboot.Application for test class com.yeseong.book.springboot.web.HelloControllerTest
2021-08-11 14:59:24.269  INFO 5656 --- [    Test worker] .b.t.a.w.s.WebMvcTestContextBootstrapper : Loaded default TestExecutionListener class names from location [META-INF/spring.factories]: [org.springframework.security.test.context.support.WithSecurityContextTestExecutionListener, org.springframework.security.test.context.support.ReactorContextTestExecutionListener, org.springframework.test.context.web.ServletTestExecutionListener, org.springframework.test.context.support.DirtiesContextBeforeModesTestExecutionListener, org.springframework.test.context.support.DependencyInjectionTestExecutionListener, org.springframework.test.context.support.DirtiesContextTestExecutionListener, org.springframework.test.context.transaction.TransactionalTestExecutionListener, org.springframework.test.context.jdbc.SqlScriptsTestExecutionListener, org.springframework.boot.test.autoconfigure.restdocs.RestDocsTestExecutionListener, org.springframework.boot.test.autoconfigure.web.client.MockRestServiceServerResetTestExecutionListener, org.springframework.boot.test.autoconfigure.web.servlet.MockMvcPrintOnlyOnFailureTestExecutionListener, org.springframework.boot.test.autoconfigure.web.servlet.WebDriverTestExecutionListener, org.springframework.boot.test.mock.mockito.MockitoTestExecutionListener, org.springframework.boot.test.mock.mockito.ResetMocksTestExecutionListener]
2021-08-11 14:59:24.269  INFO 5656 --- [    Test worker] .b.t.a.w.s.WebMvcTestContextBootstrapper : Using TestExecutionListeners: [org.springframework.test.context.web.ServletTestExecutionListener@1bb8257a, org.springframework.test.context.support.DirtiesContextBeforeModesTestExecutionListener@395eca12, org.springframework.boot.test.mock.mockito.MockitoTestExecutionListener@62f06b0d, org.springframework.boot.test.autoconfigure.SpringBootDependencyInjectionTestExecutionListener@7a5aa092, org.springframework.test.context.support.DirtiesContextTestExecutionListener@2013d956, org.springframework.test.context.transaction.TransactionalTestExecutionListener@6f52891c, org.springframework.test.context.jdbc.SqlScriptsTestExecutionListener@e9b2ff8, org.springframework.security.test.context.support.WithSecurityContextTestExecutionListener@21ea4089, org.springframework.security.test.context.support.ReactorContextTestExecutionListener@1f8df48b, org.springframework.boot.test.autoconfigure.restdocs.RestDocsTestExecutionListener@646c940f, org.springframework.boot.test.autoconfigure.web.client.MockRestServiceServerResetTestExecutionListener@335f9395, org.springframework.boot.test.autoconfigure.web.servlet.MockMvcPrintOnlyOnFailureTestExecutionListener@40c2637f, org.springframework.boot.test.autoconfigure.web.servlet.WebDriverTestExecutionListener@301bfe40, org.springframework.boot.test.mock.mockito.ResetMocksTestExecutionListener@30d7d8a0]

  .   ____          _            __ _ _
 /\\ / ___'_ __ _ _(_)_ __  __ _ \ \ \ \
( ( )\___ | '_ | '_| | '_ \/ _` | \ \ \ \
 \\/  ___)| |_)| | | | | || (_| |  ) ) ) )
  '  |____| .__|_| |_|_| |_\__, | / / / /
 =========|_|==============|___/=/_/_/_/
 :: Spring Boot ::        (v2.1.7.RELEASE)

2021-08-11 14:59:24.284  INFO 5656 --- [    Test worker] c.y.b.s.web.HelloControllerTest          : Starting HelloControllerTest on dpdjv with PID 5656 (started by dpdjv in C:\Yeseong31\Study\SpringBoot2\springboot-webservice)
2021-08-11 14:59:24.300  INFO 5656 --- [    Test worker] c.y.b.s.web.HelloControllerTest          : No active profile set, falling back to default profiles: default
2021-08-11 14:59:24.552  INFO 5656 --- [    Test worker] o.s.s.concurrent.ThreadPoolTaskExecutor  : Initializing ExecutorService 'applicationTaskExecutor'
2021-08-11 14:59:24.568  INFO 5656 --- [    Test worker] o.s.b.a.w.s.WelcomePageHandlerMapping    : Adding welcome page template: index
2021-08-11 14:59:24.725  INFO 5656 --- [    Test worker] .s.s.UserDetailsServiceAutoConfiguration : 

Using generated security password: 9c9ddba1-fd55-485e-b041-a41d866a0bd6

2021-08-11 14:59:24.803  INFO 5656 --- [    Test worker] o.s.s.web.DefaultSecurityFilterChain     : Creating filter chain: any request, [org.springframework.security.web.context.request.async.WebAsyncManagerIntegrationFilter@7b8c2c75, org.springframework.security.web.context.SecurityContextPersistenceFilter@fe3d7d1, org.springframework.security.web.header.HeaderWriterFilter@3ad998cb, org.springframework.security.web.csrf.CsrfFilter@471b29dd, org.springframework.security.web.authentication.logout.LogoutFilter@6a9f19fc, org.springframework.security.web.authentication.UsernamePasswordAuthenticationFilter@75f9970e, org.springframework.security.web.authentication.ui.DefaultLoginPageGeneratingFilter@437bf4e1, org.springframework.security.web.authentication.ui.DefaultLogoutPageGeneratingFilter@d4d022f, org.springframework.security.web.authentication.www.BasicAuthenticationFilter@783e40ec, org.springframework.security.web.savedrequest.RequestCacheAwareFilter@1e890d0, org.springframework.security.web.servletapi.SecurityContextHolderAwareRequestFilter@77015fe6, org.springframework.security.web.authentication.AnonymousAuthenticationFilter@7fe0a4a, org.springframework.security.web.session.SessionManagementFilter@24920b8c, org.springframework.security.web.access.ExceptionTranslationFilter@4f1823ae, org.springframework.security.web.access.intercept.FilterSecurityInterceptor@7a8c5659]
2021-08-11 14:59:24.819  INFO 5656 --- [    Test worker] o.s.b.t.m.w.SpringBootMockServletContext : Initializing Spring TestDispatcherServlet ''
2021-08-11 14:59:24.819  INFO 5656 --- [    Test worker] o.s.t.web.servlet.TestDispatcherServlet  : Initializing Servlet ''
2021-08-11 14:59:24.819  INFO 5656 --- [    Test worker] o.s.t.web.servlet.TestDispatcherServlet  : Completed initialization in 0 ms
2021-08-11 14:59:24.836  INFO 5656 --- [    Test worker] c.y.b.s.web.HelloControllerTest          : Started HelloControllerTest in 0.567 seconds (JVM running for 5.256)
]]></system-out>
  <system-err><![CDATA[]]></system-err>
</testsuite>
