<?xml version="1.0" encoding="UTF-8"?>
<testsuite name="com.yeseong.book.springboot.web.ProfileControllerTest" tests="1" skipped="0" failures="0" errors="0" timestamp="2021-08-13T08:19:52" hostname="DPDJV" time="0.009">
  <properties/>
  <testcase name="profile은_인증없이_호출된다()" classname="com.yeseong.book.springboot.web.ProfileControllerTest" time="0.009"/>
  <system-out><![CDATA[2021-08-13 17:19:52.250  INFO 8684 --- [    Test worker] .b.t.c.SpringBootTestContextBootstrapper : Neither @ContextConfiguration nor @ContextHierarchy found for test class [com.yeseong.book.springboot.web.ProfileControllerTest], using SpringBootContextLoader
2021-08-13 17:19:52.250  INFO 8684 --- [    Test worker] o.s.t.c.support.AbstractContextLoader    : Could not detect default resource locations for test class [com.yeseong.book.springboot.web.ProfileControllerTest]: no resource found for suffixes {-context.xml, Context.groovy}.
2021-08-13 17:19:52.250  INFO 8684 --- [    Test worker] t.c.s.AnnotationConfigContextLoaderUtils : Could not detect default configuration classes for test class [com.yeseong.book.springboot.web.ProfileControllerTest]: ProfileControllerTest does not declare any static, non-private, non-final, nested classes annotated with @Configuration.
2021-08-13 17:19:52.250  INFO 8684 --- [    Test worker] .b.t.c.SpringBootTestContextBootstrapper : Found @SpringBootConfiguration com.yeseong.book.springboot.Application for test class com.yeseong.book.springboot.web.ProfileControllerTest
2021-08-13 17:19:52.250  INFO 8684 --- [    Test worker] .b.t.c.SpringBootTestContextBootstrapper : Loaded default TestExecutionListener class names from location [META-INF/spring.factories]: [org.springframework.security.test.context.support.WithSecurityContextTestExecutionListener, org.springframework.security.test.context.support.ReactorContextTestExecutionListener, org.springframework.boot.test.autoconfigure.restdocs.RestDocsTestExecutionListener, org.springframework.boot.test.autoconfigure.web.client.MockRestServiceServerResetTestExecutionListener, org.springframework.boot.test.autoconfigure.web.servlet.MockMvcPrintOnlyOnFailureTestExecutionListener, org.springframework.boot.test.autoconfigure.web.servlet.WebDriverTestExecutionListener, org.springframework.boot.test.autoconfigure.webservices.client.MockWebServiceServerTestExecutionListener, org.springframework.boot.test.mock.mockito.MockitoTestExecutionListener, org.springframework.boot.test.mock.mockito.ResetMocksTestExecutionListener, org.springframework.test.context.web.ServletTestExecutionListener, org.springframework.test.context.support.DirtiesContextBeforeModesTestExecutionListener, org.springframework.test.context.support.DependencyInjectionTestExecutionListener, org.springframework.test.context.support.DirtiesContextTestExecutionListener, org.springframework.test.context.transaction.TransactionalTestExecutionListener, org.springframework.test.context.jdbc.SqlScriptsTestExecutionListener, org.springframework.test.context.event.EventPublishingTestExecutionListener]
2021-08-13 17:19:52.250  INFO 8684 --- [    Test worker] .b.t.c.SpringBootTestContextBootstrapper : Using TestExecutionListeners: [org.springframework.test.context.web.ServletTestExecutionListener@6646ac70, org.springframework.test.context.support.DirtiesContextBeforeModesTestExecutionListener@5b108a1f, org.springframework.boot.test.mock.mockito.MockitoTestExecutionListener@1c18f5c8, org.springframework.boot.test.autoconfigure.SpringBootDependencyInjectionTestExecutionListener@4d4beec6, org.springframework.test.context.support.DirtiesContextTestExecutionListener@1e3dee33, org.springframework.test.context.transaction.TransactionalTestExecutionListener@4122df99, org.springframework.test.context.jdbc.SqlScriptsTestExecutionListener@1acfd4c0, org.springframework.security.test.context.support.WithSecurityContextTestExecutionListener@8e03481, org.springframework.test.context.event.EventPublishingTestExecutionListener@795d0fd8, org.springframework.security.test.context.support.ReactorContextTestExecutionListener@2ed4d97d, org.springframework.boot.test.autoconfigure.restdocs.RestDocsTestExecutionListener@4ad971b3, org.springframework.boot.test.autoconfigure.web.client.MockRestServiceServerResetTestExecutionListener@43941055, org.springframework.boot.test.autoconfigure.web.servlet.MockMvcPrintOnlyOnFailureTestExecutionListener@52a6e430, org.springframework.boot.test.autoconfigure.web.servlet.WebDriverTestExecutionListener@5ab1d028, org.springframework.boot.test.autoconfigure.webservices.client.MockWebServiceServerTestExecutionListener@5be47624, org.springframework.boot.test.mock.mockito.ResetMocksTestExecutionListener@3891c3b5]
]]></system-out>
  <system-err><![CDATA[]]></system-err>
</testsuite>
