<?xml version="1.0" encoding="UTF-8"?>
<testsuite name="com.yeseong.book.springboot.domain.posts.PostRepositoryTest" tests="2" skipped="0" failures="0" errors="0" timestamp="2021-08-13T07:55:58" hostname="DPDJV" time="0.022">
  <properties/>
  <testcase name="게시글저장_불러오기()" classname="com.yeseong.book.springboot.domain.posts.PostRepositoryTest" time="0.012"/>
  <testcase name="BaseTimeEntity_등록()" classname="com.yeseong.book.springboot.domain.posts.PostRepositoryTest" time="0.009"/>
  <system-out><![CDATA[2021-08-13 16:55:58.040  INFO 10344 --- [    Test worker] .b.t.c.SpringBootTestContextBootstrapper : Neither @ContextConfiguration nor @ContextHierarchy found for test class [com.yeseong.book.springboot.domain.posts.PostRepositoryTest], using SpringBootContextLoader
2021-08-13 16:55:58.040  INFO 10344 --- [    Test worker] o.s.t.c.support.AbstractContextLoader    : Could not detect default resource locations for test class [com.yeseong.book.springboot.domain.posts.PostRepositoryTest]: no resource found for suffixes {-context.xml, Context.groovy}.
2021-08-13 16:55:58.040  INFO 10344 --- [    Test worker] t.c.s.AnnotationConfigContextLoaderUtils : Could not detect default configuration classes for test class [com.yeseong.book.springboot.domain.posts.PostRepositoryTest]: PostRepositoryTest does not declare any static, non-private, non-final, nested classes annotated with @Configuration.
2021-08-13 16:55:58.040  INFO 10344 --- [    Test worker] .b.t.c.SpringBootTestContextBootstrapper : Found @SpringBootConfiguration com.yeseong.book.springboot.Application for test class com.yeseong.book.springboot.domain.posts.PostRepositoryTest
2021-08-13 16:55:58.040  INFO 10344 --- [    Test worker] .b.t.c.SpringBootTestContextBootstrapper : Loaded default TestExecutionListener class names from location [META-INF/spring.factories]: [org.springframework.security.test.context.support.WithSecurityContextTestExecutionListener, org.springframework.security.test.context.support.ReactorContextTestExecutionListener, org.springframework.boot.test.autoconfigure.restdocs.RestDocsTestExecutionListener, org.springframework.boot.test.autoconfigure.web.client.MockRestServiceServerResetTestExecutionListener, org.springframework.boot.test.autoconfigure.web.servlet.MockMvcPrintOnlyOnFailureTestExecutionListener, org.springframework.boot.test.autoconfigure.web.servlet.WebDriverTestExecutionListener, org.springframework.boot.test.autoconfigure.webservices.client.MockWebServiceServerTestExecutionListener, org.springframework.boot.test.mock.mockito.MockitoTestExecutionListener, org.springframework.boot.test.mock.mockito.ResetMocksTestExecutionListener, org.springframework.test.context.web.ServletTestExecutionListener, org.springframework.test.context.support.DirtiesContextBeforeModesTestExecutionListener, org.springframework.test.context.support.DependencyInjectionTestExecutionListener, org.springframework.test.context.support.DirtiesContextTestExecutionListener, org.springframework.test.context.transaction.TransactionalTestExecutionListener, org.springframework.test.context.jdbc.SqlScriptsTestExecutionListener, org.springframework.test.context.event.EventPublishingTestExecutionListener]
2021-08-13 16:55:58.040  INFO 10344 --- [    Test worker] .b.t.c.SpringBootTestContextBootstrapper : Using TestExecutionListeners: [org.springframework.test.context.web.ServletTestExecutionListener@31888285, org.springframework.test.context.support.DirtiesContextBeforeModesTestExecutionListener@5673f68f, org.springframework.boot.test.mock.mockito.MockitoTestExecutionListener@2c8708c5, org.springframework.boot.test.autoconfigure.SpringBootDependencyInjectionTestExecutionListener@62e05a04, org.springframework.test.context.support.DirtiesContextTestExecutionListener@17097077, org.springframework.test.context.transaction.TransactionalTestExecutionListener@5e072b97, org.springframework.test.context.jdbc.SqlScriptsTestExecutionListener@4a52c1b2, org.springframework.security.test.context.support.WithSecurityContextTestExecutionListener@2a829286, org.springframework.test.context.event.EventPublishingTestExecutionListener@76d4d569, org.springframework.security.test.context.support.ReactorContextTestExecutionListener@11e803b7, org.springframework.boot.test.autoconfigure.restdocs.RestDocsTestExecutionListener@4deb1f69, org.springframework.boot.test.autoconfigure.web.client.MockRestServiceServerResetTestExecutionListener@73c3b2f0, org.springframework.boot.test.autoconfigure.web.servlet.MockMvcPrintOnlyOnFailureTestExecutionListener@23ec4e7c, org.springframework.boot.test.autoconfigure.web.servlet.WebDriverTestExecutionListener@72c8140d, org.springframework.boot.test.autoconfigure.webservices.client.MockWebServiceServerTestExecutionListener@674d5d6a, org.springframework.boot.test.mock.mockito.ResetMocksTestExecutionListener@9f72741]
Hibernate: insert into posts (created_date, modified_date, author, content, title) values (?, ?, ?, ?, ?)
Hibernate: select posts0_.id as id1_1_, posts0_.created_date as created_2_1_, posts0_.modified_date as modified3_1_, posts0_.author as author4_1_, posts0_.content as content5_1_, posts0_.title as title6_1_ from posts posts0_
Hibernate: select posts0_.id as id1_1_, posts0_.created_date as created_2_1_, posts0_.modified_date as modified3_1_, posts0_.author as author4_1_, posts0_.content as content5_1_, posts0_.title as title6_1_ from posts posts0_
Hibernate: delete from posts where id=?
Hibernate: insert into posts (created_date, modified_date, author, content, title) values (?, ?, ?, ?, ?)
Hibernate: select posts0_.id as id1_1_, posts0_.created_date as created_2_1_, posts0_.modified_date as modified3_1_, posts0_.author as author4_1_, posts0_.content as content5_1_, posts0_.title as title6_1_ from posts posts0_
>>>>>>>>>> createDate=2021-08-13T16:55:58.056, modifiedDate=2021-08-13T16:55:58.056
Hibernate: select posts0_.id as id1_1_, posts0_.created_date as created_2_1_, posts0_.modified_date as modified3_1_, posts0_.author as author4_1_, posts0_.content as content5_1_, posts0_.title as title6_1_ from posts posts0_
Hibernate: delete from posts where id=?
]]></system-out>
  <system-err><![CDATA[]]></system-err>
</testsuite>
