<?xml version="1.0" encoding="UTF-8"?>
<testsuite name="com.yeseong.book.springboot.web.HelloControllerTest" tests="2" skipped="0" failures="0" errors="0" timestamp="2021-08-15T07:24:35" hostname="dpdjv" time="0.036">
  <properties/>
  <testcase name="hello가_리턴된다" classname="com.yeseong.book.springboot.web.HelloControllerTest" time="0.013"/>
  <testcase name="helloDto가_리턴된다" classname="com.yeseong.book.springboot.web.HelloControllerTest" time="0.023"/>
  <system-out><![CDATA[2021-08-15 16:24:34.934  INFO 9152 --- [    Test worker] .b.t.a.w.s.WebMvcTestContextBootstrapper : Neither @ContextConfiguration nor @ContextHierarchy found for test class [com.yeseong.book.springboot.web.HelloControllerTest], using SpringBootContextLoader
2021-08-15 16:24:34.934  INFO 9152 --- [    Test worker] o.s.t.c.support.AbstractContextLoader    : Could not detect default resource locations for test class [com.yeseong.book.springboot.web.HelloControllerTest]: no resource found for suffixes {-context.xml, Context.groovy}.
2021-08-15 16:24:34.934  INFO 9152 --- [    Test worker] t.c.s.AnnotationConfigContextLoaderUtils : Could not detect default configuration classes for test class [com.yeseong.book.springboot.web.HelloControllerTest]: HelloControllerTest does not declare any static, non-private, non-final, nested classes annotated with @Configuration.
2021-08-15 16:24:34.943  INFO 9152 --- [    Test worker] .b.t.c.SpringBootTestContextBootstrapper : Found @SpringBootConfiguration com.yeseong.book.springboot.Application for test class com.yeseong.book.springboot.web.HelloControllerTest
2021-08-15 16:24:34.943  INFO 9152 --- [    Test worker] .b.t.a.w.s.WebMvcTestContextBootstrapper : Loaded default TestExecutionListener class names from location [META-INF/spring.factories]: [org.springframework.security.test.context.support.WithSecurityContextTestExecutionListener, org.springframework.security.test.context.support.ReactorContextTestExecutionListener, org.springframework.boot.test.autoconfigure.restdocs.RestDocsTestExecutionListener, org.springframework.boot.test.autoconfigure.web.client.MockRestServiceServerResetTestExecutionListener, org.springframework.boot.test.autoconfigure.web.servlet.MockMvcPrintOnlyOnFailureTestExecutionListener, org.springframework.boot.test.autoconfigure.web.servlet.WebDriverTestExecutionListener, org.springframework.boot.test.mock.mockito.MockitoTestExecutionListener, org.springframework.boot.test.mock.mockito.ResetMocksTestExecutionListener, org.springframework.test.context.web.ServletTestExecutionListener, org.springframework.test.context.support.DirtiesContextBeforeModesTestExecutionListener, org.springframework.test.context.support.DependencyInjectionTestExecutionListener, org.springframework.test.context.support.DirtiesContextTestExecutionListener, org.springframework.test.context.transaction.TransactionalTestExecutionListener, org.springframework.test.context.jdbc.SqlScriptsTestExecutionListener]
2021-08-15 16:24:34.944  INFO 9152 --- [    Test worker] .b.t.a.w.s.WebMvcTestContextBootstrapper : Using TestExecutionListeners: [org.springframework.test.context.web.ServletTestExecutionListener@6b5752ce, org.springframework.test.context.support.DirtiesContextBeforeModesTestExecutionListener@39c829ef, org.springframework.boot.test.mock.mockito.MockitoTestExecutionListener@2619eed5, org.springframework.boot.test.autoconfigure.SpringBootDependencyInjectionTestExecutionListener@63ffe49a, org.springframework.test.context.support.DirtiesContextTestExecutionListener@326f0b09, org.springframework.test.context.transaction.TransactionalTestExecutionListener@4a10dbfa, org.springframework.test.context.jdbc.SqlScriptsTestExecutionListener@2396eb2b, org.springframework.security.test.context.support.WithSecurityContextTestExecutionListener@3fd100f7, org.springframework.security.test.context.support.ReactorContextTestExecutionListener@75ac6347, org.springframework.boot.test.autoconfigure.restdocs.RestDocsTestExecutionListener@392fb903, org.springframework.boot.test.autoconfigure.web.client.MockRestServiceServerResetTestExecutionListener@2d74d2be, org.springframework.boot.test.autoconfigure.web.servlet.MockMvcPrintOnlyOnFailureTestExecutionListener@1a95b95f, org.springframework.boot.test.autoconfigure.web.servlet.WebDriverTestExecutionListener@cb55711, org.springframework.boot.test.mock.mockito.ResetMocksTestExecutionListener@48960025]

  .   ____          _            __ _ _
 /\\ / ___'_ __ _ _(_)_ __  __ _ \ \ \ \
( ( )\___ | '_ | '_| | '_ \/ _` | \ \ \ \
 \\/  ___)| |_)| | | | | || (_| |  ) ) ) )
  '  |____| .__|_| |_|_| |_\__, | / / / /
 =========|_|==============|___/=/_/_/_/
 :: Spring Boot ::        (v2.1.7.RELEASE)

2021-08-15 16:24:34.965  INFO 9152 --- [    Test worker] c.y.b.s.web.HelloControllerTest          : Starting HelloControllerTest on dpdjv with PID 9152 (started by dpdjv in C:\Yeseong31\Study\SpringBoot2\springboot-webservice)
2021-08-15 16:24:34.965  INFO 9152 --- [    Test worker] c.y.b.s.web.HelloControllerTest          : No active profile set, falling back to default profiles: default
2021-08-15 16:24:35.243  INFO 9152 --- [    Test worker] o.s.s.concurrent.ThreadPoolTaskExecutor  : Initializing ExecutorService 'applicationTaskExecutor'
2021-08-15 16:24:35.264  INFO 9152 --- [    Test worker] o.s.b.a.w.s.WelcomePageHandlerMapping    : Adding welcome page template: index
2021-08-15 16:24:35.391  INFO 9152 --- [    Test worker] .s.s.UserDetailsServiceAutoConfiguration : 

Using generated security password: ed502313-81e4-44c8-a7c4-7fa7eed5e5fa

2021-08-15 16:24:35.499  INFO 9152 --- [    Test worker] o.s.s.web.DefaultSecurityFilterChain     : Creating filter chain: any request, [org.springframework.security.web.context.request.async.WebAsyncManagerIntegrationFilter@377386fc, org.springframework.security.web.context.SecurityContextPersistenceFilter@7378f0e5, org.springframework.security.web.header.HeaderWriterFilter@7120c09b, org.springframework.security.web.csrf.CsrfFilter@3ec10fd9, org.springframework.security.web.authentication.logout.LogoutFilter@1d68ef79, org.springframework.security.web.authentication.UsernamePasswordAuthenticationFilter@138a5995, org.springframework.security.web.authentication.ui.DefaultLoginPageGeneratingFilter@4740ecf2, org.springframework.security.web.authentication.ui.DefaultLogoutPageGeneratingFilter@7fa743f3, org.springframework.security.web.authentication.www.BasicAuthenticationFilter@3dce1ce1, org.springframework.security.web.savedrequest.RequestCacheAwareFilter@3a05fc84, org.springframework.security.web.servletapi.SecurityContextHolderAwareRequestFilter@4d56d747, org.springframework.security.web.authentication.AnonymousAuthenticationFilter@324371f2, org.springframework.security.web.session.SessionManagementFilter@4729b6a1, org.springframework.security.web.access.ExceptionTranslationFilter@62056628, org.springframework.security.web.access.intercept.FilterSecurityInterceptor@331f1ddb]
2021-08-15 16:24:35.508  INFO 9152 --- [    Test worker] o.s.b.t.m.w.SpringBootMockServletContext : Initializing Spring TestDispatcherServlet ''
2021-08-15 16:24:35.508  INFO 9152 --- [    Test worker] o.s.t.web.servlet.TestDispatcherServlet  : Initializing Servlet ''
2021-08-15 16:24:35.509  INFO 9152 --- [    Test worker] o.s.t.web.servlet.TestDispatcherServlet  : Completed initialization in 1 ms
2021-08-15 16:24:35.530  INFO 9152 --- [    Test worker] c.y.b.s.web.HelloControllerTest          : Started HelloControllerTest in 0.583 seconds (JVM running for 6.096)
]]></system-out>
  <system-err><![CDATA[]]></system-err>
</testsuite>
