<?xml version="1.0" encoding="UTF-8"?>
<testsuite name="com.yeseong.book.springboot.web.HelloControllerTest" tests="2" skipped="0" failures="0" errors="0" timestamp="2021-08-14T06:28:26" hostname="dpdjv" time="0.036">
  <properties/>
  <testcase name="hello가_리턴된다" classname="com.yeseong.book.springboot.web.HelloControllerTest" time="0.012"/>
  <testcase name="helloDto가_리턴된다" classname="com.yeseong.book.springboot.web.HelloControllerTest" time="0.023"/>
  <system-out><![CDATA[2021-08-14 15:28:25.864  INFO 20148 --- [    Test worker] .b.t.a.w.s.WebMvcTestContextBootstrapper : Neither @ContextConfiguration nor @ContextHierarchy found for test class [com.yeseong.book.springboot.web.HelloControllerTest], using SpringBootContextLoader
2021-08-14 15:28:25.865  INFO 20148 --- [    Test worker] o.s.t.c.support.AbstractContextLoader    : Could not detect default resource locations for test class [com.yeseong.book.springboot.web.HelloControllerTest]: no resource found for suffixes {-context.xml, Context.groovy}.
2021-08-14 15:28:25.865  INFO 20148 --- [    Test worker] t.c.s.AnnotationConfigContextLoaderUtils : Could not detect default configuration classes for test class [com.yeseong.book.springboot.web.HelloControllerTest]: HelloControllerTest does not declare any static, non-private, non-final, nested classes annotated with @Configuration.
2021-08-14 15:28:25.873  INFO 20148 --- [    Test worker] .b.t.c.SpringBootTestContextBootstrapper : Found @SpringBootConfiguration com.yeseong.book.springboot.Application for test class com.yeseong.book.springboot.web.HelloControllerTest
2021-08-14 15:28:25.874  INFO 20148 --- [    Test worker] .b.t.a.w.s.WebMvcTestContextBootstrapper : Loaded default TestExecutionListener class names from location [META-INF/spring.factories]: [org.springframework.security.test.context.support.WithSecurityContextTestExecutionListener, org.springframework.security.test.context.support.ReactorContextTestExecutionListener, org.springframework.test.context.web.ServletTestExecutionListener, org.springframework.test.context.support.DirtiesContextBeforeModesTestExecutionListener, org.springframework.test.context.support.DependencyInjectionTestExecutionListener, org.springframework.test.context.support.DirtiesContextTestExecutionListener, org.springframework.test.context.transaction.TransactionalTestExecutionListener, org.springframework.test.context.jdbc.SqlScriptsTestExecutionListener, org.springframework.boot.test.autoconfigure.restdocs.RestDocsTestExecutionListener, org.springframework.boot.test.autoconfigure.web.client.MockRestServiceServerResetTestExecutionListener, org.springframework.boot.test.autoconfigure.web.servlet.MockMvcPrintOnlyOnFailureTestExecutionListener, org.springframework.boot.test.autoconfigure.web.servlet.WebDriverTestExecutionListener, org.springframework.boot.test.mock.mockito.MockitoTestExecutionListener, org.springframework.boot.test.mock.mockito.ResetMocksTestExecutionListener]
2021-08-14 15:28:25.874  INFO 20148 --- [    Test worker] .b.t.a.w.s.WebMvcTestContextBootstrapper : Using TestExecutionListeners: [org.springframework.test.context.web.ServletTestExecutionListener@5677bfe0, org.springframework.test.context.support.DirtiesContextBeforeModesTestExecutionListener@330c402c, org.springframework.boot.test.mock.mockito.MockitoTestExecutionListener@6ee8c84a, org.springframework.boot.test.autoconfigure.SpringBootDependencyInjectionTestExecutionListener@6adb9b79, org.springframework.test.context.support.DirtiesContextTestExecutionListener@138a17d, org.springframework.test.context.transaction.TransactionalTestExecutionListener@50648c56, org.springframework.test.context.jdbc.SqlScriptsTestExecutionListener@7866b488, org.springframework.security.test.context.support.WithSecurityContextTestExecutionListener@4ed0f8ae, org.springframework.security.test.context.support.ReactorContextTestExecutionListener@a278b40, org.springframework.boot.test.autoconfigure.restdocs.RestDocsTestExecutionListener@7e55a06e, org.springframework.boot.test.autoconfigure.web.client.MockRestServiceServerResetTestExecutionListener@335a89d8, org.springframework.boot.test.autoconfigure.web.servlet.MockMvcPrintOnlyOnFailureTestExecutionListener@7a861295, org.springframework.boot.test.autoconfigure.web.servlet.WebDriverTestExecutionListener@4c4dfb0e, org.springframework.boot.test.mock.mockito.ResetMocksTestExecutionListener@1f487439]

  .   ____          _            __ _ _
 /\\ / ___'_ __ _ _(_)_ __  __ _ \ \ \ \
( ( )\___ | '_ | '_| | '_ \/ _` | \ \ \ \
 \\/  ___)| |_)| | | | | || (_| |  ) ) ) )
  '  |____| .__|_| |_|_| |_\__, | / / / /
 =========|_|==============|___/=/_/_/_/
 :: Spring Boot ::        (v2.1.7.RELEASE)

2021-08-14 15:28:25.894  INFO 20148 --- [    Test worker] c.y.b.s.web.HelloControllerTest          : Starting HelloControllerTest on dpdjv with PID 20148 (started by dpdjv in C:\Yeseong31\Study\SpringBoot2\springboot-webservice)
2021-08-14 15:28:25.894  INFO 20148 --- [    Test worker] c.y.b.s.web.HelloControllerTest          : No active profile set, falling back to default profiles: default
2021-08-14 15:28:26.172  INFO 20148 --- [    Test worker] o.s.s.concurrent.ThreadPoolTaskExecutor  : Initializing ExecutorService 'applicationTaskExecutor'
2021-08-14 15:28:26.190  INFO 20148 --- [    Test worker] o.s.b.a.w.s.WelcomePageHandlerMapping    : Adding welcome page template: index
2021-08-14 15:28:26.351  INFO 20148 --- [    Test worker] .s.s.UserDetailsServiceAutoConfiguration : 

Using generated security password: 2216695a-6130-4d27-88ad-a0a3355978e8

2021-08-14 15:28:26.433  INFO 20148 --- [    Test worker] o.s.s.web.DefaultSecurityFilterChain     : Creating filter chain: any request, [org.springframework.security.web.context.request.async.WebAsyncManagerIntegrationFilter@69ad9fa5, org.springframework.security.web.context.SecurityContextPersistenceFilter@48e8bd25, org.springframework.security.web.header.HeaderWriterFilter@3dcf792, org.springframework.security.web.csrf.CsrfFilter@1660255a, org.springframework.security.web.authentication.logout.LogoutFilter@761ef016, org.springframework.security.web.authentication.UsernamePasswordAuthenticationFilter@5930ed5f, org.springframework.security.web.authentication.ui.DefaultLoginPageGeneratingFilter@3f28d30b, org.springframework.security.web.authentication.ui.DefaultLogoutPageGeneratingFilter@335a602d, org.springframework.security.web.authentication.www.BasicAuthenticationFilter@3c5d8ec9, org.springframework.security.web.savedrequest.RequestCacheAwareFilter@45717350, org.springframework.security.web.servletapi.SecurityContextHolderAwareRequestFilter@21f56c0b, org.springframework.security.web.authentication.AnonymousAuthenticationFilter@63218b49, org.springframework.security.web.session.SessionManagementFilter@14814846, org.springframework.security.web.access.ExceptionTranslationFilter@654d1b2b, org.springframework.security.web.access.intercept.FilterSecurityInterceptor@687c6068]
2021-08-14 15:28:26.442  INFO 20148 --- [    Test worker] o.s.b.t.m.w.SpringBootMockServletContext : Initializing Spring TestDispatcherServlet ''
2021-08-14 15:28:26.443  INFO 20148 --- [    Test worker] o.s.t.web.servlet.TestDispatcherServlet  : Initializing Servlet ''
2021-08-14 15:28:26.444  INFO 20148 --- [    Test worker] o.s.t.web.servlet.TestDispatcherServlet  : Completed initialization in 1 ms
2021-08-14 15:28:26.465  INFO 20148 --- [    Test worker] c.y.b.s.web.HelloControllerTest          : Started HelloControllerTest in 0.587 seconds (JVM running for 5.72)
]]></system-out>
  <system-err><![CDATA[]]></system-err>
</testsuite>
