<?xml version="1.0" encoding="UTF-8"?>
<testsuite name="com.yeseong.book.springboot.web.ListControllerTest" tests="1" skipped="0" failures="0" errors="0" timestamp="2021-08-13T08:19:52" hostname="DPDJV" time="0.011">
  <properties/>
  <testcase name="List_페이지_로딩()" classname="com.yeseong.book.springboot.web.ListControllerTest" time="0.011"/>
  <system-out><![CDATA[2021-08-13 17:19:52.188  INFO 8684 --- [    Test worker] .b.t.c.SpringBootTestContextBootstrapper : Neither @ContextConfiguration nor @ContextHierarchy found for test class [com.yeseong.book.springboot.web.ListControllerTest], using SpringBootContextLoader
2021-08-13 17:19:52.188  INFO 8684 --- [    Test worker] o.s.t.c.support.AbstractContextLoader    : Could not detect default resource locations for test class [com.yeseong.book.springboot.web.ListControllerTest]: no resource found for suffixes {-context.xml, Context.groovy}.
2021-08-13 17:19:52.188  INFO 8684 --- [    Test worker] t.c.s.AnnotationConfigContextLoaderUtils : Could not detect default configuration classes for test class [com.yeseong.book.springboot.web.ListControllerTest]: ListControllerTest does not declare any static, non-private, non-final, nested classes annotated with @Configuration.
2021-08-13 17:19:52.188  INFO 8684 --- [    Test worker] .b.t.c.SpringBootTestContextBootstrapper : Found @SpringBootConfiguration com.yeseong.book.springboot.Application for test class com.yeseong.book.springboot.web.ListControllerTest
2021-08-13 17:19:52.188  INFO 8684 --- [    Test worker] .b.t.c.SpringBootTestContextBootstrapper : Loaded default TestExecutionListener class names from location [META-INF/spring.factories]: [org.springframework.security.test.context.support.WithSecurityContextTestExecutionListener, org.springframework.security.test.context.support.ReactorContextTestExecutionListener, org.springframework.boot.test.autoconfigure.restdocs.RestDocsTestExecutionListener, org.springframework.boot.test.autoconfigure.web.client.MockRestServiceServerResetTestExecutionListener, org.springframework.boot.test.autoconfigure.web.servlet.MockMvcPrintOnlyOnFailureTestExecutionListener, org.springframework.boot.test.autoconfigure.web.servlet.WebDriverTestExecutionListener, org.springframework.boot.test.autoconfigure.webservices.client.MockWebServiceServerTestExecutionListener, org.springframework.boot.test.mock.mockito.MockitoTestExecutionListener, org.springframework.boot.test.mock.mockito.ResetMocksTestExecutionListener, org.springframework.test.context.web.ServletTestExecutionListener, org.springframework.test.context.support.DirtiesContextBeforeModesTestExecutionListener, org.springframework.test.context.support.DependencyInjectionTestExecutionListener, org.springframework.test.context.support.DirtiesContextTestExecutionListener, org.springframework.test.context.transaction.TransactionalTestExecutionListener, org.springframework.test.context.jdbc.SqlScriptsTestExecutionListener, org.springframework.test.context.event.EventPublishingTestExecutionListener]
2021-08-13 17:19:52.188  INFO 8684 --- [    Test worker] .b.t.c.SpringBootTestContextBootstrapper : Using TestExecutionListeners: [org.springframework.test.context.web.ServletTestExecutionListener@6050b7a9, org.springframework.test.context.support.DirtiesContextBeforeModesTestExecutionListener@6e3ae79b, org.springframework.boot.test.mock.mockito.MockitoTestExecutionListener@15552225, org.springframework.boot.test.autoconfigure.SpringBootDependencyInjectionTestExecutionListener@440e2fe8, org.springframework.test.context.support.DirtiesContextTestExecutionListener@2186353f, org.springframework.test.context.transaction.TransactionalTestExecutionListener@183908ab, org.springframework.test.context.jdbc.SqlScriptsTestExecutionListener@24c15583, org.springframework.security.test.context.support.WithSecurityContextTestExecutionListener@11854f9c, org.springframework.test.context.event.EventPublishingTestExecutionListener@1baaf5e, org.springframework.security.test.context.support.ReactorContextTestExecutionListener@51968392, org.springframework.boot.test.autoconfigure.restdocs.RestDocsTestExecutionListener@7fd5a96e, org.springframework.boot.test.autoconfigure.web.client.MockRestServiceServerResetTestExecutionListener@4417f0a7, org.springframework.boot.test.autoconfigure.web.servlet.MockMvcPrintOnlyOnFailureTestExecutionListener@10036724, org.springframework.boot.test.autoconfigure.web.servlet.WebDriverTestExecutionListener@756ceca5, org.springframework.boot.test.autoconfigure.webservices.client.MockWebServiceServerTestExecutionListener@2720a5bf, org.springframework.boot.test.mock.mockito.ResetMocksTestExecutionListener@5c49eb34]
Hibernate: select board0_.id as id1_0_, board0_.created_date as created_2_0_, board0_.modified_date as modified3_0_, board0_.building_year as building4_0_, board0_.ccd as ccd5_0_, board0_.complex_name as complex_6_0_, board0_.contract_day as contract7_0_, board0_.contract_year_month as contract8_0_, board0_.dedicated_area as dedicate9_0_, board0_.floor as floor10_0_, board0_.house_num as house_n11_0_, board0_.main_num as main_nu12_0_, board0_.road_name as road_na13_0_, board0_.rrod as rrod14_0_, board0_.secondary_num as seconda15_0_, board0_.transaction_amount as transac16_0_ from board board0_ order by board0_.id
]]></system-out>
  <system-err><![CDATA[]]></system-err>
</testsuite>
