<?xml version="1.0" encoding="UTF-8"?>
<testsuite name="com.yeseong.book.springboot.web.ProfileControllerTest" tests="1" skipped="0" failures="0" errors="0" timestamp="2021-08-12T06:26:02" hostname="dpdjv" time="0.256">
  <properties/>
  <testcase name="profile은_인증없이_호출된다" classname="com.yeseong.book.springboot.web.ProfileControllerTest" time="0.256"/>
  <system-out><![CDATA[15:25:57.896 [Test worker] DEBUG org.springframework.test.context.junit4.SpringJUnit4ClassRunner - SpringJUnit4ClassRunner constructor called with [class com.yeseong.book.springboot.web.ProfileControllerTest]
15:25:57.901 [Test worker] DEBUG org.springframework.test.context.BootstrapUtils - Instantiating CacheAwareContextLoaderDelegate from class [org.springframework.test.context.cache.DefaultCacheAwareContextLoaderDelegate]
15:25:57.907 [Test worker] DEBUG org.springframework.test.context.BootstrapUtils - Instantiating BootstrapContext using constructor [public org.springframework.test.context.support.DefaultBootstrapContext(java.lang.Class,org.springframework.test.context.CacheAwareContextLoaderDelegate)]
15:25:57.918 [Test worker] DEBUG org.springframework.test.context.BootstrapUtils - Instantiating TestContextBootstrapper for test class [com.yeseong.book.springboot.web.ProfileControllerTest] from class [org.springframework.boot.test.context.SpringBootTestContextBootstrapper]
15:25:57.926 [Test worker] INFO org.springframework.boot.test.context.SpringBootTestContextBootstrapper - Neither @ContextConfiguration nor @ContextHierarchy found for test class [com.yeseong.book.springboot.web.ProfileControllerTest], using SpringBootContextLoader
15:25:57.928 [Test worker] DEBUG org.springframework.test.context.support.AbstractContextLoader - Did not detect default resource location for test class [com.yeseong.book.springboot.web.ProfileControllerTest]: class path resource [com/yeseong/book/springboot/web/ProfileControllerTest-context.xml] does not exist
15:25:57.928 [Test worker] DEBUG org.springframework.test.context.support.AbstractContextLoader - Did not detect default resource location for test class [com.yeseong.book.springboot.web.ProfileControllerTest]: class path resource [com/yeseong/book/springboot/web/ProfileControllerTestContext.groovy] does not exist
15:25:57.928 [Test worker] INFO org.springframework.test.context.support.AbstractContextLoader - Could not detect default resource locations for test class [com.yeseong.book.springboot.web.ProfileControllerTest]: no resource found for suffixes {-context.xml, Context.groovy}.
15:25:57.928 [Test worker] INFO org.springframework.test.context.support.AnnotationConfigContextLoaderUtils - Could not detect default configuration classes for test class [com.yeseong.book.springboot.web.ProfileControllerTest]: ProfileControllerTest does not declare any static, non-private, non-final, nested classes annotated with @Configuration.
15:25:57.953 [Test worker] DEBUG org.springframework.test.context.support.ActiveProfilesUtils - Could not find an 'annotation declaring class' for annotation type [org.springframework.test.context.ActiveProfiles] and class [com.yeseong.book.springboot.web.ProfileControllerTest]
15:25:58.015 [Test worker] DEBUG org.springframework.context.annotation.ClassPathScanningCandidateComponentProvider - Identified candidate component class: file [C:\Yeseong31\Study\SpringBoot2\springboot-webservice\build\classes\java\main\com\yeseong\book\springboot\Application.class]
15:25:58.016 [Test worker] INFO org.springframework.boot.test.context.SpringBootTestContextBootstrapper - Found @SpringBootConfiguration com.yeseong.book.springboot.Application for test class com.yeseong.book.springboot.web.ProfileControllerTest
15:25:58.082 [Test worker] DEBUG org.springframework.boot.test.context.SpringBootTestContextBootstrapper - @TestExecutionListeners is not present for class [com.yeseong.book.springboot.web.ProfileControllerTest]: using defaults.
15:25:58.083 [Test worker] INFO org.springframework.boot.test.context.SpringBootTestContextBootstrapper - Loaded default TestExecutionListener class names from location [META-INF/spring.factories]: [org.springframework.security.test.context.support.WithSecurityContextTestExecutionListener, org.springframework.security.test.context.support.ReactorContextTestExecutionListener, org.springframework.test.context.web.ServletTestExecutionListener, org.springframework.test.context.support.DirtiesContextBeforeModesTestExecutionListener, org.springframework.test.context.support.DependencyInjectionTestExecutionListener, org.springframework.test.context.support.DirtiesContextTestExecutionListener, org.springframework.test.context.transaction.TransactionalTestExecutionListener, org.springframework.test.context.jdbc.SqlScriptsTestExecutionListener, org.springframework.boot.test.autoconfigure.restdocs.RestDocsTestExecutionListener, org.springframework.boot.test.autoconfigure.web.client.MockRestServiceServerResetTestExecutionListener, org.springframework.boot.test.autoconfigure.web.servlet.MockMvcPrintOnlyOnFailureTestExecutionListener, org.springframework.boot.test.autoconfigure.web.servlet.WebDriverTestExecutionListener, org.springframework.boot.test.mock.mockito.MockitoTestExecutionListener, org.springframework.boot.test.mock.mockito.ResetMocksTestExecutionListener]
15:25:58.096 [Test worker] INFO org.springframework.boot.test.context.SpringBootTestContextBootstrapper - Using TestExecutionListeners: [org.springframework.test.context.web.ServletTestExecutionListener@20fa5a9a, org.springframework.test.context.support.DirtiesContextBeforeModesTestExecutionListener@738a9d78, org.springframework.boot.test.mock.mockito.MockitoTestExecutionListener@657dab72, org.springframework.boot.test.autoconfigure.SpringBootDependencyInjectionTestExecutionListener@308efa77, org.springframework.test.context.support.DirtiesContextTestExecutionListener@42d25876, org.springframework.test.context.transaction.TransactionalTestExecutionListener@65946c09, org.springframework.test.context.jdbc.SqlScriptsTestExecutionListener@6dba7df2, org.springframework.security.test.context.support.WithSecurityContextTestExecutionListener@2aa06f70, org.springframework.security.test.context.support.ReactorContextTestExecutionListener@7a6193ba, org.springframework.boot.test.autoconfigure.restdocs.RestDocsTestExecutionListener@3c535cdb, org.springframework.boot.test.autoconfigure.web.client.MockRestServiceServerResetTestExecutionListener@2b8e34e, org.springframework.boot.test.autoconfigure.web.servlet.MockMvcPrintOnlyOnFailureTestExecutionListener@2b4ac786, org.springframework.boot.test.autoconfigure.web.servlet.WebDriverTestExecutionListener@5d406d16, org.springframework.boot.test.mock.mockito.ResetMocksTestExecutionListener@7b5357e1]
15:25:58.098 [Test worker] DEBUG org.springframework.test.annotation.ProfileValueUtils - Retrieved @ProfileValueSourceConfiguration [null] for test class [com.yeseong.book.springboot.web.ProfileControllerTest]
15:25:58.099 [Test worker] DEBUG org.springframework.test.annotation.ProfileValueUtils - Retrieved ProfileValueSource type [class org.springframework.test.annotation.SystemProfileValueSource] for class [com.yeseong.book.springboot.web.ProfileControllerTest]
15:25:58.100 [Test worker] DEBUG org.springframework.test.annotation.ProfileValueUtils - Retrieved @ProfileValueSourceConfiguration [null] for test class [com.yeseong.book.springboot.web.ProfileControllerTest]
15:25:58.100 [Test worker] DEBUG org.springframework.test.annotation.ProfileValueUtils - Retrieved ProfileValueSource type [class org.springframework.test.annotation.SystemProfileValueSource] for class [com.yeseong.book.springboot.web.ProfileControllerTest]
15:25:58.100 [Test worker] DEBUG org.springframework.test.annotation.ProfileValueUtils - Retrieved @ProfileValueSourceConfiguration [null] for test class [com.yeseong.book.springboot.web.ProfileControllerTest]
15:25:58.100 [Test worker] DEBUG org.springframework.test.annotation.ProfileValueUtils - Retrieved ProfileValueSource type [class org.springframework.test.annotation.SystemProfileValueSource] for class [com.yeseong.book.springboot.web.ProfileControllerTest]
15:25:58.103 [Test worker] DEBUG org.springframework.test.context.support.AbstractDirtiesContextTestExecutionListener - Before test class: context [DefaultTestContext@42440a68 testClass = ProfileControllerTest, testInstance = [null], testMethod = [null], testException = [null], mergedContextConfiguration = [WebMergedContextConfiguration@2277b9de testClass = ProfileControllerTest, locations = '{}', classes = '{class com.yeseong.book.springboot.Application}', contextInitializerClasses = '[]', activeProfiles = '{}', propertySourceLocations = '{}', propertySourceProperties = '{org.springframework.boot.test.context.SpringBootTestContextBootstrapper=true, server.port=0}', contextCustomizers = set[org.springframework.boot.test.autoconfigure.properties.PropertyMappingContextCustomizer@0, org.springframework.boot.test.autoconfigure.web.servlet.WebDriverContextCustomizerFactory$Customizer@9fd4f3a, org.springframework.boot.test.context.filter.ExcludeFilterContextCustomizer@7143c18a, org.springframework.boot.test.json.DuplicateJsonObjectContextCustomizerFactory$DuplicateJsonObjectContextCustomizer@4efe8121, org.springframework.boot.test.mock.mockito.MockitoContextCustomizer@0, org.springframework.boot.test.web.client.TestRestTemplateContextCustomizer@48963bf7], resourceBasePath = 'src/main/webapp', contextLoader = 'org.springframework.boot.test.context.SpringBootContextLoader', parent = [null]], attributes = map['org.springframework.test.context.web.ServletTestExecutionListener.activateListener' -> false]], class annotated with @DirtiesContext [false] with mode [null].
15:25:58.103 [Test worker] DEBUG org.springframework.test.annotation.ProfileValueUtils - Retrieved @ProfileValueSourceConfiguration [null] for test class [com.yeseong.book.springboot.web.ProfileControllerTest]
15:25:58.103 [Test worker] DEBUG org.springframework.test.annotation.ProfileValueUtils - Retrieved ProfileValueSource type [class org.springframework.test.annotation.SystemProfileValueSource] for class [com.yeseong.book.springboot.web.ProfileControllerTest]
15:25:58.106 [Test worker] DEBUG org.springframework.test.context.support.DependencyInjectionTestExecutionListener - Performing dependency injection for test context [[DefaultTestContext@42440a68 testClass = ProfileControllerTest, testInstance = com.yeseong.book.springboot.web.ProfileControllerTest@34a4da, testMethod = [null], testException = [null], mergedContextConfiguration = [WebMergedContextConfiguration@2277b9de testClass = ProfileControllerTest, locations = '{}', classes = '{class com.yeseong.book.springboot.Application}', contextInitializerClasses = '[]', activeProfiles = '{}', propertySourceLocations = '{}', propertySourceProperties = '{org.springframework.boot.test.context.SpringBootTestContextBootstrapper=true, server.port=0}', contextCustomizers = set[org.springframework.boot.test.autoconfigure.properties.PropertyMappingContextCustomizer@0, org.springframework.boot.test.autoconfigure.web.servlet.WebDriverContextCustomizerFactory$Customizer@9fd4f3a, org.springframework.boot.test.context.filter.ExcludeFilterContextCustomizer@7143c18a, org.springframework.boot.test.json.DuplicateJsonObjectContextCustomizerFactory$DuplicateJsonObjectContextCustomizer@4efe8121, org.springframework.boot.test.mock.mockito.MockitoContextCustomizer@0, org.springframework.boot.test.web.client.TestRestTemplateContextCustomizer@48963bf7], resourceBasePath = 'src/main/webapp', contextLoader = 'org.springframework.boot.test.context.SpringBootContextLoader', parent = [null]], attributes = map['org.springframework.test.context.web.ServletTestExecutionListener.activateListener' -> false]]].
15:25:58.118 [Test worker] DEBUG org.springframework.test.context.support.TestPropertySourceUtils - Adding inlined properties to environment: {spring.jmx.enabled=false, org.springframework.boot.test.context.SpringBootTestContextBootstrapper=true, server.port=0}

  .   ____          _            __ _ _
 /\\ / ___'_ __ _ _(_)_ __  __ _ \ \ \ \
( ( )\___ | '_ | '_| | '_ \/ _` | \ \ \ \
 \\/  ___)| |_)| | | | | || (_| |  ) ) ) )
  '  |____| .__|_| |_|_| |_\__, | / / / /
 =========|_|==============|___/=/_/_/_/
 :: Spring Boot ::        (v2.1.7.RELEASE)

2021-08-12 15:25:58.264  INFO 8324 --- [    Test worker] c.y.b.s.web.ProfileControllerTest        : Starting ProfileControllerTest on dpdjv with PID 8324 (started by dpdjv in C:\Yeseong31\Study\SpringBoot2\springboot-webservice)
2021-08-12 15:25:58.264  INFO 8324 --- [    Test worker] c.y.b.s.web.ProfileControllerTest        : No active profile set, falling back to default profiles: default
2021-08-12 15:25:58.722  INFO 8324 --- [    Test worker] .s.d.r.c.RepositoryConfigurationDelegate : Bootstrapping Spring Data repositories in DEFAULT mode.
2021-08-12 15:25:58.775  INFO 8324 --- [    Test worker] .s.d.r.c.RepositoryConfigurationDelegate : Finished Spring Data repository scanning in 46ms. Found 2 repository interfaces.
2021-08-12 15:25:59.072  INFO 8324 --- [    Test worker] trationDelegate$BeanPostProcessorChecker : Bean 'org.springframework.transaction.annotation.ProxyTransactionManagementConfiguration' of type [org.springframework.transaction.annotation.ProxyTransactionManagementConfiguration$$EnhancerBySpringCGLIB$$a9cedbe4] is not eligible for getting processed by all BeanPostProcessors (for example: not eligible for auto-proxying)
2021-08-12 15:25:59.326  INFO 8324 --- [    Test worker] o.s.b.w.embedded.tomcat.TomcatWebServer  : Tomcat initialized with port(s): 0 (http)
2021-08-12 15:25:59.342  INFO 8324 --- [    Test worker] o.apache.catalina.core.StandardService   : Starting service [Tomcat]
2021-08-12 15:25:59.342  INFO 8324 --- [    Test worker] org.apache.catalina.core.StandardEngine  : Starting Servlet engine: [Apache Tomcat/9.0.22]
2021-08-12 15:25:59.421  INFO 8324 --- [    Test worker] o.a.c.c.C.[Tomcat].[localhost].[/]       : Initializing Spring embedded WebApplicationContext
2021-08-12 15:25:59.422  INFO 8324 --- [    Test worker] o.s.web.context.ContextLoader            : Root WebApplicationContext: initialization completed in 1147 ms
2021-08-12 15:25:59.610  INFO 8324 --- [    Test worker] com.zaxxer.hikari.HikariDataSource       : HikariPool-1 - Starting...
2021-08-12 15:25:59.733  INFO 8324 --- [    Test worker] com.zaxxer.hikari.HikariDataSource       : HikariPool-1 - Start completed.
2021-08-12 15:25:59.806  INFO 8324 --- [    Test worker] o.hibernate.jpa.internal.util.LogHelper  : HHH000204: Processing PersistenceUnitInfo [
	name: default
	...]
2021-08-12 15:25:59.865  INFO 8324 --- [    Test worker] org.hibernate.Version                    : HHH000412: Hibernate Core {5.3.10.Final}
2021-08-12 15:25:59.866  INFO 8324 --- [    Test worker] org.hibernate.cfg.Environment            : HHH000206: hibernate.properties not found
2021-08-12 15:25:59.979  INFO 8324 --- [    Test worker] o.hibernate.annotations.common.Version   : HCANN000001: Hibernate Commons Annotations {5.0.4.Final}
2021-08-12 15:26:00.090  INFO 8324 --- [    Test worker] org.hibernate.dialect.Dialect            : HHH000400: Using dialect: org.hibernate.dialect.MySQL5InnoDBDialect
Hibernate: drop table if exists posts
Hibernate: drop table if exists user
Hibernate: create table posts (id bigint not null auto_increment, created_date datetime, modified_date datetime, author varchar(255), content TEXT not null, title varchar(500) not null, primary key (id)) engine=InnoDB
Hibernate: create table user (id bigint not null auto_increment, created_date datetime, modified_date datetime, email varchar(255) not null, name varchar(255) not null, picture varchar(255), role varchar(255) not null, primary key (id)) engine=InnoDB
2021-08-12 15:26:00.585  INFO 8324 --- [    Test worker] o.h.t.schema.internal.SchemaCreatorImpl  : HHH000476: Executing import script 'org.hibernate.tool.schema.internal.exec.ScriptSourceInputNonExistentImpl@8c14f77'
2021-08-12 15:26:00.587  INFO 8324 --- [    Test worker] j.LocalContainerEntityManagerFactoryBean : Initialized JPA EntityManagerFactory for persistence unit 'default'
2021-08-12 15:26:01.134  INFO 8324 --- [    Test worker] o.h.h.i.QueryTranslatorFactoryInitiator  : HHH000397: Using ASTQueryTranslatorFactory
2021-08-12 15:26:01.432  INFO 8324 --- [    Test worker] o.s.s.web.DefaultSecurityFilterChain     : Creating filter chain: any request, [org.springframework.security.web.context.request.async.WebAsyncManagerIntegrationFilter@1397b56e, org.springframework.security.web.context.SecurityContextPersistenceFilter@4f6d4dc2, org.springframework.security.web.header.HeaderWriterFilter@25c42aba, org.springframework.security.web.authentication.logout.LogoutFilter@ce58c39, org.springframework.security.oauth2.client.web.OAuth2AuthorizationRequestRedirectFilter@76a687c6, org.springframework.security.oauth2.client.web.OAuth2LoginAuthenticationFilter@5c0667a1, org.springframework.security.web.authentication.ui.DefaultLoginPageGeneratingFilter@51b2be46, org.springframework.security.web.authentication.ui.DefaultLogoutPageGeneratingFilter@744607de, org.springframework.security.web.savedrequest.RequestCacheAwareFilter@6fc34f7e, org.springframework.security.web.servletapi.SecurityContextHolderAwareRequestFilter@5fac4742, org.springframework.security.web.authentication.AnonymousAuthenticationFilter@178ae132, org.springframework.security.web.session.SessionManagementFilter@6eec6dc6, org.springframework.security.web.access.ExceptionTranslationFilter@4278f376, org.springframework.security.web.access.intercept.FilterSecurityInterceptor@3ed9c2f4]
2021-08-12 15:26:01.697  INFO 8324 --- [    Test worker] o.s.s.concurrent.ThreadPoolTaskExecutor  : Initializing ExecutorService 'applicationTaskExecutor'
2021-08-12 15:26:01.739  WARN 8324 --- [    Test worker] aWebConfiguration$JpaWebMvcConfiguration : spring.jpa.open-in-view is enabled by default. Therefore, database queries may be performed during view rendering. Explicitly configure spring.jpa.open-in-view to disable this warning
2021-08-12 15:26:01.783  INFO 8324 --- [    Test worker] o.s.b.a.w.s.WelcomePageHandlerMapping    : Adding welcome page template: index
2021-08-12 15:26:02.080  INFO 8324 --- [    Test worker] s.a.ScheduledAnnotationBeanPostProcessor : No TaskScheduler/ScheduledExecutorService bean found for scheduled processing
2021-08-12 15:26:02.098  INFO 8324 --- [    Test worker] o.s.b.w.embedded.tomcat.TomcatWebServer  : Tomcat started on port(s): 9031 (http) with context path ''
2021-08-12 15:26:02.099  INFO 8324 --- [    Test worker] c.y.b.s.web.ProfileControllerTest        : Started ProfileControllerTest in 3.98 seconds (JVM running for 4.629)
2021-08-12 15:26:02.240  INFO 8324 --- [o-auto-1-exec-1] o.a.c.c.C.[Tomcat].[localhost].[/]       : Initializing Spring DispatcherServlet 'dispatcherServlet'
2021-08-12 15:26:02.241  INFO 8324 --- [o-auto-1-exec-1] o.s.web.servlet.DispatcherServlet        : Initializing Servlet 'dispatcherServlet'
2021-08-12 15:26:02.256  INFO 8324 --- [o-auto-1-exec-1] o.s.web.servlet.DispatcherServlet        : Completed initialization in 15 ms
]]></system-out>
  <system-err><![CDATA[]]></system-err>
</testsuite>
