<?xml version="1.0" encoding="UTF-8"?>
<testsuite name="com.yeseong.book.springboot.web.BoardApiControllerTest" tests="1" skipped="0" failures="0" errors="0" timestamp="2021-08-14T07:25:57" hostname="dpdjv" time="0.361">
  <properties/>
  <testcase name="Board_등록된다" classname="com.yeseong.book.springboot.web.BoardApiControllerTest" time="0.361"/>
  <system-out><![CDATA[16:25:52.735 [Test worker] DEBUG org.springframework.test.context.junit4.SpringJUnit4ClassRunner - SpringJUnit4ClassRunner constructor called with [class com.yeseong.book.springboot.web.BoardApiControllerTest]
16:25:52.741 [Test worker] DEBUG org.springframework.test.context.BootstrapUtils - Instantiating CacheAwareContextLoaderDelegate from class [org.springframework.test.context.cache.DefaultCacheAwareContextLoaderDelegate]
16:25:52.746 [Test worker] DEBUG org.springframework.test.context.BootstrapUtils - Instantiating BootstrapContext using constructor [public org.springframework.test.context.support.DefaultBootstrapContext(java.lang.Class,org.springframework.test.context.CacheAwareContextLoaderDelegate)]
16:25:52.757 [Test worker] DEBUG org.springframework.test.context.BootstrapUtils - Instantiating TestContextBootstrapper for test class [com.yeseong.book.springboot.web.BoardApiControllerTest] from class [org.springframework.boot.test.context.SpringBootTestContextBootstrapper]
16:25:52.762 [Test worker] INFO org.springframework.boot.test.context.SpringBootTestContextBootstrapper - Neither @ContextConfiguration nor @ContextHierarchy found for test class [com.yeseong.book.springboot.web.BoardApiControllerTest], using SpringBootContextLoader
16:25:52.764 [Test worker] DEBUG org.springframework.test.context.support.AbstractContextLoader - Did not detect default resource location for test class [com.yeseong.book.springboot.web.BoardApiControllerTest]: class path resource [com/yeseong/book/springboot/web/BoardApiControllerTest-context.xml] does not exist
16:25:52.765 [Test worker] DEBUG org.springframework.test.context.support.AbstractContextLoader - Did not detect default resource location for test class [com.yeseong.book.springboot.web.BoardApiControllerTest]: class path resource [com/yeseong/book/springboot/web/BoardApiControllerTestContext.groovy] does not exist
16:25:52.765 [Test worker] INFO org.springframework.test.context.support.AbstractContextLoader - Could not detect default resource locations for test class [com.yeseong.book.springboot.web.BoardApiControllerTest]: no resource found for suffixes {-context.xml, Context.groovy}.
16:25:52.765 [Test worker] INFO org.springframework.test.context.support.AnnotationConfigContextLoaderUtils - Could not detect default configuration classes for test class [com.yeseong.book.springboot.web.BoardApiControllerTest]: BoardApiControllerTest does not declare any static, non-private, non-final, nested classes annotated with @Configuration.
16:25:52.789 [Test worker] DEBUG org.springframework.test.context.support.ActiveProfilesUtils - Could not find an 'annotation declaring class' for annotation type [org.springframework.test.context.ActiveProfiles] and class [com.yeseong.book.springboot.web.BoardApiControllerTest]
16:25:52.850 [Test worker] DEBUG org.springframework.context.annotation.ClassPathScanningCandidateComponentProvider - Identified candidate component class: file [C:\Yeseong31\Study\SpringBoot2\springboot-webservice\build\classes\java\main\com\yeseong\book\springboot\Application.class]
16:25:52.850 [Test worker] INFO org.springframework.boot.test.context.SpringBootTestContextBootstrapper - Found @SpringBootConfiguration com.yeseong.book.springboot.Application for test class com.yeseong.book.springboot.web.BoardApiControllerTest
16:25:52.917 [Test worker] DEBUG org.springframework.boot.test.context.SpringBootTestContextBootstrapper - @TestExecutionListeners is not present for class [com.yeseong.book.springboot.web.BoardApiControllerTest]: using defaults.
16:25:52.917 [Test worker] INFO org.springframework.boot.test.context.SpringBootTestContextBootstrapper - Loaded default TestExecutionListener class names from location [META-INF/spring.factories]: [org.springframework.security.test.context.support.WithSecurityContextTestExecutionListener, org.springframework.security.test.context.support.ReactorContextTestExecutionListener, org.springframework.test.context.web.ServletTestExecutionListener, org.springframework.test.context.support.DirtiesContextBeforeModesTestExecutionListener, org.springframework.test.context.support.DependencyInjectionTestExecutionListener, org.springframework.test.context.support.DirtiesContextTestExecutionListener, org.springframework.test.context.transaction.TransactionalTestExecutionListener, org.springframework.test.context.jdbc.SqlScriptsTestExecutionListener, org.springframework.boot.test.autoconfigure.restdocs.RestDocsTestExecutionListener, org.springframework.boot.test.autoconfigure.web.client.MockRestServiceServerResetTestExecutionListener, org.springframework.boot.test.autoconfigure.web.servlet.MockMvcPrintOnlyOnFailureTestExecutionListener, org.springframework.boot.test.autoconfigure.web.servlet.WebDriverTestExecutionListener, org.springframework.boot.test.mock.mockito.MockitoTestExecutionListener, org.springframework.boot.test.mock.mockito.ResetMocksTestExecutionListener]
16:25:52.930 [Test worker] INFO org.springframework.boot.test.context.SpringBootTestContextBootstrapper - Using TestExecutionListeners: [org.springframework.test.context.web.ServletTestExecutionListener@5d9577aa, org.springframework.test.context.support.DirtiesContextBeforeModesTestExecutionListener@1a10c1bf, org.springframework.boot.test.mock.mockito.MockitoTestExecutionListener@746519c2, org.springframework.boot.test.autoconfigure.SpringBootDependencyInjectionTestExecutionListener@eb8c813, org.springframework.test.context.support.DirtiesContextTestExecutionListener@78e6d649, org.springframework.test.context.transaction.TransactionalTestExecutionListener@6467edd3, org.springframework.test.context.jdbc.SqlScriptsTestExecutionListener@38904394, org.springframework.security.test.context.support.WithSecurityContextTestExecutionListener@7020ecc5, org.springframework.security.test.context.support.ReactorContextTestExecutionListener@3eba2816, org.springframework.boot.test.autoconfigure.restdocs.RestDocsTestExecutionListener@65e84367, org.springframework.boot.test.autoconfigure.web.client.MockRestServiceServerResetTestExecutionListener@5fde30ad, org.springframework.boot.test.autoconfigure.web.servlet.MockMvcPrintOnlyOnFailureTestExecutionListener@28efb957, org.springframework.boot.test.autoconfigure.web.servlet.WebDriverTestExecutionListener@477adec4, org.springframework.boot.test.mock.mockito.ResetMocksTestExecutionListener@602e5e37]
16:25:52.932 [Test worker] DEBUG org.springframework.test.annotation.ProfileValueUtils - Retrieved @ProfileValueSourceConfiguration [null] for test class [com.yeseong.book.springboot.web.BoardApiControllerTest]
16:25:52.932 [Test worker] DEBUG org.springframework.test.annotation.ProfileValueUtils - Retrieved ProfileValueSource type [class org.springframework.test.annotation.SystemProfileValueSource] for class [com.yeseong.book.springboot.web.BoardApiControllerTest]
16:25:52.933 [Test worker] DEBUG org.springframework.test.annotation.ProfileValueUtils - Retrieved @ProfileValueSourceConfiguration [null] for test class [com.yeseong.book.springboot.web.BoardApiControllerTest]
16:25:52.933 [Test worker] DEBUG org.springframework.test.annotation.ProfileValueUtils - Retrieved ProfileValueSource type [class org.springframework.test.annotation.SystemProfileValueSource] for class [com.yeseong.book.springboot.web.BoardApiControllerTest]
16:25:52.935 [Test worker] DEBUG org.springframework.test.context.support.AbstractDirtiesContextTestExecutionListener - Before test class: context [DefaultTestContext@2ebe63dc testClass = BoardApiControllerTest, testInstance = [null], testMethod = [null], testException = [null], mergedContextConfiguration = [WebMergedContextConfiguration@193e4011 testClass = BoardApiControllerTest, locations = '{}', classes = '{class com.yeseong.book.springboot.Application}', contextInitializerClasses = '[]', activeProfiles = '{}', propertySourceLocations = '{}', propertySourceProperties = '{org.springframework.boot.test.context.SpringBootTestContextBootstrapper=true, server.port=0}', contextCustomizers = set[org.springframework.boot.test.autoconfigure.properties.PropertyMappingContextCustomizer@0, org.springframework.boot.test.autoconfigure.web.servlet.WebDriverContextCustomizerFactory$Customizer@523c7939, org.springframework.boot.test.context.filter.ExcludeFilterContextCustomizer@1ba43a88, org.springframework.boot.test.json.DuplicateJsonObjectContextCustomizerFactory$DuplicateJsonObjectContextCustomizer@6057ba91, org.springframework.boot.test.mock.mockito.MockitoContextCustomizer@0, org.springframework.boot.test.web.client.TestRestTemplateContextCustomizer@3aea6d49], resourceBasePath = 'src/main/webapp', contextLoader = 'org.springframework.boot.test.context.SpringBootContextLoader', parent = [null]], attributes = map['org.springframework.test.context.web.ServletTestExecutionListener.activateListener' -> false]], class annotated with @DirtiesContext [false] with mode [null].
16:25:52.936 [Test worker] DEBUG org.springframework.test.annotation.ProfileValueUtils - Retrieved @ProfileValueSourceConfiguration [null] for test class [com.yeseong.book.springboot.web.BoardApiControllerTest]
16:25:52.936 [Test worker] DEBUG org.springframework.test.annotation.ProfileValueUtils - Retrieved ProfileValueSource type [class org.springframework.test.annotation.SystemProfileValueSource] for class [com.yeseong.book.springboot.web.BoardApiControllerTest]
16:25:52.938 [Test worker] DEBUG org.springframework.test.context.support.DependencyInjectionTestExecutionListener - Performing dependency injection for test context [[DefaultTestContext@2ebe63dc testClass = BoardApiControllerTest, testInstance = com.yeseong.book.springboot.web.BoardApiControllerTest@72f0977d, testMethod = [null], testException = [null], mergedContextConfiguration = [WebMergedContextConfiguration@193e4011 testClass = BoardApiControllerTest, locations = '{}', classes = '{class com.yeseong.book.springboot.Application}', contextInitializerClasses = '[]', activeProfiles = '{}', propertySourceLocations = '{}', propertySourceProperties = '{org.springframework.boot.test.context.SpringBootTestContextBootstrapper=true, server.port=0}', contextCustomizers = set[org.springframework.boot.test.autoconfigure.properties.PropertyMappingContextCustomizer@0, org.springframework.boot.test.autoconfigure.web.servlet.WebDriverContextCustomizerFactory$Customizer@523c7939, org.springframework.boot.test.context.filter.ExcludeFilterContextCustomizer@1ba43a88, org.springframework.boot.test.json.DuplicateJsonObjectContextCustomizerFactory$DuplicateJsonObjectContextCustomizer@6057ba91, org.springframework.boot.test.mock.mockito.MockitoContextCustomizer@0, org.springframework.boot.test.web.client.TestRestTemplateContextCustomizer@3aea6d49], resourceBasePath = 'src/main/webapp', contextLoader = 'org.springframework.boot.test.context.SpringBootContextLoader', parent = [null]], attributes = map['org.springframework.test.context.web.ServletTestExecutionListener.activateListener' -> false]]].
16:25:52.951 [Test worker] DEBUG org.springframework.test.context.support.TestPropertySourceUtils - Adding inlined properties to environment: {spring.jmx.enabled=false, org.springframework.boot.test.context.SpringBootTestContextBootstrapper=true, server.port=0}

  .   ____          _            __ _ _
 /\\ / ___'_ __ _ _(_)_ __  __ _ \ \ \ \
( ( )\___ | '_ | '_| | '_ \/ _` | \ \ \ \
 \\/  ___)| |_)| | | | | || (_| |  ) ) ) )
  '  |____| .__|_| |_|_| |_\__, | / / / /
 =========|_|==============|___/=/_/_/_/
 :: Spring Boot ::        (v2.1.7.RELEASE)

2021-08-14 16:25:53.095  INFO 5840 --- [    Test worker] c.y.b.s.web.BoardApiControllerTest       : Starting BoardApiControllerTest on dpdjv with PID 5840 (started by dpdjv in C:\Yeseong31\Study\SpringBoot2\springboot-webservice)
2021-08-14 16:25:53.096  INFO 5840 --- [    Test worker] c.y.b.s.web.BoardApiControllerTest       : No active profile set, falling back to default profiles: default
2021-08-14 16:25:53.571  INFO 5840 --- [    Test worker] .s.d.r.c.RepositoryConfigurationDelegate : Bootstrapping Spring Data repositories in DEFAULT mode.
2021-08-14 16:25:53.630  INFO 5840 --- [    Test worker] .s.d.r.c.RepositoryConfigurationDelegate : Finished Spring Data repository scanning in 54ms. Found 3 repository interfaces.
2021-08-14 16:25:53.925  INFO 5840 --- [    Test worker] trationDelegate$BeanPostProcessorChecker : Bean 'org.springframework.transaction.annotation.ProxyTransactionManagementConfiguration' of type [org.springframework.transaction.annotation.ProxyTransactionManagementConfiguration$$EnhancerBySpringCGLIB$$d4682f62] is not eligible for getting processed by all BeanPostProcessors (for example: not eligible for auto-proxying)
2021-08-14 16:25:54.180  INFO 5840 --- [    Test worker] o.s.b.w.embedded.tomcat.TomcatWebServer  : Tomcat initialized with port(s): 0 (http)
2021-08-14 16:25:54.197  INFO 5840 --- [    Test worker] o.apache.catalina.core.StandardService   : Starting service [Tomcat]
2021-08-14 16:25:54.197  INFO 5840 --- [    Test worker] org.apache.catalina.core.StandardEngine  : Starting Servlet engine: [Apache Tomcat/9.0.22]
2021-08-14 16:25:54.278  INFO 5840 --- [    Test worker] o.a.c.c.C.[Tomcat].[localhost].[/]       : Initializing Spring embedded WebApplicationContext
2021-08-14 16:25:54.278  INFO 5840 --- [    Test worker] o.s.web.context.ContextLoader            : Root WebApplicationContext: initialization completed in 1171 ms
2021-08-14 16:25:54.457  INFO 5840 --- [    Test worker] com.zaxxer.hikari.HikariDataSource       : HikariPool-1 - Starting...
2021-08-14 16:25:54.577  INFO 5840 --- [    Test worker] com.zaxxer.hikari.HikariDataSource       : HikariPool-1 - Start completed.
2021-08-14 16:25:54.656  INFO 5840 --- [    Test worker] o.hibernate.jpa.internal.util.LogHelper  : HHH000204: Processing PersistenceUnitInfo [
	name: default
	...]
2021-08-14 16:25:54.713  INFO 5840 --- [    Test worker] org.hibernate.Version                    : HHH000412: Hibernate Core {5.3.10.Final}
2021-08-14 16:25:54.715  INFO 5840 --- [    Test worker] org.hibernate.cfg.Environment            : HHH000206: hibernate.properties not found
2021-08-14 16:25:54.829  INFO 5840 --- [    Test worker] o.hibernate.annotations.common.Version   : HCANN000001: Hibernate Commons Annotations {5.0.4.Final}
2021-08-14 16:25:54.939  INFO 5840 --- [    Test worker] org.hibernate.dialect.Dialect            : HHH000400: Using dialect: org.hibernate.dialect.MySQL5InnoDBDialect
Hibernate: drop table if exists board
Hibernate: drop table if exists posts
Hibernate: drop table if exists user
Hibernate: create table board (id bigint not null auto_increment, created_date datetime, modified_date datetime, building_year integer not null, ccd varchar(100), complex_name varchar(100), contract_day integer not null, contract_year_month integer not null, dedicated_area double precision not null, floor integer not null, house_num varchar(26), main_num varchar(26), road_name varchar(100), rrod integer, secondary_num varchar(26), transaction_amount integer not null, primary key (id)) engine=InnoDB
Hibernate: create table posts (id bigint not null auto_increment, created_date datetime, modified_date datetime, author varchar(255), content TEXT not null, title varchar(500) not null, primary key (id)) engine=InnoDB
Hibernate: create table user (id bigint not null auto_increment, created_date datetime, modified_date datetime, email varchar(255) not null, name varchar(255) not null, picture varchar(255), role varchar(255) not null, primary key (id)) engine=InnoDB
2021-08-14 16:25:55.450  INFO 5840 --- [    Test worker] o.h.t.schema.internal.SchemaCreatorImpl  : HHH000476: Executing import script 'org.hibernate.tool.schema.internal.exec.ScriptSourceInputNonExistentImpl@14b0e29e'
2021-08-14 16:25:55.453  INFO 5840 --- [    Test worker] j.LocalContainerEntityManagerFactoryBean : Initialized JPA EntityManagerFactory for persistence unit 'default'
2021-08-14 16:25:56.039  INFO 5840 --- [    Test worker] o.h.h.i.QueryTranslatorFactoryInitiator  : HHH000397: Using ASTQueryTranslatorFactory
2021-08-14 16:25:56.383  INFO 5840 --- [    Test worker] o.s.s.web.DefaultSecurityFilterChain     : Creating filter chain: any request, [org.springframework.security.web.context.request.async.WebAsyncManagerIntegrationFilter@2158d807, org.springframework.security.web.context.SecurityContextPersistenceFilter@386dabc0, org.springframework.security.web.header.HeaderWriterFilter@7fde498f, org.springframework.security.web.authentication.logout.LogoutFilter@18f0f061, org.springframework.security.oauth2.client.web.OAuth2AuthorizationRequestRedirectFilter@6c94ca6d, org.springframework.security.oauth2.client.web.OAuth2LoginAuthenticationFilter@568a06d8, org.springframework.security.web.authentication.ui.DefaultLoginPageGeneratingFilter@1c9db1ae, org.springframework.security.web.authentication.ui.DefaultLogoutPageGeneratingFilter@127730bf, org.springframework.security.web.savedrequest.RequestCacheAwareFilter@555bcad2, org.springframework.security.web.servletapi.SecurityContextHolderAwareRequestFilter@60663026, org.springframework.security.web.authentication.AnonymousAuthenticationFilter@51c0cf07, org.springframework.security.web.session.SessionManagementFilter@48b8e17a, org.springframework.security.web.access.ExceptionTranslationFilter@352079a3, org.springframework.security.web.access.intercept.FilterSecurityInterceptor@126ea2d4]
2021-08-14 16:25:56.645  INFO 5840 --- [    Test worker] o.s.s.concurrent.ThreadPoolTaskExecutor  : Initializing ExecutorService 'applicationTaskExecutor'
2021-08-14 16:25:56.686  WARN 5840 --- [    Test worker] aWebConfiguration$JpaWebMvcConfiguration : spring.jpa.open-in-view is enabled by default. Therefore, database queries may be performed during view rendering. Explicitly configure spring.jpa.open-in-view to disable this warning
2021-08-14 16:25:56.728  INFO 5840 --- [    Test worker] o.s.b.a.w.s.WelcomePageHandlerMapping    : Adding welcome page template: index
2021-08-14 16:25:57.023  INFO 5840 --- [    Test worker] s.a.ScheduledAnnotationBeanPostProcessor : No TaskScheduler/ScheduledExecutorService bean found for scheduled processing
2021-08-14 16:25:57.047  INFO 5840 --- [    Test worker] o.s.b.w.embedded.tomcat.TomcatWebServer  : Tomcat started on port(s): 5129 (http) with context path ''
2021-08-14 16:25:57.049  INFO 5840 --- [    Test worker] c.y.b.s.web.BoardApiControllerTest       : Started BoardApiControllerTest in 4.097 seconds (JVM running for 4.743)
2021-08-14 16:25:57.128  INFO 5840 --- [    Test worker] o.a.c.c.C.[Tomcat].[localhost].[/]       : Initializing Spring TestDispatcherServlet ''
2021-08-14 16:25:57.128  INFO 5840 --- [    Test worker] o.s.t.web.servlet.TestDispatcherServlet  : Initializing Servlet ''
2021-08-14 16:25:57.140  INFO 5840 --- [    Test worker] o.s.t.web.servlet.TestDispatcherServlet  : Completed initialization in 12 ms
Hibernate: insert into board (created_date, modified_date, building_year, ccd, complex_name, contract_day, contract_year_month, dedicated_area, floor, house_num, main_num, road_name, rrod, secondary_num, transaction_amount) values (?, ?, ?, ?, ?, ?, ?, ?, ?, ?, ?, ?, ?, ?, ?)
Hibernate: select board0_.id as id1_0_, board0_.created_date as created_2_0_, board0_.modified_date as modified3_0_, board0_.building_year as building4_0_, board0_.ccd as ccd5_0_, board0_.complex_name as complex_6_0_, board0_.contract_day as contract7_0_, board0_.contract_year_month as contract8_0_, board0_.dedicated_area as dedicate9_0_, board0_.floor as floor10_0_, board0_.house_num as house_n11_0_, board0_.main_num as main_nu12_0_, board0_.road_name as road_na13_0_, board0_.rrod as rrod14_0_, board0_.secondary_num as seconda15_0_, board0_.transaction_amount as transac16_0_ from board board0_ order by board0_.id
]]></system-out>
  <system-err><![CDATA[]]></system-err>
</testsuite>
