<?xml version="1.0" encoding="UTF-8"?>
<testsuite name="com.yeseong.book.springboot.web.ProfileControllerTest" tests="1" skipped="0" failures="0" errors="0" timestamp="2021-08-13T07:56:00" hostname="DPDJV" time="0.009">
  <properties/>
  <testcase name="profile은_인증없이_호출된다()" classname="com.yeseong.book.springboot.web.ProfileControllerTest" time="0.009"/>
  <system-out><![CDATA[2021-08-13 16:56:00.439  INFO 10344 --- [    Test worker] .b.t.c.SpringBootTestContextBootstrapper : Neither @ContextConfiguration nor @ContextHierarchy found for test class [com.yeseong.book.springboot.web.ProfileControllerTest], using SpringBootContextLoader
2021-08-13 16:56:00.439  INFO 10344 --- [    Test worker] o.s.t.c.support.AbstractContextLoader    : Could not detect default resource locations for test class [com.yeseong.book.springboot.web.ProfileControllerTest]: no resource found for suffixes {-context.xml, Context.groovy}.
2021-08-13 16:56:00.439  INFO 10344 --- [    Test worker] t.c.s.AnnotationConfigContextLoaderUtils : Could not detect default configuration classes for test class [com.yeseong.book.springboot.web.ProfileControllerTest]: ProfileControllerTest does not declare any static, non-private, non-final, nested classes annotated with @Configuration.
2021-08-13 16:56:00.439  INFO 10344 --- [    Test worker] .b.t.c.SpringBootTestContextBootstrapper : Found @SpringBootConfiguration com.yeseong.book.springboot.Application for test class com.yeseong.book.springboot.web.ProfileControllerTest
2021-08-13 16:56:00.439  INFO 10344 --- [    Test worker] .b.t.c.SpringBootTestContextBootstrapper : Loaded default TestExecutionListener class names from location [META-INF/spring.factories]: [org.springframework.security.test.context.support.WithSecurityContextTestExecutionListener, org.springframework.security.test.context.support.ReactorContextTestExecutionListener, org.springframework.boot.test.autoconfigure.restdocs.RestDocsTestExecutionListener, org.springframework.boot.test.autoconfigure.web.client.MockRestServiceServerResetTestExecutionListener, org.springframework.boot.test.autoconfigure.web.servlet.MockMvcPrintOnlyOnFailureTestExecutionListener, org.springframework.boot.test.autoconfigure.web.servlet.WebDriverTestExecutionListener, org.springframework.boot.test.autoconfigure.webservices.client.MockWebServiceServerTestExecutionListener, org.springframework.boot.test.mock.mockito.MockitoTestExecutionListener, org.springframework.boot.test.mock.mockito.ResetMocksTestExecutionListener, org.springframework.test.context.web.ServletTestExecutionListener, org.springframework.test.context.support.DirtiesContextBeforeModesTestExecutionListener, org.springframework.test.context.support.DependencyInjectionTestExecutionListener, org.springframework.test.context.support.DirtiesContextTestExecutionListener, org.springframework.test.context.transaction.TransactionalTestExecutionListener, org.springframework.test.context.jdbc.SqlScriptsTestExecutionListener, org.springframework.test.context.event.EventPublishingTestExecutionListener]
2021-08-13 16:56:00.439  INFO 10344 --- [    Test worker] .b.t.c.SpringBootTestContextBootstrapper : Using TestExecutionListeners: [org.springframework.test.context.web.ServletTestExecutionListener@518cf6f9, org.springframework.test.context.support.DirtiesContextBeforeModesTestExecutionListener@212f2807, org.springframework.boot.test.mock.mockito.MockitoTestExecutionListener@64f28721, org.springframework.boot.test.autoconfigure.SpringBootDependencyInjectionTestExecutionListener@3f80f82d, org.springframework.test.context.support.DirtiesContextTestExecutionListener@90dfa1a, org.springframework.test.context.transaction.TransactionalTestExecutionListener@513a942c, org.springframework.test.context.jdbc.SqlScriptsTestExecutionListener@2181caa5, org.springframework.security.test.context.support.WithSecurityContextTestExecutionListener@19f80f28, org.springframework.test.context.event.EventPublishingTestExecutionListener@7fc3eb27, org.springframework.security.test.context.support.ReactorContextTestExecutionListener@7a5d8b07, org.springframework.boot.test.autoconfigure.restdocs.RestDocsTestExecutionListener@5526b20b, org.springframework.boot.test.autoconfigure.web.client.MockRestServiceServerResetTestExecutionListener@cfe66c8, org.springframework.boot.test.autoconfigure.web.servlet.MockMvcPrintOnlyOnFailureTestExecutionListener@6c043ea3, org.springframework.boot.test.autoconfigure.web.servlet.WebDriverTestExecutionListener@7a979597, org.springframework.boot.test.autoconfigure.webservices.client.MockWebServiceServerTestExecutionListener@1ac1c624, org.springframework.boot.test.mock.mockito.ResetMocksTestExecutionListener@65763b92]
]]></system-out>
  <system-err><![CDATA[]]></system-err>
</testsuite>
